{"/Users/Emily/mod_4/FE-Trex/src/Components/AddLodgingInfo/AddLodgingInfo.js": {"path":"/Users/Emily/mod_4/FE-Trex/src/Components/AddLodgingInfo/AddLodgingInfo.js","statementMap":{"0":{"start":{"line":23,"column":4},"end":{"line":23,"column":17}},"1":{"start":{"line":24,"column":4},"end":{"line":34,"column":6}},"2":{"start":{"line":37,"column":22},"end":{"line":47,"column":3}},"3":{"start":{"line":38,"column":4},"end":{"line":46,"column":5}},"4":{"start":{"line":39,"column":55},"end":{"line":39,"column":73}},"5":{"start":{"line":40,"column":6},"end":{"line":45,"column":9}},"6":{"start":{"line":50,"column":4},"end":{"line":52,"column":7}},"7":{"start":{"line":53,"column":4},"end":{"line":53,"column":11}},"8":{"start":{"line":56,"column":23},"end":{"line":71,"column":3}},"9":{"start":{"line":57,"column":53},"end":{"line":57,"column":63}},"10":{"start":{"line":59,"column":4},"end":{"line":70,"column":5}},"11":{"start":{"line":65,"column":6},"end":{"line":65,"column":61}},"12":{"start":{"line":66,"column":6},"end":{"line":66,"column":19}},"13":{"start":{"line":68,"column":6},"end":{"line":68,"column":35}},"14":{"start":{"line":69,"column":6},"end":{"line":69,"column":18}},"15":{"start":{"line":73,"column":15},"end":{"line":86,"column":3}},"16":{"start":{"line":76,"column":4},"end":{"line":85,"column":5}},"17":{"start":{"line":77,"column":34},"end":{"line":77,"column":59}},"18":{"start":{"line":78,"column":6},"end":{"line":81,"column":7}},"19":{"start":{"line":79,"column":8},"end":{"line":79,"column":53}},"20":{"start":{"line":80,"column":8},"end":{"line":80,"column":50}},"21":{"start":{"line":83,"column":6},"end":{"line":83,"column":46}},"22":{"start":{"line":84,"column":6},"end":{"line":84,"column":47}},"23":{"start":{"line":88,"column":21},"end":{"line":104,"column":3}},"24":{"start":{"line":89,"column":60},"end":{"line":89,"column":70}},"25":{"start":{"line":90,"column":25},"end":{"line":96,"column":5}},"26":{"start":{"line":98,"column":4},"end":{"line":103,"column":5}},"27":{"start":{"line":99,"column":25},"end":{"line":99,"column":61}},"28":{"start":{"line":100,"column":6},"end":{"line":100,"column":26}},"29":{"start":{"line":102,"column":6},"end":{"line":102,"column":75}},"30":{"start":{"line":106,"column":16},"end":{"line":123,"column":3}},"31":{"start":{"line":107,"column":71},"end":{"line":107,"column":81}},"32":{"start":{"line":109,"column":28},"end":{"line":116,"column":5}},"33":{"start":{"line":117,"column":4},"end":{"line":122,"column":5}},"34":{"start":{"line":118,"column":24},"end":{"line":118,"column":61}},"35":{"start":{"line":119,"column":6},"end":{"line":119,"column":25}},"36":{"start":{"line":121,"column":6},"end":{"line":121,"column":74}},"37":{"start":{"line":125,"column":18},"end":{"line":132,"column":3}},"38":{"start":{"line":126,"column":4},"end":{"line":131,"column":5}},"39":{"start":{"line":127,"column":27},"end":{"line":127,"column":68}},"40":{"start":{"line":128,"column":6},"end":{"line":128,"column":48}},"41":{"start":{"line":130,"column":6},"end":{"line":130,"column":75}},"42":{"start":{"line":135,"column":25},"end":{"line":135,"column":46}},"43":{"start":{"line":136,"column":4},"end":{"line":253,"column":6}},"44":{"start":{"line":158,"column":38},"end":{"line":158,"column":61}},"45":{"start":{"line":195,"column":16},"end":{"line":195,"column":53}},"46":{"start":{"line":233,"column":16},"end":{"line":233,"column":55}},"47":{"start":{"line":257,"column":15},"end":{"line":353,"column":2}}},"fnMap":{"0":{"name":"(anonymous_0)","decl":{"start":{"line":22,"column":2},"end":{"line":22,"column":3}},"loc":{"start":{"line":22,"column":21},"end":{"line":35,"column":3}},"line":22},"1":{"name":"(anonymous_1)","decl":{"start":{"line":37,"column":22},"end":{"line":37,"column":23}},"loc":{"start":{"line":37,"column":28},"end":{"line":47,"column":3}},"line":37},"2":{"name":"(anonymous_2)","decl":{"start":{"line":49,"column":2},"end":{"line":49,"column":3}},"loc":{"start":{"line":49,"column":25},"end":{"line":54,"column":3}},"line":49},"3":{"name":"(anonymous_3)","decl":{"start":{"line":56,"column":23},"end":{"line":56,"column":24}},"loc":{"start":{"line":56,"column":29},"end":{"line":71,"column":3}},"line":56},"4":{"name":"(anonymous_4)","decl":{"start":{"line":73,"column":15},"end":{"line":73,"column":16}},"loc":{"start":{"line":73,"column":27},"end":{"line":86,"column":3}},"line":73},"5":{"name":"(anonymous_5)","decl":{"start":{"line":88,"column":21},"end":{"line":88,"column":22}},"loc":{"start":{"line":88,"column":33},"end":{"line":104,"column":3}},"line":88},"6":{"name":"(anonymous_6)","decl":{"start":{"line":106,"column":16},"end":{"line":106,"column":17}},"loc":{"start":{"line":106,"column":28},"end":{"line":123,"column":3}},"line":106},"7":{"name":"(anonymous_7)","decl":{"start":{"line":125,"column":18},"end":{"line":125,"column":19}},"loc":{"start":{"line":125,"column":30},"end":{"line":132,"column":3}},"line":125},"8":{"name":"(anonymous_8)","decl":{"start":{"line":134,"column":2},"end":{"line":134,"column":3}},"loc":{"start":{"line":134,"column":11},"end":{"line":254,"column":3}},"line":134},"9":{"name":"(anonymous_9)","decl":{"start":{"line":158,"column":30},"end":{"line":158,"column":31}},"loc":{"start":{"line":158,"column":38},"end":{"line":158,"column":61}},"line":158},"10":{"name":"(anonymous_10)","decl":{"start":{"line":194,"column":28},"end":{"line":194,"column":29}},"loc":{"start":{"line":194,"column":36},"end":{"line":196,"column":15}},"line":194},"11":{"name":"(anonymous_11)","decl":{"start":{"line":232,"column":28},"end":{"line":232,"column":29}},"loc":{"start":{"line":232,"column":36},"end":{"line":234,"column":15}},"line":232}},"branchMap":{"0":{"loc":{"start":{"line":31,"column":17},"end":{"line":31,"column":68}},"type":"binary-expr","locations":[{"start":{"line":31,"column":17},"end":{"line":31,"column":60}},{"start":{"line":31,"column":64},"end":{"line":31,"column":68}}],"line":31},"1":{"loc":{"start":{"line":38,"column":4},"end":{"line":46,"column":5}},"type":"if","locations":[{"start":{"line":38,"column":4},"end":{"line":46,"column":5}},{"start":{"line":38,"column":4},"end":{"line":46,"column":5}}],"line":38},"2":{"loc":{"start":{"line":59,"column":4},"end":{"line":70,"column":5}},"type":"if","locations":[{"start":{"line":59,"column":4},"end":{"line":70,"column":5}},{"start":{"line":59,"column":4},"end":{"line":70,"column":5}}],"line":59},"3":{"loc":{"start":{"line":60,"column":6},"end":{"line":63,"column":26}},"type":"binary-expr","locations":[{"start":{"line":60,"column":6},"end":{"line":60,"column":17}},{"start":{"line":61,"column":6},"end":{"line":61,"column":17}},{"start":{"line":62,"column":6},"end":{"line":62,"column":24}},{"start":{"line":63,"column":6},"end":{"line":63,"column":26}}],"line":60},"4":{"loc":{"start":{"line":76,"column":4},"end":{"line":85,"column":5}},"type":"if","locations":[{"start":{"line":76,"column":4},"end":{"line":85,"column":5}},{"start":{"line":76,"column":4},"end":{"line":85,"column":5}}],"line":76},"5":{"loc":{"start":{"line":78,"column":6},"end":{"line":81,"column":7}},"type":"if","locations":[{"start":{"line":78,"column":6},"end":{"line":81,"column":7}},{"start":{"line":78,"column":6},"end":{"line":81,"column":7}}],"line":78},"6":{"loc":{"start":{"line":142,"column":13},"end":{"line":142,"column":88}},"type":"binary-expr","locations":[{"start":{"line":142,"column":13},"end":{"line":142,"column":40}},{"start":{"line":142,"column":43},"end":{"line":142,"column":88}}],"line":142},"7":{"loc":{"start":{"line":143,"column":13},"end":{"line":143,"column":81}},"type":"binary-expr","locations":[{"start":{"line":143,"column":13},"end":{"line":143,"column":31}},{"start":{"line":143,"column":35},"end":{"line":143,"column":81}}],"line":143},"8":{"loc":{"start":{"line":237,"column":13},"end":{"line":239,"column":13}},"type":"binary-expr","locations":[{"start":{"line":237,"column":13},"end":{"line":237,"column":36}},{"start":{"line":238,"column":14},"end":{"line":238,"column":66}}],"line":237},"9":{"loc":{"start":{"line":246,"column":9},"end":{"line":249,"column":29}},"type":"binary-expr","locations":[{"start":{"line":246,"column":9},"end":{"line":246,"column":50}},{"start":{"line":247,"column":10},"end":{"line":249,"column":29}}],"line":246}},"s":{"0":1,"1":1,"2":1,"3":1,"4":0,"5":0,"6":0,"7":0,"8":1,"9":0,"10":0,"11":0,"12":0,"13":0,"14":0,"15":1,"16":0,"17":0,"18":0,"19":0,"20":0,"21":0,"22":0,"23":1,"24":0,"25":0,"26":0,"27":0,"28":0,"29":0,"30":1,"31":0,"32":0,"33":0,"34":0,"35":0,"36":0,"37":1,"38":0,"39":0,"40":0,"41":0,"42":1,"43":1,"44":0,"45":0,"46":0,"47":1},"f":{"0":1,"1":1,"2":0,"3":0,"4":0,"5":0,"6":0,"7":0,"8":1,"9":0,"10":0,"11":0},"b":{"0":[1,1],"1":[0,1],"2":[0,0],"3":[0,0,0,0],"4":[0,0],"5":[0,0],"6":[1,0],"7":[1,0],"8":[1,1],"9":[1,0]},"_coverageSchema":"43e27e138ebf9cfc5966b082cf9a028302ed4184","hash":"aa9a80e0d00083727705ded7c6b950aaac300135"}
,"/Users/Emily/mod_4/FE-Trex/src/Components/AddTransportInfo/AddTransportInfo.js": {"path":"/Users/Emily/mod_4/FE-Trex/src/Components/AddTransportInfo/AddTransportInfo.js","statementMap":{"0":{"start":{"line":20,"column":4},"end":{"line":20,"column":17}},"1":{"start":{"line":21,"column":4},"end":{"line":32,"column":6}},"2":{"start":{"line":35,"column":22},"end":{"line":46,"column":3}},"3":{"start":{"line":36,"column":4},"end":{"line":45,"column":5}},"4":{"start":{"line":37,"column":77},"end":{"line":37,"column":97}},"5":{"start":{"line":38,"column":6},"end":{"line":44,"column":8}},"6":{"start":{"line":49,"column":4},"end":{"line":51,"column":7}},"7":{"start":{"line":52,"column":4},"end":{"line":52,"column":11}},"8":{"start":{"line":56,"column":4},"end":{"line":58,"column":7}},"9":{"start":{"line":59,"column":4},"end":{"line":59,"column":11}},"10":{"start":{"line":63,"column":25},"end":{"line":85,"column":3}},"11":{"start":{"line":70,"column":8},"end":{"line":70,"column":18}},"12":{"start":{"line":72,"column":4},"end":{"line":84,"column":5}},"13":{"start":{"line":79,"column":6},"end":{"line":79,"column":59}},"14":{"start":{"line":80,"column":6},"end":{"line":80,"column":19}},"15":{"start":{"line":82,"column":6},"end":{"line":82,"column":34}},"16":{"start":{"line":83,"column":6},"end":{"line":83,"column":18}},"17":{"start":{"line":87,"column":15},"end":{"line":102,"column":3}},"18":{"start":{"line":91,"column":4},"end":{"line":101,"column":5}},"19":{"start":{"line":92,"column":34},"end":{"line":92,"column":61}},"20":{"start":{"line":93,"column":6},"end":{"line":97,"column":7}},"21":{"start":{"line":94,"column":8},"end":{"line":94,"column":59}},"22":{"start":{"line":95,"column":8},"end":{"line":95,"column":56}},"23":{"start":{"line":99,"column":6},"end":{"line":99,"column":52}},"24":{"start":{"line":100,"column":6},"end":{"line":100,"column":54}},"25":{"start":{"line":104,"column":28},"end":{"line":122,"column":3}},"26":{"start":{"line":105,"column":81},"end":{"line":105,"column":91}},"27":{"start":{"line":106,"column":27},"end":{"line":113,"column":5}},"28":{"start":{"line":115,"column":4},"end":{"line":121,"column":5}},"29":{"start":{"line":116,"column":31},"end":{"line":116,"column":71}},"30":{"start":{"line":117,"column":6},"end":{"line":117,"column":31}},"31":{"start":{"line":120,"column":6},"end":{"line":120,"column":78}},"32":{"start":{"line":124,"column":23},"end":{"line":144,"column":3}},"33":{"start":{"line":125,"column":95},"end":{"line":125,"column":105}},"34":{"start":{"line":127,"column":30},"end":{"line":135,"column":5}},"35":{"start":{"line":137,"column":4},"end":{"line":143,"column":5}},"36":{"start":{"line":138,"column":30},"end":{"line":138,"column":71}},"37":{"start":{"line":139,"column":6},"end":{"line":139,"column":30}},"38":{"start":{"line":142,"column":6},"end":{"line":142,"column":78}},"39":{"start":{"line":147,"column":25},"end":{"line":154,"column":3}},"40":{"start":{"line":148,"column":4},"end":{"line":153,"column":5}},"41":{"start":{"line":149,"column":29},"end":{"line":149,"column":74}},"42":{"start":{"line":150,"column":6},"end":{"line":150,"column":54}},"43":{"start":{"line":152,"column":6},"end":{"line":152,"column":80}},"44":{"start":{"line":159,"column":25},"end":{"line":159,"column":46}},"45":{"start":{"line":160,"column":4},"end":{"line":276,"column":6}},"46":{"start":{"line":176,"column":36},"end":{"line":176,"column":59}},"47":{"start":{"line":219,"column":16},"end":{"line":219,"column":55}},"48":{"start":{"line":256,"column":16},"end":{"line":256,"column":53}},"49":{"start":{"line":280,"column":15},"end":{"line":373,"column":2}}},"fnMap":{"0":{"name":"(anonymous_0)","decl":{"start":{"line":19,"column":2},"end":{"line":19,"column":3}},"loc":{"start":{"line":19,"column":21},"end":{"line":33,"column":3}},"line":19},"1":{"name":"(anonymous_1)","decl":{"start":{"line":35,"column":22},"end":{"line":35,"column":23}},"loc":{"start":{"line":35,"column":28},"end":{"line":46,"column":3}},"line":35},"2":{"name":"(anonymous_2)","decl":{"start":{"line":48,"column":2},"end":{"line":48,"column":3}},"loc":{"start":{"line":48,"column":25},"end":{"line":53,"column":3}},"line":48},"3":{"name":"(anonymous_3)","decl":{"start":{"line":55,"column":2},"end":{"line":55,"column":3}},"loc":{"start":{"line":55,"column":26},"end":{"line":60,"column":5}},"line":55},"4":{"name":"(anonymous_4)","decl":{"start":{"line":63,"column":25},"end":{"line":63,"column":26}},"loc":{"start":{"line":63,"column":31},"end":{"line":85,"column":3}},"line":63},"5":{"name":"(anonymous_5)","decl":{"start":{"line":87,"column":15},"end":{"line":87,"column":16}},"loc":{"start":{"line":87,"column":27},"end":{"line":102,"column":3}},"line":87},"6":{"name":"(anonymous_6)","decl":{"start":{"line":104,"column":28},"end":{"line":104,"column":29}},"loc":{"start":{"line":104,"column":40},"end":{"line":122,"column":3}},"line":104},"7":{"name":"(anonymous_7)","decl":{"start":{"line":124,"column":23},"end":{"line":124,"column":24}},"loc":{"start":{"line":124,"column":35},"end":{"line":144,"column":3}},"line":124},"8":{"name":"(anonymous_8)","decl":{"start":{"line":147,"column":25},"end":{"line":147,"column":26}},"loc":{"start":{"line":147,"column":37},"end":{"line":154,"column":3}},"line":147},"9":{"name":"(anonymous_9)","decl":{"start":{"line":158,"column":2},"end":{"line":158,"column":3}},"loc":{"start":{"line":158,"column":11},"end":{"line":277,"column":3}},"line":158},"10":{"name":"(anonymous_10)","decl":{"start":{"line":176,"column":28},"end":{"line":176,"column":29}},"loc":{"start":{"line":176,"column":36},"end":{"line":176,"column":59}},"line":176},"11":{"name":"(anonymous_11)","decl":{"start":{"line":218,"column":28},"end":{"line":218,"column":29}},"loc":{"start":{"line":218,"column":36},"end":{"line":220,"column":15}},"line":218},"12":{"name":"(anonymous_12)","decl":{"start":{"line":255,"column":28},"end":{"line":255,"column":29}},"loc":{"start":{"line":255,"column":36},"end":{"line":257,"column":15}},"line":255}},"branchMap":{"0":{"loc":{"start":{"line":29,"column":19},"end":{"line":29,"column":72}},"type":"binary-expr","locations":[{"start":{"line":29,"column":19},"end":{"line":29,"column":64}},{"start":{"line":29,"column":68},"end":{"line":29,"column":72}}],"line":29},"1":{"loc":{"start":{"line":36,"column":4},"end":{"line":45,"column":5}},"type":"if","locations":[{"start":{"line":36,"column":4},"end":{"line":45,"column":5}},{"start":{"line":36,"column":4},"end":{"line":45,"column":5}}],"line":36},"2":{"loc":{"start":{"line":72,"column":4},"end":{"line":84,"column":5}},"type":"if","locations":[{"start":{"line":72,"column":4},"end":{"line":84,"column":5}},{"start":{"line":72,"column":4},"end":{"line":84,"column":5}}],"line":72},"3":{"loc":{"start":{"line":73,"column":6},"end":{"line":77,"column":24}},"type":"binary-expr","locations":[{"start":{"line":73,"column":6},"end":{"line":73,"column":17}},{"start":{"line":74,"column":6},"end":{"line":74,"column":26}},{"start":{"line":75,"column":6},"end":{"line":75,"column":24}},{"start":{"line":76,"column":6},"end":{"line":76,"column":26}},{"start":{"line":77,"column":6},"end":{"line":77,"column":24}}],"line":73},"4":{"loc":{"start":{"line":91,"column":4},"end":{"line":101,"column":5}},"type":"if","locations":[{"start":{"line":91,"column":4},"end":{"line":101,"column":5}},{"start":{"line":91,"column":4},"end":{"line":101,"column":5}}],"line":91},"5":{"loc":{"start":{"line":93,"column":6},"end":{"line":97,"column":7}},"type":"if","locations":[{"start":{"line":93,"column":6},"end":{"line":97,"column":7}},{"start":{"line":93,"column":6},"end":{"line":97,"column":7}}],"line":93},"6":{"loc":{"start":{"line":173,"column":14},"end":{"line":173,"column":58}},"type":"binary-expr","locations":[{"start":{"line":173,"column":14},"end":{"line":173,"column":29}},{"start":{"line":173,"column":33},"end":{"line":173,"column":58}}],"line":173},"7":{"loc":{"start":{"line":260,"column":13},"end":{"line":261,"column":66}},"type":"binary-expr","locations":[{"start":{"line":260,"column":13},"end":{"line":260,"column":36}},{"start":{"line":261,"column":14},"end":{"line":261,"column":66}}],"line":260},"8":{"loc":{"start":{"line":268,"column":13},"end":{"line":271,"column":29}},"type":"binary-expr","locations":[{"start":{"line":268,"column":13},"end":{"line":268,"column":56}},{"start":{"line":269,"column":10},"end":{"line":271,"column":29}}],"line":268}},"s":{"0":1,"1":1,"2":1,"3":1,"4":0,"5":0,"6":0,"7":0,"8":0,"9":0,"10":1,"11":0,"12":0,"13":0,"14":0,"15":0,"16":0,"17":1,"18":0,"19":0,"20":0,"21":0,"22":0,"23":0,"24":0,"25":1,"26":0,"27":0,"28":0,"29":0,"30":0,"31":0,"32":1,"33":0,"34":0,"35":0,"36":0,"37":0,"38":0,"39":1,"40":0,"41":0,"42":0,"43":0,"44":1,"45":1,"46":0,"47":0,"48":0,"49":1},"f":{"0":1,"1":1,"2":0,"3":0,"4":0,"5":0,"6":0,"7":0,"8":0,"9":1,"10":0,"11":0,"12":0},"b":{"0":[1,1],"1":[0,1],"2":[0,0],"3":[0,0,0,0,0],"4":[0,0],"5":[0,0],"6":[1,1],"7":[1,1],"8":[1,0]},"_coverageSchema":"43e27e138ebf9cfc5966b082cf9a028302ed4184","hash":"5cc211791756da911da4d8cd3f420b9c0310b2eb"}
,"/Users/Emily/mod_4/FE-Trex/src/Components/DefaultFollowerMessages/DefaultFollowerMessages.js": {"path":"/Users/Emily/mod_4/FE-Trex/src/Components/DefaultFollowerMessages/DefaultFollowerMessages.js","statementMap":{"0":{"start":{"line":16,"column":4},"end":{"line":16,"column":12}},"1":{"start":{"line":17,"column":4},"end":{"line":17,"column":20}},"2":{"start":{"line":20,"column":23},"end":{"line":20,"column":44}},"3":{"start":{"line":21,"column":4},"end":{"line":40,"column":6}},"4":{"start":{"line":44,"column":15},"end":{"line":65,"column":2}}},"fnMap":{"0":{"name":"(anonymous_0)","decl":{"start":{"line":15,"column":2},"end":{"line":15,"column":3}},"loc":{"start":{"line":15,"column":16},"end":{"line":18,"column":3}},"line":15},"1":{"name":"(anonymous_1)","decl":{"start":{"line":19,"column":2},"end":{"line":19,"column":3}},"loc":{"start":{"line":19,"column":11},"end":{"line":41,"column":3}},"line":19}},"branchMap":{},"s":{"0":1,"1":1,"2":1,"3":1,"4":1},"f":{"0":1,"1":1},"b":{},"_coverageSchema":"43e27e138ebf9cfc5966b082cf9a028302ed4184","hash":"9e4bad7a9b5eb3ab8d0eb8edbcbee21e050a88d4"}
,"/Users/Emily/mod_4/FE-Trex/src/Components/DefaultWandererMessages/DefaultWandererMessages.js": {"path":"/Users/Emily/mod_4/FE-Trex/src/Components/DefaultWandererMessages/DefaultWandererMessages.js","statementMap":{"0":{"start":{"line":16,"column":4},"end":{"line":16,"column":12}},"1":{"start":{"line":17,"column":4},"end":{"line":17,"column":20}},"2":{"start":{"line":20,"column":4},"end":{"line":43,"column":6}},"3":{"start":{"line":47,"column":15},"end":{"line":82,"column":2}}},"fnMap":{"0":{"name":"(anonymous_0)","decl":{"start":{"line":15,"column":2},"end":{"line":15,"column":3}},"loc":{"start":{"line":15,"column":16},"end":{"line":18,"column":3}},"line":15},"1":{"name":"(anonymous_1)","decl":{"start":{"line":19,"column":2},"end":{"line":19,"column":3}},"loc":{"start":{"line":19,"column":11},"end":{"line":44,"column":3}},"line":19}},"branchMap":{},"s":{"0":1,"1":1,"2":1,"3":1},"f":{"0":1,"1":1},"b":{},"_coverageSchema":"43e27e138ebf9cfc5966b082cf9a028302ed4184","hash":"0a7c499d802a4c61a3150ef4f3425beb3e2502d4"}
,"/Users/Emily/mod_4/FE-Trex/src/Components/Disclaimer/Disclaimer.js": {"path":"/Users/Emily/mod_4/FE-Trex/src/Components/Disclaimer/Disclaimer.js","statementMap":{"0":{"start":{"line":10,"column":19},"end":{"line":24,"column":1}},"1":{"start":{"line":11,"column":2},"end":{"line":23,"column":3}},"2":{"start":{"line":26,"column":15},"end":{"line":48,"column":2}}},"fnMap":{"0":{"name":"(anonymous_0)","decl":{"start":{"line":10,"column":19},"end":{"line":10,"column":20}},"loc":{"start":{"line":10,"column":25},"end":{"line":24,"column":1}},"line":10}},"branchMap":{},"s":{"0":1,"1":1,"2":1},"f":{"0":1},"b":{},"_coverageSchema":"43e27e138ebf9cfc5966b082cf9a028302ed4184","hash":"9904b93d7c914a60114bcdd57e60e674641c3b4f"}
,"/Users/Emily/mod_4/FE-Trex/src/Components/FollowerDashboard/FollowerDashboard.js": {"path":"/Users/Emily/mod_4/FE-Trex/src/Components/FollowerDashboard/FollowerDashboard.js","statementMap":{"0":{"start":{"line":16,"column":4},"end":{"line":16,"column":16}},"1":{"start":{"line":17,"column":4},"end":{"line":19,"column":5}},"2":{"start":{"line":22,"column":23},"end":{"line":22,"column":44}},"3":{"start":{"line":23,"column":4},"end":{"line":36,"column":5}},"4":{"start":{"line":28,"column":61},"end":{"line":28,"column":83}},"5":{"start":{"line":31,"column":61},"end":{"line":31,"column":83}},"6":{"start":{"line":40,"column":15},"end":{"line":75,"column":2}}},"fnMap":{"0":{"name":"(anonymous_0)","decl":{"start":{"line":15,"column":2},"end":{"line":15,"column":3}},"loc":{"start":{"line":15,"column":21},"end":{"line":20,"column":3}},"line":15},"1":{"name":"(anonymous_1)","decl":{"start":{"line":21,"column":2},"end":{"line":21,"column":3}},"loc":{"start":{"line":21,"column":11},"end":{"line":37,"column":3}},"line":21},"2":{"name":"(anonymous_2)","decl":{"start":{"line":28,"column":55},"end":{"line":28,"column":56}},"loc":{"start":{"line":28,"column":61},"end":{"line":28,"column":83}},"line":28},"3":{"name":"(anonymous_3)","decl":{"start":{"line":31,"column":55},"end":{"line":31,"column":56}},"loc":{"start":{"line":31,"column":61},"end":{"line":31,"column":83}},"line":31}},"branchMap":{},"s":{"0":1,"1":1,"2":1,"3":1,"4":0,"5":0,"6":1},"f":{"0":1,"1":1,"2":0,"3":0},"b":{},"_coverageSchema":"43e27e138ebf9cfc5966b082cf9a028302ed4184","hash":"ee71292ab7fcb8e339cda86bb6a6cfade15661cc"}
,"/Users/Emily/mod_4/FE-Trex/src/Components/FollowerFooter/FollowerFooter.js": {"path":"/Users/Emily/mod_4/FE-Trex/src/Components/FollowerFooter/FollowerFooter.js","statementMap":{"0":{"start":{"line":6,"column":4},"end":{"line":6,"column":17}},"1":{"start":{"line":10,"column":4},"end":{"line":18,"column":6}},"2":{"start":{"line":13,"column":25},"end":{"line":13,"column":65}},"3":{"start":{"line":22,"column":15},"end":{"line":34,"column":2}}},"fnMap":{"0":{"name":"(anonymous_0)","decl":{"start":{"line":5,"column":2},"end":{"line":5,"column":3}},"loc":{"start":{"line":5,"column":21},"end":{"line":7,"column":3}},"line":5},"1":{"name":"(anonymous_1)","decl":{"start":{"line":9,"column":2},"end":{"line":9,"column":3}},"loc":{"start":{"line":9,"column":11},"end":{"line":19,"column":3}},"line":9},"2":{"name":"(anonymous_2)","decl":{"start":{"line":13,"column":19},"end":{"line":13,"column":20}},"loc":{"start":{"line":13,"column":25},"end":{"line":13,"column":65}},"line":13}},"branchMap":{},"s":{"0":1,"1":1,"2":0,"3":6},"f":{"0":1,"1":1,"2":0},"b":{},"_coverageSchema":"43e27e138ebf9cfc5966b082cf9a028302ed4184","hash":"a894867c5d779693c3b64376db4afb199505fc5e"}
,"/Users/Emily/mod_4/FE-Trex/src/Components/FollowerForm/FollowerForm.js": {"path":"/Users/Emily/mod_4/FE-Trex/src/Components/FollowerForm/FollowerForm.js","statementMap":{"0":{"start":{"line":16,"column":4},"end":{"line":16,"column":16}},"1":{"start":{"line":17,"column":4},"end":{"line":24,"column":5}},"2":{"start":{"line":27,"column":24},"end":{"line":47,"column":3}},"3":{"start":{"line":33,"column":11},"end":{"line":33,"column":21}},"4":{"start":{"line":35,"column":4},"end":{"line":46,"column":5}},"5":{"start":{"line":41,"column":6},"end":{"line":41,"column":59}},"6":{"start":{"line":42,"column":6},"end":{"line":42,"column":19}},"7":{"start":{"line":44,"column":6},"end":{"line":44,"column":35}},"8":{"start":{"line":45,"column":6},"end":{"line":45,"column":18}},"9":{"start":{"line":49,"column":15},"end":{"line":56,"column":3}},"10":{"start":{"line":51,"column":32},"end":{"line":51,"column":58}},"11":{"start":{"line":52,"column":4},"end":{"line":54,"column":5}},"12":{"start":{"line":59,"column":25},"end":{"line":59,"column":46}},"13":{"start":{"line":60,"column":4},"end":{"line":117,"column":6}},"14":{"start":{"line":78,"column":46},"end":{"line":78,"column":77}},"15":{"start":{"line":90,"column":47},"end":{"line":90,"column":79}},"16":{"start":{"line":103,"column":18},"end":{"line":103,"column":53}},"17":{"start":{"line":121,"column":15},"end":{"line":187,"column":2}}},"fnMap":{"0":{"name":"(anonymous_0)","decl":{"start":{"line":15,"column":2},"end":{"line":15,"column":3}},"loc":{"start":{"line":15,"column":21},"end":{"line":25,"column":3}},"line":15},"1":{"name":"(anonymous_1)","decl":{"start":{"line":27,"column":24},"end":{"line":27,"column":25}},"loc":{"start":{"line":27,"column":30},"end":{"line":47,"column":3}},"line":27},"2":{"name":"(anonymous_2)","decl":{"start":{"line":49,"column":15},"end":{"line":49,"column":16}},"loc":{"start":{"line":49,"column":27},"end":{"line":56,"column":3}},"line":49},"3":{"name":"(anonymous_3)","decl":{"start":{"line":58,"column":2},"end":{"line":58,"column":3}},"loc":{"start":{"line":58,"column":11},"end":{"line":118,"column":3}},"line":58},"4":{"name":"(anonymous_4)","decl":{"start":{"line":78,"column":30},"end":{"line":78,"column":31}},"loc":{"start":{"line":78,"column":46},"end":{"line":78,"column":77}},"line":78},"5":{"name":"(anonymous_5)","decl":{"start":{"line":90,"column":30},"end":{"line":90,"column":31}},"loc":{"start":{"line":90,"column":47},"end":{"line":90,"column":79}},"line":90},"6":{"name":"(anonymous_6)","decl":{"start":{"line":102,"column":30},"end":{"line":102,"column":31}},"loc":{"start":{"line":103,"column":18},"end":{"line":103,"column":53}},"line":103}},"branchMap":{"0":{"loc":{"start":{"line":35,"column":4},"end":{"line":46,"column":5}},"type":"if","locations":[{"start":{"line":35,"column":4},"end":{"line":46,"column":5}},{"start":{"line":35,"column":4},"end":{"line":46,"column":5}}],"line":35},"1":{"loc":{"start":{"line":36,"column":6},"end":{"line":39,"column":28}},"type":"binary-expr","locations":[{"start":{"line":36,"column":6},"end":{"line":36,"column":25}},{"start":{"line":37,"column":6},"end":{"line":37,"column":26}},{"start":{"line":38,"column":6},"end":{"line":38,"column":29}},{"start":{"line":39,"column":6},"end":{"line":39,"column":28}}],"line":36},"2":{"loc":{"start":{"line":52,"column":4},"end":{"line":54,"column":5}},"type":"if","locations":[{"start":{"line":52,"column":4},"end":{"line":54,"column":5}},{"start":{"line":52,"column":4},"end":{"line":54,"column":5}}],"line":52},"3":{"loc":{"start":{"line":107,"column":11},"end":{"line":108,"column":64}},"type":"binary-expr","locations":[{"start":{"line":107,"column":11},"end":{"line":107,"column":34}},{"start":{"line":108,"column":12},"end":{"line":108,"column":64}}],"line":107}},"s":{"0":1,"1":1,"2":1,"3":0,"4":0,"5":0,"6":0,"7":0,"8":0,"9":1,"10":0,"11":0,"12":1,"13":1,"14":0,"15":0,"16":0,"17":1},"f":{"0":1,"1":0,"2":0,"3":1,"4":0,"5":0,"6":0},"b":{"0":[0,0],"1":[0,0,0,0],"2":[0,0],"3":[1,0]},"_coverageSchema":"43e27e138ebf9cfc5966b082cf9a028302ed4184","hash":"9553cdb65748493531a3e47c03f110182108007b"}
,"/Users/Emily/mod_4/FE-Trex/src/Components/FollowerHeader/FollowerHeader.js": {"path":"/Users/Emily/mod_4/FE-Trex/src/Components/FollowerHeader/FollowerHeader.js","statementMap":{"0":{"start":{"line":12,"column":4},"end":{"line":12,"column":16}},"1":{"start":{"line":16,"column":4},"end":{"line":21,"column":5}},"2":{"start":{"line":25,"column":15},"end":{"line":38,"column":2}}},"fnMap":{"0":{"name":"(anonymous_0)","decl":{"start":{"line":11,"column":2},"end":{"line":11,"column":3}},"loc":{"start":{"line":11,"column":21},"end":{"line":13,"column":3}},"line":11},"1":{"name":"(anonymous_1)","decl":{"start":{"line":15,"column":2},"end":{"line":15,"column":3}},"loc":{"start":{"line":15,"column":11},"end":{"line":22,"column":3}},"line":15}},"branchMap":{},"s":{"0":1,"1":1,"2":6},"f":{"0":1,"1":1},"b":{},"_coverageSchema":"43e27e138ebf9cfc5966b082cf9a028302ed4184","hash":"abbd1cda46b3348a51045aa979bc01470dc81416"}
,"/Users/Emily/mod_4/FE-Trex/src/Components/Home/Home.js": {"path":"/Users/Emily/mod_4/FE-Trex/src/Components/Home/Home.js","statementMap":{"0":{"start":{"line":15,"column":4},"end":{"line":15,"column":16}},"1":{"start":{"line":16,"column":6},"end":{"line":18,"column":7}},"2":{"start":{"line":22,"column":23},"end":{"line":22,"column":44}},"3":{"start":{"line":23,"column":4},"end":{"line":40,"column":5}},"4":{"start":{"line":29,"column":45},"end":{"line":29,"column":103}},"5":{"start":{"line":32,"column":45},"end":{"line":32,"column":103}},"6":{"start":{"line":44,"column":15},"end":{"line":83,"column":2}}},"fnMap":{"0":{"name":"(anonymous_0)","decl":{"start":{"line":14,"column":2},"end":{"line":14,"column":3}},"loc":{"start":{"line":14,"column":21},"end":{"line":19,"column":3}},"line":14},"1":{"name":"(anonymous_1)","decl":{"start":{"line":21,"column":2},"end":{"line":21,"column":3}},"loc":{"start":{"line":21,"column":11},"end":{"line":41,"column":3}},"line":21},"2":{"name":"(anonymous_2)","decl":{"start":{"line":29,"column":39},"end":{"line":29,"column":40}},"loc":{"start":{"line":29,"column":45},"end":{"line":29,"column":103}},"line":29},"3":{"name":"(anonymous_3)","decl":{"start":{"line":32,"column":39},"end":{"line":32,"column":40}},"loc":{"start":{"line":32,"column":45},"end":{"line":32,"column":103}},"line":32}},"branchMap":{},"s":{"0":1,"1":1,"2":1,"3":1,"4":0,"5":0,"6":1},"f":{"0":1,"1":1,"2":0,"3":0},"b":{},"_coverageSchema":"43e27e138ebf9cfc5966b082cf9a028302ed4184","hash":"261ad11f8bea31e5b15c76fc44db482540055b9d"}
,"/Users/Emily/mod_4/FE-Trex/src/Components/Leg/Leg.js": {"path":"/Users/Emily/mod_4/FE-Trex/src/Components/Leg/Leg.js","statementMap":{"0":{"start":{"line":13,"column":19},"end":{"line":57,"column":1}},"1":{"start":{"line":14,"column":21},"end":{"line":14,"column":37}},"2":{"start":{"line":15,"column":58},"end":{"line":15,"column":90}},"3":{"start":{"line":16,"column":17},"end":{"line":16,"column":52}},"4":{"start":{"line":17,"column":12},"end":{"line":17,"column":44}},"5":{"start":{"line":18,"column":2},"end":{"line":56,"column":5}},"6":{"start":{"line":40,"column":59},"end":{"line":40,"column":139}},"7":{"start":{"line":43,"column":59},"end":{"line":43,"column":130}},"8":{"start":{"line":48,"column":35},"end":{"line":48,"column":116}},"9":{"start":{"line":60,"column":15},"end":{"line":146,"column":2}}},"fnMap":{"0":{"name":"(anonymous_0)","decl":{"start":{"line":13,"column":19},"end":{"line":13,"column":20}},"loc":{"start":{"line":13,"column":30},"end":{"line":57,"column":1}},"line":13},"1":{"name":"(anonymous_1)","decl":{"start":{"line":40,"column":53},"end":{"line":40,"column":54}},"loc":{"start":{"line":40,"column":59},"end":{"line":40,"column":139}},"line":40},"2":{"name":"(anonymous_2)","decl":{"start":{"line":43,"column":53},"end":{"line":43,"column":54}},"loc":{"start":{"line":43,"column":59},"end":{"line":43,"column":130}},"line":43},"3":{"name":"(anonymous_3)","decl":{"start":{"line":48,"column":29},"end":{"line":48,"column":30}},"loc":{"start":{"line":48,"column":35},"end":{"line":48,"column":116}},"line":48}},"branchMap":{},"s":{"0":1,"1":0,"2":0,"3":0,"4":0,"5":0,"6":0,"7":0,"8":0,"9":1},"f":{"0":0,"1":0,"2":0,"3":0},"b":{},"_coverageSchema":"43e27e138ebf9cfc5966b082cf9a028302ed4184","hash":"75e500795cad780e39d579cf7a4469d1c947da2f"}
,"/Users/Emily/mod_4/FE-Trex/src/Components/LegForm/LegForm.js": {"path":"/Users/Emily/mod_4/FE-Trex/src/Components/LegForm/LegForm.js","statementMap":{"0":{"start":{"line":20,"column":4},"end":{"line":20,"column":17}},"1":{"start":{"line":22,"column":4},"end":{"line":31,"column":6}},"2":{"start":{"line":35,"column":4},"end":{"line":37,"column":7}},"3":{"start":{"line":38,"column":4},"end":{"line":38,"column":11}},"4":{"start":{"line":42,"column":4},"end":{"line":44,"column":7}},"5":{"start":{"line":45,"column":4},"end":{"line":45,"column":11}},"6":{"start":{"line":48,"column":22},"end":{"line":58,"column":3}},"7":{"start":{"line":49,"column":4},"end":{"line":57,"column":5}},"8":{"start":{"line":50,"column":63},"end":{"line":50,"column":77}},"9":{"start":{"line":51,"column":6},"end":{"line":56,"column":8}},"10":{"start":{"line":60,"column":22},"end":{"line":75,"column":3}},"11":{"start":{"line":61,"column":61},"end":{"line":61,"column":71}},"12":{"start":{"line":63,"column":4},"end":{"line":74,"column":5}},"13":{"start":{"line":69,"column":6},"end":{"line":69,"column":71}},"14":{"start":{"line":70,"column":6},"end":{"line":70,"column":19}},"15":{"start":{"line":72,"column":6},"end":{"line":72,"column":34}},"16":{"start":{"line":73,"column":6},"end":{"line":73,"column":18}},"17":{"start":{"line":77,"column":21},"end":{"line":93,"column":3}},"18":{"start":{"line":81,"column":4},"end":{"line":92,"column":5}},"19":{"start":{"line":82,"column":34},"end":{"line":82,"column":58}},"20":{"start":{"line":83,"column":6},"end":{"line":87,"column":7}},"21":{"start":{"line":84,"column":8},"end":{"line":84,"column":50}},"22":{"start":{"line":85,"column":8},"end":{"line":85,"column":71}},"23":{"start":{"line":89,"column":6},"end":{"line":89,"column":43}},"24":{"start":{"line":90,"column":6},"end":{"line":90,"column":69}},"25":{"start":{"line":96,"column":17},"end":{"line":113,"column":3}},"26":{"start":{"line":97,"column":67},"end":{"line":97,"column":77}},"27":{"start":{"line":98,"column":21},"end":{"line":104,"column":5}},"28":{"start":{"line":106,"column":4},"end":{"line":112,"column":5}},"29":{"start":{"line":107,"column":26},"end":{"line":107,"column":54}},"30":{"start":{"line":108,"column":6},"end":{"line":108,"column":26}},"31":{"start":{"line":111,"column":6},"end":{"line":111,"column":69}},"32":{"start":{"line":115,"column":12},"end":{"line":134,"column":3}},"33":{"start":{"line":116,"column":13},"end":{"line":116,"column":30}},"34":{"start":{"line":117,"column":67},"end":{"line":117,"column":77}},"35":{"start":{"line":119,"column":24},"end":{"line":126,"column":5}},"36":{"start":{"line":127,"column":4},"end":{"line":133,"column":5}},"37":{"start":{"line":128,"column":25},"end":{"line":128,"column":54}},"38":{"start":{"line":129,"column":6},"end":{"line":129,"column":25}},"39":{"start":{"line":132,"column":6},"end":{"line":132,"column":67}},"40":{"start":{"line":136,"column":14},"end":{"line":143,"column":3}},"41":{"start":{"line":137,"column":4},"end":{"line":142,"column":5}},"42":{"start":{"line":138,"column":6},"end":{"line":138,"column":41}},"43":{"start":{"line":139,"column":6},"end":{"line":139,"column":44}},"44":{"start":{"line":141,"column":6},"end":{"line":141,"column":69}},"45":{"start":{"line":146,"column":23},"end":{"line":146,"column":44}},"46":{"start":{"line":147,"column":4},"end":{"line":247,"column":6}},"47":{"start":{"line":197,"column":35},"end":{"line":197,"column":67}},"48":{"start":{"line":232,"column":35},"end":{"line":232,"column":65}},"49":{"start":{"line":251,"column":15},"end":{"line":329,"column":2}}},"fnMap":{"0":{"name":"(anonymous_0)","decl":{"start":{"line":19,"column":2},"end":{"line":19,"column":3}},"loc":{"start":{"line":19,"column":21},"end":{"line":32,"column":3}},"line":19},"1":{"name":"(anonymous_1)","decl":{"start":{"line":34,"column":2},"end":{"line":34,"column":3}},"loc":{"start":{"line":34,"column":25},"end":{"line":39,"column":3}},"line":34},"2":{"name":"(anonymous_2)","decl":{"start":{"line":41,"column":2},"end":{"line":41,"column":3}},"loc":{"start":{"line":41,"column":26},"end":{"line":46,"column":3}},"line":41},"3":{"name":"(anonymous_3)","decl":{"start":{"line":48,"column":22},"end":{"line":48,"column":23}},"loc":{"start":{"line":48,"column":28},"end":{"line":58,"column":3}},"line":48},"4":{"name":"(anonymous_4)","decl":{"start":{"line":60,"column":22},"end":{"line":60,"column":23}},"loc":{"start":{"line":60,"column":28},"end":{"line":75,"column":3}},"line":60},"5":{"name":"(anonymous_5)","decl":{"start":{"line":77,"column":21},"end":{"line":77,"column":22}},"loc":{"start":{"line":77,"column":33},"end":{"line":93,"column":3}},"line":77},"6":{"name":"(anonymous_6)","decl":{"start":{"line":96,"column":17},"end":{"line":96,"column":18}},"loc":{"start":{"line":96,"column":29},"end":{"line":113,"column":3}},"line":96},"7":{"name":"(anonymous_7)","decl":{"start":{"line":115,"column":12},"end":{"line":115,"column":13}},"loc":{"start":{"line":115,"column":24},"end":{"line":134,"column":3}},"line":115},"8":{"name":"(anonymous_8)","decl":{"start":{"line":136,"column":14},"end":{"line":136,"column":15}},"loc":{"start":{"line":136,"column":26},"end":{"line":143,"column":3}},"line":136},"9":{"name":"(anonymous_9)","decl":{"start":{"line":145,"column":2},"end":{"line":145,"column":3}},"loc":{"start":{"line":145,"column":11},"end":{"line":248,"column":3}},"line":145},"10":{"name":"(anonymous_10)","decl":{"start":{"line":197,"column":24},"end":{"line":197,"column":25}},"loc":{"start":{"line":197,"column":34},"end":{"line":197,"column":68}},"line":197},"11":{"name":"(anonymous_11)","decl":{"start":{"line":232,"column":24},"end":{"line":232,"column":25}},"loc":{"start":{"line":232,"column":34},"end":{"line":232,"column":66}},"line":232}},"branchMap":{"0":{"loc":{"start":{"line":28,"column":11},"end":{"line":28,"column":56}},"type":"binary-expr","locations":[{"start":{"line":28,"column":11},"end":{"line":28,"column":48}},{"start":{"line":28,"column":52},"end":{"line":28,"column":56}}],"line":28},"1":{"loc":{"start":{"line":49,"column":4},"end":{"line":57,"column":5}},"type":"if","locations":[{"start":{"line":49,"column":4},"end":{"line":57,"column":5}},{"start":{"line":49,"column":4},"end":{"line":57,"column":5}}],"line":49},"2":{"loc":{"start":{"line":63,"column":4},"end":{"line":74,"column":5}},"type":"if","locations":[{"start":{"line":63,"column":4},"end":{"line":74,"column":5}},{"start":{"line":63,"column":4},"end":{"line":74,"column":5}}],"line":63},"3":{"loc":{"start":{"line":64,"column":6},"end":{"line":67,"column":20}},"type":"binary-expr","locations":[{"start":{"line":64,"column":6},"end":{"line":64,"column":26}},{"start":{"line":65,"column":6},"end":{"line":65,"column":22}},{"start":{"line":66,"column":6},"end":{"line":66,"column":24}},{"start":{"line":67,"column":6},"end":{"line":67,"column":20}}],"line":64},"4":{"loc":{"start":{"line":81,"column":4},"end":{"line":92,"column":5}},"type":"if","locations":[{"start":{"line":81,"column":4},"end":{"line":92,"column":5}},{"start":{"line":81,"column":4},"end":{"line":92,"column":5}}],"line":81},"5":{"loc":{"start":{"line":83,"column":6},"end":{"line":87,"column":7}},"type":"if","locations":[{"start":{"line":83,"column":6},"end":{"line":87,"column":7}},{"start":{"line":83,"column":6},"end":{"line":87,"column":7}}],"line":83},"6":{"loc":{"start":{"line":154,"column":15},"end":{"line":154,"column":89}},"type":"binary-expr","locations":[{"start":{"line":154,"column":15},"end":{"line":154,"column":38}},{"start":{"line":154,"column":42},"end":{"line":154,"column":89}}],"line":154},"7":{"loc":{"start":{"line":155,"column":15},"end":{"line":155,"column":75}},"type":"binary-expr","locations":[{"start":{"line":155,"column":15},"end":{"line":155,"column":29}},{"start":{"line":155,"column":33},"end":{"line":155,"column":75}}],"line":155},"8":{"loc":{"start":{"line":237,"column":11},"end":{"line":240,"column":29}},"type":"binary-expr","locations":[{"start":{"line":237,"column":11},"end":{"line":237,"column":48}},{"start":{"line":238,"column":10},"end":{"line":240,"column":29}}],"line":237}},"s":{"0":0,"1":0,"2":0,"3":0,"4":0,"5":0,"6":0,"7":0,"8":0,"9":0,"10":0,"11":0,"12":0,"13":0,"14":0,"15":0,"16":0,"17":0,"18":0,"19":0,"20":0,"21":0,"22":0,"23":0,"24":0,"25":0,"26":0,"27":0,"28":0,"29":0,"30":0,"31":0,"32":0,"33":0,"34":0,"35":0,"36":0,"37":0,"38":0,"39":0,"40":0,"41":0,"42":0,"43":0,"44":0,"45":0,"46":0,"47":0,"48":0,"49":1},"f":{"0":0,"1":0,"2":0,"3":0,"4":0,"5":0,"6":0,"7":0,"8":0,"9":0,"10":0,"11":0},"b":{"0":[0,0],"1":[0,0],"2":[0,0],"3":[0,0,0,0],"4":[0,0],"5":[0,0],"6":[0,0],"7":[0,0],"8":[0,0]},"_coverageSchema":"43e27e138ebf9cfc5966b082cf9a028302ed4184","hash":"3c4eb46ca64cd73c30f4fbb855a0f2766aad12c1"}
,"/Users/Emily/mod_4/FE-Trex/src/Components/Map/Map.js": {"path":"/Users/Emily/mod_4/FE-Trex/src/Components/Map/Map.js","statementMap":{"0":{"start":{"line":16,"column":4},"end":{"line":16,"column":12}},"1":{"start":{"line":17,"column":4},"end":{"line":21,"column":6}},"2":{"start":{"line":24,"column":22},"end":{"line":32,"column":5}},"3":{"start":{"line":25,"column":4},"end":{"line":31,"column":8}},"4":{"start":{"line":27,"column":8},"end":{"line":27,"column":46}},"5":{"start":{"line":29,"column":15},"end":{"line":29,"column":41}},"6":{"start":{"line":37,"column":6},"end":{"line":56,"column":6}},"7":{"start":{"line":59,"column":15},"end":{"line":70,"column":2}}},"fnMap":{"0":{"name":"(anonymous_0)","decl":{"start":{"line":15,"column":2},"end":{"line":15,"column":3}},"loc":{"start":{"line":15,"column":16},"end":{"line":22,"column":3}},"line":15},"1":{"name":"(anonymous_1)","decl":{"start":{"line":24,"column":22},"end":{"line":24,"column":23}},"loc":{"start":{"line":24,"column":28},"end":{"line":32,"column":5}},"line":24},"2":{"name":"(anonymous_2)","decl":{"start":{"line":26,"column":6},"end":{"line":26,"column":7}},"loc":{"start":{"line":26,"column":18},"end":{"line":28,"column":7}},"line":26},"3":{"name":"(anonymous_3)","decl":{"start":{"line":29,"column":6},"end":{"line":29,"column":7}},"loc":{"start":{"line":29,"column":15},"end":{"line":29,"column":41}},"line":29},"4":{"name":"(anonymous_4)","decl":{"start":{"line":34,"column":4},"end":{"line":34,"column":5}},"loc":{"start":{"line":34,"column":13},"end":{"line":57,"column":3}},"line":34}},"branchMap":{"0":{"loc":{"start":{"line":39,"column":11},"end":{"line":49,"column":22}},"type":"binary-expr","locations":[{"start":{"line":39,"column":11},"end":{"line":39,"column":39}},{"start":{"line":40,"column":12},"end":{"line":49,"column":22}}],"line":39}},"s":{"0":0,"1":0,"2":0,"3":0,"4":0,"5":0,"6":0,"7":2},"f":{"0":0,"1":0,"2":0,"3":0,"4":0},"b":{"0":[0,0]},"_coverageSchema":"43e27e138ebf9cfc5966b082cf9a028302ed4184","hash":"e57d6bc674eba93a6f5b21a8f21bdc3b44c00b9c"}
,"/Users/Emily/mod_4/FE-Trex/src/Components/MapInput/MapInputFirst.js": {"path":"/Users/Emily/mod_4/FE-Trex/src/Components/MapInput/MapInputFirst.js","statementMap":{"0":{"start":{"line":10,"column":4},"end":{"line":10,"column":17}},"1":{"start":{"line":13,"column":4},"end":{"line":73,"column":6}},"2":{"start":{"line":24,"column":12},"end":{"line":24,"column":64}},"3":{"start":{"line":27,"column":12},"end":{"line":27,"column":58}},"4":{"start":{"line":30,"column":12},"end":{"line":30,"column":22}}},"fnMap":{"0":{"name":"(anonymous_0)","decl":{"start":{"line":9,"column":2},"end":{"line":9,"column":3}},"loc":{"start":{"line":9,"column":21},"end":{"line":11,"column":3}},"line":9},"1":{"name":"(anonymous_1)","decl":{"start":{"line":12,"column":2},"end":{"line":12,"column":3}},"loc":{"start":{"line":12,"column":11},"end":{"line":74,"column":3}},"line":12},"2":{"name":"(anonymous_2)","decl":{"start":{"line":23,"column":29},"end":{"line":23,"column":30}},"loc":{"start":{"line":24,"column":12},"end":{"line":24,"column":64}},"line":24},"3":{"name":"(anonymous_3)","decl":{"start":{"line":26,"column":19},"end":{"line":26,"column":20}},"loc":{"start":{"line":26,"column":45},"end":{"line":28,"column":1}},"line":26},"4":{"name":"(anonymous_4)","decl":{"start":{"line":29,"column":27},"end":{"line":29,"column":28}},"loc":{"start":{"line":29,"column":33},"end":{"line":31,"column":11}},"line":29}},"branchMap":{"0":{"loc":{"start":{"line":24,"column":12},"end":{"line":24,"column":64}},"type":"binary-expr","locations":[{"start":{"line":24,"column":12},"end":{"line":24,"column":27}},{"start":{"line":24,"column":31},"end":{"line":24,"column":52}},{"start":{"line":24,"column":56},"end":{"line":24,"column":64}}],"line":24},"1":{"loc":{"start":{"line":26,"column":26},"end":{"line":26,"column":40}},"type":"default-arg","locations":[{"start":{"line":26,"column":36},"end":{"line":26,"column":40}}],"line":26}},"s":{"0":0,"1":0,"2":0,"3":0,"4":0},"f":{"0":0,"1":0,"2":0,"3":0,"4":0},"b":{"0":[0,0,0],"1":[0]},"_coverageSchema":"43e27e138ebf9cfc5966b082cf9a028302ed4184","hash":"ae53406bfe1c932d26d07c92a4581118baaebcca"}
,"/Users/Emily/mod_4/FE-Trex/src/Components/MapInput/MapInputSecond.js": {"path":"/Users/Emily/mod_4/FE-Trex/src/Components/MapInput/MapInputSecond.js","statementMap":{"0":{"start":{"line":10,"column":4},"end":{"line":10,"column":17}},"1":{"start":{"line":13,"column":4},"end":{"line":70,"column":6}},"2":{"start":{"line":24,"column":12},"end":{"line":24,"column":64}},"3":{"start":{"line":27,"column":12},"end":{"line":27,"column":59}},"4":{"start":{"line":30,"column":12},"end":{"line":30,"column":22}}},"fnMap":{"0":{"name":"(anonymous_0)","decl":{"start":{"line":9,"column":2},"end":{"line":9,"column":3}},"loc":{"start":{"line":9,"column":21},"end":{"line":11,"column":3}},"line":9},"1":{"name":"(anonymous_1)","decl":{"start":{"line":12,"column":2},"end":{"line":12,"column":3}},"loc":{"start":{"line":12,"column":11},"end":{"line":71,"column":3}},"line":12},"2":{"name":"(anonymous_2)","decl":{"start":{"line":23,"column":29},"end":{"line":23,"column":30}},"loc":{"start":{"line":24,"column":12},"end":{"line":24,"column":64}},"line":24},"3":{"name":"(anonymous_3)","decl":{"start":{"line":26,"column":19},"end":{"line":26,"column":20}},"loc":{"start":{"line":26,"column":45},"end":{"line":28,"column":1}},"line":26},"4":{"name":"(anonymous_4)","decl":{"start":{"line":29,"column":27},"end":{"line":29,"column":28}},"loc":{"start":{"line":29,"column":33},"end":{"line":31,"column":11}},"line":29}},"branchMap":{"0":{"loc":{"start":{"line":24,"column":12},"end":{"line":24,"column":64}},"type":"binary-expr","locations":[{"start":{"line":24,"column":12},"end":{"line":24,"column":27}},{"start":{"line":24,"column":31},"end":{"line":24,"column":52}},{"start":{"line":24,"column":56},"end":{"line":24,"column":64}}],"line":24},"1":{"loc":{"start":{"line":26,"column":26},"end":{"line":26,"column":40}},"type":"default-arg","locations":[{"start":{"line":26,"column":36},"end":{"line":26,"column":40}}],"line":26}},"s":{"0":0,"1":0,"2":0,"3":0,"4":0},"f":{"0":0,"1":0,"2":0,"3":0,"4":0},"b":{"0":[0,0,0],"1":[0]},"_coverageSchema":"43e27e138ebf9cfc5966b082cf9a028302ed4184","hash":"df7b9bc4befb548b446111ac89bd91c74c3c6e6b"}
,"/Users/Emily/mod_4/FE-Trex/src/Components/MessageHistory/MessageHistory.js": {"path":"/Users/Emily/mod_4/FE-Trex/src/Components/MessageHistory/MessageHistory.js","statementMap":{"0":{"start":{"line":16,"column":4},"end":{"line":16,"column":11}},"1":{"start":{"line":17,"column":4},"end":{"line":19,"column":5}},"2":{"start":{"line":22,"column":23},"end":{"line":22,"column":44}},"3":{"start":{"line":23,"column":4},"end":{"line":31,"column":5}},"4":{"start":{"line":35,"column":15},"end":{"line":64,"column":2}}},"fnMap":{"0":{"name":"(anonymous_0)","decl":{"start":{"line":15,"column":2},"end":{"line":15,"column":3}},"loc":{"start":{"line":15,"column":16},"end":{"line":20,"column":3}},"line":15},"1":{"name":"(anonymous_1)","decl":{"start":{"line":21,"column":2},"end":{"line":21,"column":3}},"loc":{"start":{"line":21,"column":11},"end":{"line":32,"column":3}},"line":21}},"branchMap":{},"s":{"0":1,"1":1,"2":1,"3":1,"4":1},"f":{"0":1,"1":1},"b":{},"_coverageSchema":"43e27e138ebf9cfc5966b082cf9a028302ed4184","hash":"47a69dc3747264eb5b3b65cb4fe05b2cfe1ef7f2"}
,"/Users/Emily/mod_4/FE-Trex/src/Components/MyFollowers/MyFollowers.js": {"path":"/Users/Emily/mod_4/FE-Trex/src/Components/MyFollowers/MyFollowers.js","statementMap":{"0":{"start":{"line":17,"column":6},"end":{"line":17,"column":19}},"1":{"start":{"line":18,"column":6},"end":{"line":23,"column":7}},"2":{"start":{"line":26,"column":32},"end":{"line":56,"column":5}},"3":{"start":{"line":27,"column":30},"end":{"line":53,"column":8}},"4":{"start":{"line":29,"column":43},"end":{"line":31,"column":10}},"5":{"start":{"line":30,"column":10},"end":{"line":30,"column":48}},"6":{"start":{"line":33,"column":41},"end":{"line":35,"column":10}},"7":{"start":{"line":34,"column":10},"end":{"line":34,"column":40}},"8":{"start":{"line":37,"column":27},"end":{"line":37,"column":48}},"9":{"start":{"line":38,"column":8},"end":{"line":52,"column":9}},"10":{"start":{"line":42,"column":27},"end":{"line":46,"column":16}},"11":{"start":{"line":55,"column":6},"end":{"line":55,"column":31}},"12":{"start":{"line":58,"column":25},"end":{"line":62,"column":5}},"13":{"start":{"line":59,"column":6},"end":{"line":61,"column":7}},"14":{"start":{"line":60,"column":8},"end":{"line":60,"column":33}},"15":{"start":{"line":64,"column":24},"end":{"line":72,"column":5}},"16":{"start":{"line":65,"column":6},"end":{"line":71,"column":7}},"17":{"start":{"line":66,"column":24},"end":{"line":66,"column":63}},"18":{"start":{"line":67,"column":23},"end":{"line":67,"column":83}},"19":{"start":{"line":68,"column":8},"end":{"line":68,"column":46}},"20":{"start":{"line":70,"column":8},"end":{"line":70,"column":77}},"21":{"start":{"line":74,"column":13},"end":{"line":93,"column":5}},"22":{"start":{"line":76,"column":25},"end":{"line":76,"column":46}},"23":{"start":{"line":78,"column":6},"end":{"line":92,"column":7}},"24":{"start":{"line":87,"column":55},"end":{"line":87,"column":108}},"25":{"start":{"line":96,"column":15},"end":{"line":144,"column":2}}},"fnMap":{"0":{"name":"(anonymous_0)","decl":{"start":{"line":16,"column":4},"end":{"line":16,"column":5}},"loc":{"start":{"line":16,"column":23},"end":{"line":24,"column":5}},"line":16},"1":{"name":"(anonymous_1)","decl":{"start":{"line":26,"column":32},"end":{"line":26,"column":33}},"loc":{"start":{"line":26,"column":38},"end":{"line":56,"column":5}},"line":26},"2":{"name":"(anonymous_2)","decl":{"start":{"line":27,"column":55},"end":{"line":27,"column":56}},"loc":{"start":{"line":27,"column":67},"end":{"line":53,"column":7}},"line":27},"3":{"name":"(anonymous_3)","decl":{"start":{"line":29,"column":70},"end":{"line":29,"column":71}},"loc":{"start":{"line":29,"column":81},"end":{"line":31,"column":9}},"line":29},"4":{"name":"(anonymous_4)","decl":{"start":{"line":33,"column":77},"end":{"line":33,"column":78}},"loc":{"start":{"line":33,"column":88},"end":{"line":35,"column":9}},"line":33},"5":{"name":"(anonymous_5)","decl":{"start":{"line":42,"column":21},"end":{"line":42,"column":22}},"loc":{"start":{"line":42,"column":27},"end":{"line":46,"column":16}},"line":42},"6":{"name":"(anonymous_6)","decl":{"start":{"line":58,"column":25},"end":{"line":58,"column":26}},"loc":{"start":{"line":58,"column":46},"end":{"line":62,"column":5}},"line":58},"7":{"name":"(anonymous_7)","decl":{"start":{"line":64,"column":24},"end":{"line":64,"column":25}},"loc":{"start":{"line":64,"column":36},"end":{"line":72,"column":5}},"line":64},"8":{"name":"(anonymous_8)","decl":{"start":{"line":74,"column":13},"end":{"line":74,"column":14}},"loc":{"start":{"line":74,"column":19},"end":{"line":93,"column":5}},"line":74},"9":{"name":"(anonymous_9)","decl":{"start":{"line":87,"column":49},"end":{"line":87,"column":50}},"loc":{"start":{"line":87,"column":55},"end":{"line":87,"column":108}},"line":87}},"branchMap":{"0":{"loc":{"start":{"line":49,"column":15},"end":{"line":49,"column":107}},"type":"binary-expr","locations":[{"start":{"line":49,"column":15},"end":{"line":49,"column":52}},{"start":{"line":49,"column":56},"end":{"line":49,"column":107}}],"line":49},"1":{"loc":{"start":{"line":59,"column":6},"end":{"line":61,"column":7}},"type":"if","locations":[{"start":{"line":59,"column":6},"end":{"line":61,"column":7}},{"start":{"line":59,"column":6},"end":{"line":61,"column":7}}],"line":59},"2":{"loc":{"start":{"line":83,"column":13},"end":{"line":83,"column":94}},"type":"binary-expr","locations":[{"start":{"line":83,"column":13},"end":{"line":83,"column":46}},{"start":{"line":83,"column":50},"end":{"line":83,"column":94}}],"line":83},"3":{"loc":{"start":{"line":84,"column":13},"end":{"line":84,"column":112}},"type":"binary-expr","locations":[{"start":{"line":84,"column":13},"end":{"line":84,"column":44}},{"start":{"line":84,"column":48},"end":{"line":84,"column":76}},{"start":{"line":84,"column":80},"end":{"line":84,"column":112}}],"line":84},"4":{"loc":{"start":{"line":85,"column":13},"end":{"line":85,"column":92}},"type":"binary-expr","locations":[{"start":{"line":85,"column":13},"end":{"line":85,"column":36}},{"start":{"line":85,"column":40},"end":{"line":85,"column":92}}],"line":85}},"s":{"0":1,"1":1,"2":1,"3":0,"4":0,"5":0,"6":0,"7":0,"8":0,"9":0,"10":0,"11":0,"12":1,"13":0,"14":0,"15":1,"16":1,"17":1,"18":0,"19":0,"20":0,"21":1,"22":1,"23":1,"24":0,"25":1},"f":{"0":1,"1":0,"2":0,"3":0,"4":0,"5":0,"6":0,"7":1,"8":1,"9":0},"b":{"0":[0,0],"1":[0,0],"2":[1,1],"3":[1,0,0],"4":[1,0]},"_coverageSchema":"43e27e138ebf9cfc5966b082cf9a028302ed4184","hash":"6db1bb1aaa54a33faf1d012235dd957abbf2aed6"}
,"/Users/Emily/mod_4/FE-Trex/src/Components/MyTrips/MyTrips.js": {"path":"/Users/Emily/mod_4/FE-Trex/src/Components/MyTrips/MyTrips.js","statementMap":{"0":{"start":{"line":17,"column":4},"end":{"line":17,"column":17}},"1":{"start":{"line":18,"column":4},"end":{"line":22,"column":5}},"2":{"start":{"line":25,"column":26},"end":{"line":34,"column":3}},"3":{"start":{"line":26,"column":23},"end":{"line":26,"column":44}},"4":{"start":{"line":27,"column":4},"end":{"line":33,"column":6}},"5":{"start":{"line":28,"column":6},"end":{"line":32,"column":7}},"6":{"start":{"line":30,"column":29},"end":{"line":30,"column":103}},"7":{"start":{"line":36,"column":22},"end":{"line":44,"column":3}},"8":{"start":{"line":37,"column":4},"end":{"line":43,"column":5}},"9":{"start":{"line":38,"column":18},"end":{"line":38,"column":55}},"10":{"start":{"line":39,"column":6},"end":{"line":39,"column":30}},"11":{"start":{"line":42,"column":6},"end":{"line":42,"column":71}},"12":{"start":{"line":47,"column":23},"end":{"line":51,"column":3}},"13":{"start":{"line":48,"column":4},"end":{"line":50,"column":5}},"14":{"start":{"line":49,"column":6},"end":{"line":49,"column":31}},"15":{"start":{"line":54,"column":23},"end":{"line":54,"column":44}},"16":{"start":{"line":55,"column":28},"end":{"line":55,"column":38}},"17":{"start":{"line":57,"column":4},"end":{"line":78,"column":5}},"18":{"start":{"line":70,"column":53},"end":{"line":70,"column":102}},"19":{"start":{"line":82,"column":15},"end":{"line":120,"column":2}}},"fnMap":{"0":{"name":"(anonymous_0)","decl":{"start":{"line":16,"column":2},"end":{"line":16,"column":3}},"loc":{"start":{"line":16,"column":21},"end":{"line":23,"column":3}},"line":16},"1":{"name":"(anonymous_1)","decl":{"start":{"line":25,"column":26},"end":{"line":25,"column":27}},"loc":{"start":{"line":25,"column":32},"end":{"line":34,"column":3}},"line":25},"2":{"name":"(anonymous_2)","decl":{"start":{"line":27,"column":32},"end":{"line":27,"column":33}},"loc":{"start":{"line":27,"column":49},"end":{"line":33,"column":5}},"line":27},"3":{"name":"(anonymous_3)","decl":{"start":{"line":30,"column":23},"end":{"line":30,"column":24}},"loc":{"start":{"line":30,"column":29},"end":{"line":30,"column":103}},"line":30},"4":{"name":"(anonymous_4)","decl":{"start":{"line":36,"column":22},"end":{"line":36,"column":23}},"loc":{"start":{"line":36,"column":35},"end":{"line":44,"column":3}},"line":36},"5":{"name":"(anonymous_5)","decl":{"start":{"line":47,"column":23},"end":{"line":47,"column":24}},"loc":{"start":{"line":47,"column":44},"end":{"line":51,"column":3}},"line":47},"6":{"name":"(anonymous_6)","decl":{"start":{"line":53,"column":2},"end":{"line":53,"column":3}},"loc":{"start":{"line":53,"column":11},"end":{"line":79,"column":3}},"line":53},"7":{"name":"(anonymous_7)","decl":{"start":{"line":70,"column":47},"end":{"line":70,"column":48}},"loc":{"start":{"line":70,"column":53},"end":{"line":70,"column":102}},"line":70}},"branchMap":{"0":{"loc":{"start":{"line":48,"column":4},"end":{"line":50,"column":5}},"type":"if","locations":[{"start":{"line":48,"column":4},"end":{"line":50,"column":5}},{"start":{"line":48,"column":4},"end":{"line":50,"column":5}}],"line":48},"1":{"loc":{"start":{"line":65,"column":13},"end":{"line":65,"column":61}},"type":"binary-expr","locations":[{"start":{"line":65,"column":13},"end":{"line":65,"column":29}},{"start":{"line":65,"column":33},"end":{"line":65,"column":61}}],"line":65},"2":{"loc":{"start":{"line":66,"column":13},"end":{"line":66,"column":69}},"type":"binary-expr","locations":[{"start":{"line":66,"column":13},"end":{"line":66,"column":25}},{"start":{"line":66,"column":29},"end":{"line":66,"column":69}}],"line":66},"3":{"loc":{"start":{"line":67,"column":13},"end":{"line":67,"column":95}},"type":"binary-expr","locations":[{"start":{"line":67,"column":13},"end":{"line":67,"column":31}},{"start":{"line":67,"column":35},"end":{"line":67,"column":47}},{"start":{"line":67,"column":51},"end":{"line":67,"column":95}}],"line":67}},"s":{"0":2,"1":2,"2":2,"3":1,"4":1,"5":2,"6":0,"7":2,"8":2,"9":2,"10":0,"11":0,"12":2,"13":1,"14":0,"15":3,"16":3,"17":3,"18":0,"19":1},"f":{"0":2,"1":1,"2":2,"3":0,"4":2,"5":1,"6":3,"7":0},"b":{"0":[0,1],"1":[3,1],"2":[3,0],"3":[3,2,2]},"_coverageSchema":"43e27e138ebf9cfc5966b082cf9a028302ed4184","hash":"58533df552ad53cb4be231827f338eb642fb9322"}
,"/Users/Emily/mod_4/FE-Trex/src/Components/MyWanderersTrips/MyWanderersTrips.js": {"path":"/Users/Emily/mod_4/FE-Trex/src/Components/MyWanderersTrips/MyWanderersTrips.js","statementMap":{"0":{"start":{"line":16,"column":4},"end":{"line":16,"column":11}},"1":{"start":{"line":17,"column":4},"end":{"line":19,"column":5}},"2":{"start":{"line":22,"column":23},"end":{"line":22,"column":44}},"3":{"start":{"line":23,"column":4},"end":{"line":31,"column":5}},"4":{"start":{"line":35,"column":15},"end":{"line":64,"column":2}}},"fnMap":{"0":{"name":"(anonymous_0)","decl":{"start":{"line":15,"column":2},"end":{"line":15,"column":3}},"loc":{"start":{"line":15,"column":16},"end":{"line":20,"column":3}},"line":15},"1":{"name":"(anonymous_1)","decl":{"start":{"line":21,"column":2},"end":{"line":21,"column":3}},"loc":{"start":{"line":21,"column":11},"end":{"line":32,"column":3}},"line":21}},"branchMap":{},"s":{"0":1,"1":1,"2":1,"3":1,"4":1},"f":{"0":1,"1":1},"b":{},"_coverageSchema":"43e27e138ebf9cfc5966b082cf9a028302ed4184","hash":"b5debed9f04a3e50481ce1d1cf8309a374831c92"}
,"/Users/Emily/mod_4/FE-Trex/src/Components/SafetyInfo/SafetyInfo.js": {"path":"/Users/Emily/mod_4/FE-Trex/src/Components/SafetyInfo/SafetyInfo.js","statementMap":{"0":{"start":{"line":14,"column":23},"end":{"line":14,"column":39}},"1":{"start":{"line":17,"column":4},"end":{"line":25,"column":5}},"2":{"start":{"line":28,"column":15},"end":{"line":38,"column":2}}},"fnMap":{"0":{"name":"SafetyInfo","decl":{"start":{"line":12,"column":16},"end":{"line":12,"column":26}},"loc":{"start":{"line":12,"column":34},"end":{"line":26,"column":1}},"line":12}},"branchMap":{},"s":{"0":0,"1":0,"2":1},"f":{"0":0},"b":{},"_coverageSchema":"43e27e138ebf9cfc5966b082cf9a028302ed4184","hash":"700a020fa807f980c96f4b1eb4624f70abefcca8"}
,"/Users/Emily/mod_4/FE-Trex/src/Components/Transportation/Transportation.js": {"path":"/Users/Emily/mod_4/FE-Trex/src/Components/Transportation/Transportation.js","statementMap":{"0":{"start":{"line":17,"column":4},"end":{"line":17,"column":17}},"1":{"start":{"line":18,"column":4},"end":{"line":24,"column":6}},"2":{"start":{"line":27,"column":22},"end":{"line":34,"column":3}},"3":{"start":{"line":28,"column":4},"end":{"line":33,"column":5}},"4":{"start":{"line":29,"column":23},"end":{"line":29,"column":62}},"5":{"start":{"line":30,"column":6},"end":{"line":30,"column":33}},"6":{"start":{"line":32,"column":6},"end":{"line":32,"column":78}},"7":{"start":{"line":36,"column":23},"end":{"line":40,"column":3}},"8":{"start":{"line":37,"column":4},"end":{"line":39,"column":5}},"9":{"start":{"line":38,"column":6},"end":{"line":38,"column":31}},"10":{"start":{"line":42,"column":35},"end":{"line":56,"column":3}},"11":{"start":{"line":43,"column":23},"end":{"line":43,"column":44}},"12":{"start":{"line":44,"column":4},"end":{"line":55,"column":8}},"13":{"start":{"line":45,"column":6},"end":{"line":54,"column":5}},"14":{"start":{"line":51,"column":33},"end":{"line":51,"column":186}},"15":{"start":{"line":59,"column":37},"end":{"line":59,"column":47}},"16":{"start":{"line":60,"column":21},"end":{"line":60,"column":42}},"17":{"start":{"line":61,"column":2},"end":{"line":86,"column":5}},"18":{"start":{"line":71,"column":33},"end":{"line":71,"column":105}},"19":{"start":{"line":91,"column":15},"end":{"line":189,"column":2}}},"fnMap":{"0":{"name":"(anonymous_0)","decl":{"start":{"line":16,"column":2},"end":{"line":16,"column":3}},"loc":{"start":{"line":16,"column":21},"end":{"line":25,"column":3}},"line":16},"1":{"name":"(anonymous_1)","decl":{"start":{"line":27,"column":22},"end":{"line":27,"column":23}},"loc":{"start":{"line":27,"column":34},"end":{"line":34,"column":3}},"line":27},"2":{"name":"(anonymous_2)","decl":{"start":{"line":36,"column":23},"end":{"line":36,"column":24}},"loc":{"start":{"line":36,"column":44},"end":{"line":40,"column":3}},"line":36},"3":{"name":"(anonymous_3)","decl":{"start":{"line":42,"column":35},"end":{"line":42,"column":36}},"loc":{"start":{"line":42,"column":41},"end":{"line":56,"column":3}},"line":42},"4":{"name":"(anonymous_4)","decl":{"start":{"line":44,"column":37},"end":{"line":44,"column":38}},"loc":{"start":{"line":44,"column":59},"end":{"line":55,"column":7}},"line":44},"5":{"name":"(anonymous_5)","decl":{"start":{"line":51,"column":27},"end":{"line":51,"column":28}},"loc":{"start":{"line":51,"column":33},"end":{"line":51,"column":186}},"line":51},"6":{"name":"(anonymous_6)","decl":{"start":{"line":58,"column":2},"end":{"line":58,"column":3}},"loc":{"start":{"line":58,"column":11},"end":{"line":87,"column":3}},"line":58},"7":{"name":"(anonymous_7)","decl":{"start":{"line":71,"column":27},"end":{"line":71,"column":28}},"loc":{"start":{"line":71,"column":33},"end":{"line":71,"column":105}},"line":71}},"branchMap":{"0":{"loc":{"start":{"line":23,"column":21},"end":{"line":23,"column":76}},"type":"binary-expr","locations":[{"start":{"line":23,"column":21},"end":{"line":23,"column":68}},{"start":{"line":23,"column":72},"end":{"line":23,"column":76}}],"line":23},"1":{"loc":{"start":{"line":37,"column":4},"end":{"line":39,"column":5}},"type":"if","locations":[{"start":{"line":37,"column":4},"end":{"line":39,"column":5}},{"start":{"line":37,"column":4},"end":{"line":39,"column":5}}],"line":37},"2":{"loc":{"start":{"line":75,"column":12},"end":{"line":75,"column":74}},"type":"binary-expr","locations":[{"start":{"line":75,"column":12},"end":{"line":75,"column":33}},{"start":{"line":75,"column":37},"end":{"line":75,"column":74}}],"line":75},"3":{"loc":{"start":{"line":76,"column":12},"end":{"line":76,"column":68}},"type":"binary-expr","locations":[{"start":{"line":76,"column":12},"end":{"line":76,"column":24}},{"start":{"line":76,"column":28},"end":{"line":76,"column":68}}],"line":76},"4":{"loc":{"start":{"line":77,"column":12},"end":{"line":77,"column":99}},"type":"binary-expr","locations":[{"start":{"line":77,"column":12},"end":{"line":77,"column":35}},{"start":{"line":77,"column":39},"end":{"line":77,"column":51}},{"start":{"line":77,"column":55},"end":{"line":77,"column":99}}],"line":77}},"s":{"0":0,"1":0,"2":0,"3":0,"4":0,"5":0,"6":0,"7":0,"8":0,"9":0,"10":0,"11":0,"12":0,"13":0,"14":0,"15":0,"16":0,"17":0,"18":0,"19":1},"f":{"0":0,"1":0,"2":0,"3":0,"4":0,"5":0,"6":0,"7":0},"b":{"0":[0,0],"1":[0,0],"2":[0,0],"3":[0,0],"4":[0,0,0]},"_coverageSchema":"43e27e138ebf9cfc5966b082cf9a028302ed4184","hash":"5ac9f71d5fb21e020ab9f550d8349b44129320ed"}
,"/Users/Emily/mod_4/FE-Trex/src/Components/TravelCompanionsContacts/TravelCompanionsContacts.js": {"path":"/Users/Emily/mod_4/FE-Trex/src/Components/TravelCompanionsContacts/TravelCompanionsContacts.js","statementMap":{"0":{"start":{"line":16,"column":4},"end":{"line":16,"column":11}},"1":{"start":{"line":17,"column":4},"end":{"line":19,"column":5}},"2":{"start":{"line":22,"column":23},"end":{"line":22,"column":44}},"3":{"start":{"line":23,"column":4},"end":{"line":31,"column":5}},"4":{"start":{"line":35,"column":15},"end":{"line":64,"column":2}}},"fnMap":{"0":{"name":"(anonymous_0)","decl":{"start":{"line":15,"column":2},"end":{"line":15,"column":3}},"loc":{"start":{"line":15,"column":16},"end":{"line":20,"column":3}},"line":15},"1":{"name":"(anonymous_1)","decl":{"start":{"line":21,"column":2},"end":{"line":21,"column":3}},"loc":{"start":{"line":21,"column":11},"end":{"line":32,"column":3}},"line":21}},"branchMap":{},"s":{"0":1,"1":1,"2":1,"3":1,"4":1},"f":{"0":1,"1":1},"b":{},"_coverageSchema":"43e27e138ebf9cfc5966b082cf9a028302ed4184","hash":"c27a01d3352c63024240c948f36e50f2899a9ffa"}
,"/Users/Emily/mod_4/FE-Trex/src/Components/Trip/Trip.js": {"path":"/Users/Emily/mod_4/FE-Trex/src/Components/Trip/Trip.js","statementMap":{"0":{"start":{"line":18,"column":4},"end":{"line":18,"column":16}},"1":{"start":{"line":19,"column":4},"end":{"line":23,"column":5}},"2":{"start":{"line":26,"column":24},"end":{"line":35,"column":3}},"3":{"start":{"line":27,"column":23},"end":{"line":27,"column":44}},"4":{"start":{"line":28,"column":4},"end":{"line":34,"column":6}},"5":{"start":{"line":29,"column":6},"end":{"line":33,"column":7}},"6":{"start":{"line":31,"column":29},"end":{"line":31,"column":106}},"7":{"start":{"line":37,"column":16},"end":{"line":44,"column":3}},"8":{"start":{"line":38,"column":4},"end":{"line":43,"column":5}},"9":{"start":{"line":39,"column":24},"end":{"line":39,"column":59}},"10":{"start":{"line":40,"column":6},"end":{"line":40,"column":42}},"11":{"start":{"line":42,"column":6},"end":{"line":42,"column":83}},"12":{"start":{"line":46,"column":23},"end":{"line":50,"column":3}},"13":{"start":{"line":47,"column":4},"end":{"line":49,"column":5}},"14":{"start":{"line":48,"column":6},"end":{"line":48,"column":25}},"15":{"start":{"line":54,"column":23},"end":{"line":54,"column":44}},"16":{"start":{"line":55,"column":43},"end":{"line":55,"column":58}},"17":{"start":{"line":56,"column":4},"end":{"line":85,"column":6}},"18":{"start":{"line":70,"column":35},"end":{"line":70,"column":96}},"19":{"start":{"line":73,"column":61},"end":{"line":73,"column":133}},"20":{"start":{"line":90,"column":15},"end":{"line":206,"column":2}}},"fnMap":{"0":{"name":"(anonymous_0)","decl":{"start":{"line":17,"column":2},"end":{"line":17,"column":3}},"loc":{"start":{"line":17,"column":21},"end":{"line":24,"column":3}},"line":17},"1":{"name":"(anonymous_1)","decl":{"start":{"line":26,"column":24},"end":{"line":26,"column":25}},"loc":{"start":{"line":26,"column":30},"end":{"line":35,"column":3}},"line":26},"2":{"name":"(anonymous_2)","decl":{"start":{"line":28,"column":36},"end":{"line":28,"column":37}},"loc":{"start":{"line":28,"column":43},"end":{"line":34,"column":5}},"line":28},"3":{"name":"(anonymous_3)","decl":{"start":{"line":31,"column":23},"end":{"line":31,"column":24}},"loc":{"start":{"line":31,"column":29},"end":{"line":31,"column":106}},"line":31},"4":{"name":"(anonymous_4)","decl":{"start":{"line":37,"column":16},"end":{"line":37,"column":17}},"loc":{"start":{"line":37,"column":28},"end":{"line":44,"column":3}},"line":37},"5":{"name":"(anonymous_5)","decl":{"start":{"line":46,"column":23},"end":{"line":46,"column":24}},"loc":{"start":{"line":46,"column":44},"end":{"line":50,"column":3}},"line":46},"6":{"name":"(anonymous_6)","decl":{"start":{"line":53,"column":2},"end":{"line":53,"column":3}},"loc":{"start":{"line":53,"column":11},"end":{"line":86,"column":3}},"line":53},"7":{"name":"(anonymous_7)","decl":{"start":{"line":70,"column":29},"end":{"line":70,"column":30}},"loc":{"start":{"line":70,"column":35},"end":{"line":70,"column":96}},"line":70},"8":{"name":"(anonymous_8)","decl":{"start":{"line":73,"column":55},"end":{"line":73,"column":56}},"loc":{"start":{"line":73,"column":61},"end":{"line":73,"column":133}},"line":73}},"branchMap":{"0":{"loc":{"start":{"line":21,"column":12},"end":{"line":21,"column":58}},"type":"binary-expr","locations":[{"start":{"line":21,"column":12},"end":{"line":21,"column":50}},{"start":{"line":21,"column":54},"end":{"line":21,"column":58}}],"line":21},"1":{"loc":{"start":{"line":47,"column":4},"end":{"line":49,"column":5}},"type":"if","locations":[{"start":{"line":47,"column":4},"end":{"line":49,"column":5}},{"start":{"line":47,"column":4},"end":{"line":49,"column":5}}],"line":47},"2":{"loc":{"start":{"line":78,"column":13},"end":{"line":78,"column":63}},"type":"binary-expr","locations":[{"start":{"line":78,"column":13},"end":{"line":78,"column":33}},{"start":{"line":78,"column":37},"end":{"line":78,"column":63}}],"line":78}},"s":{"0":0,"1":0,"2":0,"3":0,"4":0,"5":0,"6":0,"7":0,"8":0,"9":0,"10":0,"11":0,"12":0,"13":0,"14":0,"15":0,"16":0,"17":0,"18":0,"19":0,"20":1},"f":{"0":0,"1":0,"2":0,"3":0,"4":0,"5":0,"6":0,"7":0,"8":0},"b":{"0":[0,0],"1":[0,0],"2":[0,0]},"_coverageSchema":"43e27e138ebf9cfc5966b082cf9a028302ed4184","hash":"c92c46cf16172db0c15bb59292d7e04ff2659e8d"}
,"/Users/Emily/mod_4/FE-Trex/src/Components/TripForm/TripForm.js": {"path":"/Users/Emily/mod_4/FE-Trex/src/Components/TripForm/TripForm.js","statementMap":{"0":{"start":{"line":19,"column":4},"end":{"line":19,"column":17}},"1":{"start":{"line":21,"column":4},"end":{"line":28,"column":6}},"2":{"start":{"line":31,"column":23},"end":{"line":37,"column":3}},"3":{"start":{"line":32,"column":4},"end":{"line":36,"column":5}},"4":{"start":{"line":33,"column":6},"end":{"line":35,"column":9}},"5":{"start":{"line":39,"column":22},"end":{"line":48,"column":3}},"6":{"start":{"line":40,"column":4},"end":{"line":47,"column":5}},"7":{"start":{"line":41,"column":41},"end":{"line":41,"column":56}},"8":{"start":{"line":42,"column":6},"end":{"line":46,"column":8}},"9":{"start":{"line":50,"column":23},"end":{"line":64,"column":3}},"10":{"start":{"line":51,"column":39},"end":{"line":51,"column":49}},"11":{"start":{"line":53,"column":4},"end":{"line":63,"column":5}},"12":{"start":{"line":58,"column":6},"end":{"line":58,"column":59}},"13":{"start":{"line":59,"column":6},"end":{"line":59,"column":19}},"14":{"start":{"line":61,"column":6},"end":{"line":61,"column":34}},"15":{"start":{"line":62,"column":6},"end":{"line":62,"column":18}},"16":{"start":{"line":66,"column":15},"end":{"line":78,"column":3}},"17":{"start":{"line":67,"column":4},"end":{"line":77,"column":5}},"18":{"start":{"line":69,"column":34},"end":{"line":69,"column":59}},"19":{"start":{"line":71,"column":6},"end":{"line":73,"column":7}},"20":{"start":{"line":72,"column":8},"end":{"line":72,"column":29}},"21":{"start":{"line":76,"column":6},"end":{"line":76,"column":22}},"22":{"start":{"line":80,"column":18},"end":{"line":99,"column":3}},"23":{"start":{"line":81,"column":47},"end":{"line":81,"column":57}},"24":{"start":{"line":83,"column":22},"end":{"line":88,"column":5}},"25":{"start":{"line":90,"column":4},"end":{"line":98,"column":5}},"26":{"start":{"line":91,"column":20},"end":{"line":91,"column":50}},"27":{"start":{"line":92,"column":6},"end":{"line":95,"column":9}},"28":{"start":{"line":97,"column":6},"end":{"line":97,"column":72}},"29":{"start":{"line":101,"column":13},"end":{"line":120,"column":3}},"30":{"start":{"line":102,"column":45},"end":{"line":102,"column":55}},"31":{"start":{"line":104,"column":25},"end":{"line":109,"column":5}},"32":{"start":{"line":111,"column":4},"end":{"line":119,"column":5}},"33":{"start":{"line":112,"column":23},"end":{"line":112,"column":54}},"34":{"start":{"line":113,"column":6},"end":{"line":116,"column":9}},"35":{"start":{"line":118,"column":6},"end":{"line":118,"column":71}},"36":{"start":{"line":122,"column":15},"end":{"line":129,"column":3}},"37":{"start":{"line":123,"column":4},"end":{"line":128,"column":5}},"38":{"start":{"line":124,"column":24},"end":{"line":124,"column":60}},"39":{"start":{"line":125,"column":6},"end":{"line":125,"column":48}},"40":{"start":{"line":127,"column":6},"end":{"line":127,"column":72}},"41":{"start":{"line":132,"column":25},"end":{"line":132,"column":46}},"42":{"start":{"line":134,"column":4},"end":{"line":262,"column":6}},"43":{"start":{"line":154,"column":36},"end":{"line":154,"column":59}},"44":{"start":{"line":193,"column":14},"end":{"line":193,"column":49}},"45":{"start":{"line":230,"column":14},"end":{"line":230,"column":47}},"46":{"start":{"line":237,"column":29},"end":{"line":237,"column":48}},"47":{"start":{"line":266,"column":15},"end":{"line":367,"column":2}}},"fnMap":{"0":{"name":"(anonymous_0)","decl":{"start":{"line":18,"column":2},"end":{"line":18,"column":3}},"loc":{"start":{"line":18,"column":21},"end":{"line":29,"column":3}},"line":18},"1":{"name":"(anonymous_1)","decl":{"start":{"line":31,"column":23},"end":{"line":31,"column":24}},"loc":{"start":{"line":31,"column":44},"end":{"line":37,"column":3}},"line":31},"2":{"name":"(anonymous_2)","decl":{"start":{"line":39,"column":22},"end":{"line":39,"column":23}},"loc":{"start":{"line":39,"column":28},"end":{"line":48,"column":3}},"line":39},"3":{"name":"(anonymous_3)","decl":{"start":{"line":50,"column":23},"end":{"line":50,"column":24}},"loc":{"start":{"line":50,"column":29},"end":{"line":64,"column":3}},"line":50},"4":{"name":"(anonymous_4)","decl":{"start":{"line":66,"column":15},"end":{"line":66,"column":16}},"loc":{"start":{"line":66,"column":27},"end":{"line":78,"column":3}},"line":66},"5":{"name":"(anonymous_5)","decl":{"start":{"line":80,"column":18},"end":{"line":80,"column":19}},"loc":{"start":{"line":80,"column":30},"end":{"line":99,"column":3}},"line":80},"6":{"name":"(anonymous_6)","decl":{"start":{"line":101,"column":13},"end":{"line":101,"column":14}},"loc":{"start":{"line":101,"column":25},"end":{"line":120,"column":3}},"line":101},"7":{"name":"(anonymous_7)","decl":{"start":{"line":122,"column":15},"end":{"line":122,"column":16}},"loc":{"start":{"line":122,"column":27},"end":{"line":129,"column":3}},"line":122},"8":{"name":"(anonymous_8)","decl":{"start":{"line":131,"column":2},"end":{"line":131,"column":3}},"loc":{"start":{"line":131,"column":11},"end":{"line":263,"column":3}},"line":131},"9":{"name":"(anonymous_9)","decl":{"start":{"line":154,"column":28},"end":{"line":154,"column":29}},"loc":{"start":{"line":154,"column":36},"end":{"line":154,"column":59}},"line":154},"10":{"name":"(anonymous_10)","decl":{"start":{"line":192,"column":26},"end":{"line":192,"column":27}},"loc":{"start":{"line":192,"column":34},"end":{"line":194,"column":13}},"line":192},"11":{"name":"(anonymous_11)","decl":{"start":{"line":229,"column":26},"end":{"line":229,"column":27}},"loc":{"start":{"line":229,"column":34},"end":{"line":231,"column":13}},"line":229},"12":{"name":"(anonymous_12)","decl":{"start":{"line":237,"column":23},"end":{"line":237,"column":24}},"loc":{"start":{"line":237,"column":29},"end":{"line":237,"column":48}},"line":237}},"branchMap":{"0":{"loc":{"start":{"line":26,"column":12},"end":{"line":26,"column":58}},"type":"binary-expr","locations":[{"start":{"line":26,"column":12},"end":{"line":26,"column":50}},{"start":{"line":26,"column":54},"end":{"line":26,"column":58}}],"line":26},"1":{"loc":{"start":{"line":32,"column":4},"end":{"line":36,"column":5}},"type":"if","locations":[{"start":{"line":32,"column":4},"end":{"line":36,"column":5}},{"start":{"line":32,"column":4},"end":{"line":36,"column":5}}],"line":32},"2":{"loc":{"start":{"line":40,"column":4},"end":{"line":47,"column":5}},"type":"if","locations":[{"start":{"line":40,"column":4},"end":{"line":47,"column":5}},{"start":{"line":40,"column":4},"end":{"line":47,"column":5}}],"line":40},"3":{"loc":{"start":{"line":53,"column":4},"end":{"line":63,"column":5}},"type":"if","locations":[{"start":{"line":53,"column":4},"end":{"line":63,"column":5}},{"start":{"line":53,"column":4},"end":{"line":63,"column":5}}],"line":53},"4":{"loc":{"start":{"line":54,"column":6},"end":{"line":56,"column":20}},"type":"binary-expr","locations":[{"start":{"line":54,"column":6},"end":{"line":54,"column":17}},{"start":{"line":55,"column":6},"end":{"line":55,"column":22}},{"start":{"line":56,"column":6},"end":{"line":56,"column":20}}],"line":54},"5":{"loc":{"start":{"line":67,"column":4},"end":{"line":77,"column":5}},"type":"if","locations":[{"start":{"line":67,"column":4},"end":{"line":77,"column":5}},{"start":{"line":67,"column":4},"end":{"line":77,"column":5}}],"line":67},"6":{"loc":{"start":{"line":71,"column":6},"end":{"line":73,"column":7}},"type":"if","locations":[{"start":{"line":71,"column":6},"end":{"line":73,"column":7}},{"start":{"line":71,"column":6},"end":{"line":73,"column":7}}],"line":71},"7":{"loc":{"start":{"line":140,"column":13},"end":{"line":142,"column":13}},"type":"binary-expr","locations":[{"start":{"line":140,"column":13},"end":{"line":140,"column":37}},{"start":{"line":141,"column":14},"end":{"line":141,"column":62}}],"line":140},"8":{"loc":{"start":{"line":143,"column":13},"end":{"line":143,"column":75}},"type":"binary-expr","locations":[{"start":{"line":143,"column":13},"end":{"line":143,"column":28}},{"start":{"line":143,"column":32},"end":{"line":143,"column":75}}],"line":143},"9":{"loc":{"start":{"line":151,"column":16},"end":{"line":151,"column":76}},"type":"binary-expr","locations":[{"start":{"line":151,"column":17},"end":{"line":151,"column":32}},{"start":{"line":151,"column":36},"end":{"line":151,"column":51}},{"start":{"line":151,"column":56},"end":{"line":151,"column":76}}],"line":151},"10":{"loc":{"start":{"line":247,"column":11},"end":{"line":254,"column":11}},"type":"binary-expr","locations":[{"start":{"line":247,"column":11},"end":{"line":247,"column":49}},{"start":{"line":248,"column":12},"end":{"line":253,"column":31}}],"line":247},"11":{"loc":{"start":{"line":256,"column":11},"end":{"line":258,"column":11}},"type":"binary-expr","locations":[{"start":{"line":256,"column":11},"end":{"line":256,"column":34}},{"start":{"line":257,"column":12},"end":{"line":257,"column":69}}],"line":256}},"s":{"0":0,"1":0,"2":0,"3":0,"4":0,"5":0,"6":0,"7":0,"8":0,"9":0,"10":0,"11":0,"12":0,"13":0,"14":0,"15":0,"16":0,"17":0,"18":0,"19":0,"20":0,"21":0,"22":0,"23":0,"24":0,"25":0,"26":0,"27":0,"28":0,"29":0,"30":0,"31":0,"32":0,"33":0,"34":0,"35":0,"36":0,"37":0,"38":0,"39":0,"40":0,"41":0,"42":0,"43":0,"44":0,"45":0,"46":0,"47":1},"f":{"0":0,"1":0,"2":0,"3":0,"4":0,"5":0,"6":0,"7":0,"8":0,"9":0,"10":0,"11":0,"12":0},"b":{"0":[0,0],"1":[0,0],"2":[0,0],"3":[0,0],"4":[0,0,0],"5":[0,0],"6":[0,0],"7":[0,0],"8":[0,0],"9":[0,0,0],"10":[0,0],"11":[0,0]},"_coverageSchema":"43e27e138ebf9cfc5966b082cf9a028302ed4184","hash":"8a9bc3ab17f825a1d38eb16dd31019764b9d9452"}
[...]
art":{"line":232,"column":4},"end":{"line":232,"column":15}},"106":{"start":{"line":236,"column":30},"end":{"line":278,"column":1}},"107":{"start":{"line":238,"column":16},"end":{"line":243,"column":3}},"108":{"start":{"line":245,"column":58},"end":{"line":245,"column":69}},"109":{"start":{"line":247,"column":20},"end":{"line":261,"column":4}},"110":{"start":{"line":263,"column":12},"end":{"line":263,"column":84}},"111":{"start":{"line":265,"column":2},"end":{"line":277,"column":5}},"112":{"start":{"line":266,"column":15},"end":{"line":266,"column":39}},"113":{"start":{"line":267,"column":4},"end":{"line":269,"column":5}},"114":{"start":{"line":268,"column":6},"end":{"line":268,"column":63}},"115":{"start":{"line":271,"column":15},"end":{"line":271,"column":32}},"116":{"start":{"line":272,"column":18},"end":{"line":272,"column":49}},"117":{"start":{"line":273,"column":4},"end":{"line":273,"column":18}},"118":{"start":{"line":276,"column":4},"end":{"line":276,"column":15}},"119":{"start":{"line":280,"column":28},"end":{"line":321,"column":1}},"120":{"start":{"line":282,"column":16},"end":{"line":287,"column":3}},"121":{"start":{"line":289,"column":69},"end":{"line":289,"column":80}},"122":{"start":{"line":291,"column":20},"end":{"line":306,"column":4}},"123":{"start":{"line":308,"column":12},"end":{"line":308,"column":84}},"124":{"start":{"line":310,"column":2},"end":{"line":320,"column":3}},"125":{"start":{"line":311,"column":15},"end":{"line":311,"column":39}},"126":{"start":{"line":312,"column":4},"end":{"line":314,"column":5}},"127":{"start":{"line":313,"column":6},"end":{"line":313,"column":65}},"128":{"start":{"line":315,"column":15},"end":{"line":315,"column":32}},"129":{"start":{"line":316,"column":4},"end":{"line":316,"column":42}},"130":{"start":{"line":319,"column":4},"end":{"line":319,"column":15}},"131":{"start":{"line":323,"column":29},"end":{"line":359,"column":1}},"132":{"start":{"line":325,"column":16},"end":{"line":330,"column":3}},"133":{"start":{"line":332,"column":20},"end":{"line":342,"column":4}},"134":{"start":{"line":344,"column":12},"end":{"line":344,"column":84}},"135":{"start":{"line":346,"column":2},"end":{"line":358,"column":3}},"136":{"start":{"line":347,"column":15},"end":{"line":347,"column":40}},"137":{"start":{"line":349,"column":4},"end":{"line":351,"column":5}},"138":{"start":{"line":350,"column":6},"end":{"line":350,"column":66}},"139":{"start":{"line":353,"column":15},"end":{"line":353,"column":32}},"140":{"start":{"line":354,"column":4},"end":{"line":354,"column":42}},"141":{"start":{"line":357,"column":4},"end":{"line":357,"column":15}},"142":{"start":{"line":362,"column":30},"end":{"line":387,"column":1}},"143":{"start":{"line":363,"column":16},"end":{"line":368,"column":3}},"144":{"start":{"line":370,"column":20},"end":{"line":370,"column":75}},"145":{"start":{"line":372,"column":12},"end":{"line":372,"column":84}},"146":{"start":{"line":374,"column":2},"end":{"line":386,"column":3}},"147":{"start":{"line":375,"column":15},"end":{"line":375,"column":40}},"148":{"start":{"line":377,"column":4},"end":{"line":379,"column":5}},"149":{"start":{"line":378,"column":6},"end":{"line":378,"column":68}},"150":{"start":{"line":381,"column":15},"end":{"line":381,"column":32}},"151":{"start":{"line":383,"column":4},"end":{"line":383,"column":34}},"152":{"start":{"line":385,"column":4},"end":{"line":385,"column":16}},"153":{"start":{"line":390,"column":51},"end":{"line":417,"column":1}},"154":{"start":{"line":392,"column":16},"end":{"line":397,"column":3}},"155":{"start":{"line":399,"column":20},"end":{"line":399,"column":102}},"156":{"start":{"line":401,"column":12},"end":{"line":401,"column":84}},"157":{"start":{"line":403,"column":2},"end":{"line":416,"column":3}},"158":{"start":{"line":404,"column":15},"end":{"line":404,"column":40}},"159":{"start":{"line":406,"column":4},"end":{"line":408,"column":5}},"160":{"start":{"line":407,"column":6},"end":{"line":407,"column":66}},"161":{"start":{"line":410,"column":15},"end":{"line":410,"column":32}},"162":{"start":{"line":412,"column":4},"end":{"line":412,"column":48}},"163":{"start":{"line":415,"column":4},"end":{"line":415,"column":15}},"164":{"start":{"line":420,"column":31},"end":{"line":447,"column":1}},"165":{"start":{"line":421,"column":16},"end":{"line":426,"column":3}},"166":{"start":{"line":428,"column":20},"end":{"line":428,"column":129}},"167":{"start":{"line":430,"column":12},"end":{"line":430,"column":84}},"168":{"start":{"line":432,"column":2},"end":{"line":445,"column":3}},"169":{"start":{"line":433,"column":15},"end":{"line":433,"column":40}},"170":{"start":{"line":435,"column":4},"end":{"line":437,"column":5}},"171":{"start":{"line":436,"column":6},"end":{"line":436,"column":72}},"172":{"start":{"line":439,"column":15},"end":{"line":439,"column":32}},"173":{"start":{"line":441,"column":4},"end":{"line":441,"column":53}},"174":{"start":{"line":444,"column":4},"end":{"line":444,"column":15}},"175":{"start":{"line":448,"column":35},"end":{"line":482,"column":1}},"176":{"start":{"line":450,"column":16},"end":{"line":455,"column":3}},"177":{"start":{"line":462,"column":6},"end":{"line":462,"column":20}},"178":{"start":{"line":464,"column":20},"end":{"line":464,"column":248}},"179":{"start":{"line":466,"column":12},"end":{"line":466,"column":84}},"180":{"start":{"line":468,"column":2},"end":{"line":480,"column":3}},"181":{"start":{"line":469,"column":15},"end":{"line":469,"column":40}},"182":{"start":{"line":471,"column":4},"end":{"line":473,"column":5}},"183":{"start":{"line":472,"column":6},"end":{"line":472,"column":64}},"184":{"start":{"line":475,"column":15},"end":{"line":475,"column":32}},"185":{"start":{"line":476,"column":4},"end":{"line":476,"column":53}},"186":{"start":{"line":479,"column":4},"end":{"line":479,"column":15}},"187":{"start":{"line":484,"column":30},"end":{"line":509,"column":1}},"188":{"start":{"line":486,"column":16},"end":{"line":491,"column":3}},"189":{"start":{"line":493,"column":20},"end":{"line":493,"column":179}},"190":{"start":{"line":494,"column":12},"end":{"line":494,"column":84}},"191":{"start":{"line":496,"column":2},"end":{"line":508,"column":3}},"192":{"start":{"line":497,"column":15},"end":{"line":497,"column":40}},"193":{"start":{"line":498,"column":4},"end":{"line":500,"column":5}},"194":{"start":{"line":499,"column":6},"end":{"line":499,"column":75}},"195":{"start":{"line":502,"column":15},"end":{"line":502,"column":32}},"196":{"start":{"line":503,"column":26},"end":{"line":503,"column":55}},"197":{"start":{"line":504,"column":4},"end":{"line":504,"column":27}},"198":{"start":{"line":507,"column":4},"end":{"line":507,"column":15}},"199":{"start":{"line":512,"column":32},"end":{"line":541,"column":3}},"200":{"start":{"line":514,"column":16},"end":{"line":519,"column":3}},"201":{"start":{"line":521,"column":80},"end":{"line":521,"column":98}},"202":{"start":{"line":523,"column":20},"end":{"line":523,"column":256}},"203":{"start":{"line":525,"column":12},"end":{"line":525,"column":84}},"204":{"start":{"line":527,"column":2},"end":{"line":539,"column":5}},"205":{"start":{"line":528,"column":15},"end":{"line":528,"column":39}},"206":{"start":{"line":529,"column":4},"end":{"line":531,"column":5}},"207":{"start":{"line":530,"column":6},"end":{"line":530,"column":82}},"208":{"start":{"line":533,"column":15},"end":{"line":533,"column":32}},"209":{"start":{"line":534,"column":25},"end":{"line":534,"column":70}},"210":{"start":{"line":535,"column":4},"end":{"line":535,"column":25}},"211":{"start":{"line":538,"column":4},"end":{"line":538,"column":15}},"212":{"start":{"line":545,"column":30},"end":{"line":570,"column":1}},"213":{"start":{"line":547,"column":16},"end":{"line":552,"column":3}},"214":{"start":{"line":554,"column":93},"end":{"line":554,"column":111}},"215":{"start":{"line":556,"column":20},"end":{"line":556,"column":276}},"216":{"start":{"line":557,"column":12},"end":{"line":557,"column":84}},"217":{"start":{"line":559,"column":2},"end":{"line":569,"column":3}},"218":{"start":{"line":560,"column":15},"end":{"line":560,"column":39}},"219":{"start":{"line":561,"column":4},"end":{"line":563,"column":5}},"220":{"start":{"line":562,"column":6},"end":{"line":562,"column":67}},"221":{"start":{"line":564,"column":15},"end":{"line":564,"column":32}},"222":{"start":{"line":565,"column":4},"end":{"line":565,"column":56}},"223":{"start":{"line":568,"column":4},"end":{"line":568,"column":15}},"224":{"start":{"line":572,"column":31},"end":{"line":598,"column":1}},"225":{"start":{"line":573,"column":16},"end":{"line":578,"column":3}},"226":{"start":{"line":580,"column":20},"end":{"line":580,"column":112}},"227":{"start":{"line":582,"column":12},"end":{"line":582,"column":84}},"228":{"start":{"line":584,"column":2},"end":{"line":596,"column":3}},"229":{"start":{"line":585,"column":15},"end":{"line":585,"column":40}},"230":{"start":{"line":587,"column":4},"end":{"line":589,"column":5}},"231":{"start":{"line":588,"column":6},"end":{"line":588,"column":68}},"232":{"start":{"line":591,"column":15},"end":{"line":591,"column":32}},"233":{"start":{"line":592,"column":4},"end":{"line":592,"column":56}},"234":{"start":{"line":595,"column":4},"end":{"line":595,"column":15}}},"fnMap":{"0":{"name":"(anonymous_0)","decl":{"start":{"line":1,"column":25},"end":{"line":1,"column":26}},"loc":{"start":{"line":1,"column":41},"end":{"line":24,"column":1}},"line":1},"1":{"name":"(anonymous_1)","decl":{"start":{"line":26,"column":28},"end":{"line":26,"column":29}},"loc":{"start":{"line":26,"column":45},"end":{"line":50,"column":1}},"line":26},"2":{"name":"(anonymous_2)","decl":{"start":{"line":52,"column":27},"end":{"line":52,"column":28}},"loc":{"start":{"line":52,"column":45},"end":{"line":76,"column":1}},"line":52},"3":{"name":"(anonymous_3)","decl":{"start":{"line":78,"column":25},"end":{"line":78,"column":26}},"loc":{"start":{"line":78,"column":43},"end":{"line":103,"column":1}},"line":78},"4":{"name":"(anonymous_4)","decl":{"start":{"line":105,"column":26},"end":{"line":105,"column":27}},"loc":{"start":{"line":105,"column":42},"end":{"line":129,"column":1}},"line":105},"5":{"name":"(anonymous_5)","decl":{"start":{"line":131,"column":26},"end":{"line":131,"column":27}},"loc":{"start":{"line":131,"column":43},"end":{"line":155,"column":1}},"line":131},"6":{"name":"(anonymous_6)","decl":{"start":{"line":157,"column":24},"end":{"line":157,"column":25}},"loc":{"start":{"line":157,"column":41},"end":{"line":181,"column":1}},"line":157},"7":{"name":"(anonymous_7)","decl":{"start":{"line":183,"column":25},"end":{"line":183,"column":26}},"loc":{"start":{"line":183,"column":40},"end":{"line":207,"column":1}},"line":183},"8":{"name":"(anonymous_8)","decl":{"start":{"line":209,"column":28},"end":{"line":209,"column":29}},"loc":{"start":{"line":209,"column":43},"end":{"line":234,"column":1}},"line":209},"9":{"name":"(anonymous_9)","decl":{"start":{"line":236,"column":30},"end":{"line":236,"column":31}},"loc":{"start":{"line":236,"column":51},"end":{"line":278,"column":1}},"line":236},"10":{"name":"(anonymous_10)","decl":{"start":{"line":280,"column":28},"end":{"line":280,"column":29}},"loc":{"start":{"line":280,"column":49},"end":{"line":321,"column":1}},"line":280},"11":{"name":"(anonymous_11)","decl":{"start":{"line":323,"column":29},"end":{"line":323,"column":30}},"loc":{"start":{"line":323,"column":48},"end":{"line":359,"column":1}},"line":323},"12":{"name":"(anonymous_12)","decl":{"start":{"line":362,"column":30},"end":{"line":362,"column":31}},"loc":{"start":{"line":362,"column":53},"end":{"line":387,"column":1}},"line":362},"13":{"name":"(anonymous_13)","decl":{"start":{"line":390,"column":51},"end":{"line":390,"column":52}},"loc":{"start":{"line":390,"column":74},"end":{"line":417,"column":1}},"line":390},"14":{"name":"(anonymous_14)","decl":{"start":{"line":420,"column":31},"end":{"line":420,"column":32}},"loc":{"start":{"line":420,"column":53},"end":{"line":447,"column":1}},"line":420},"15":{"name":"(anonymous_15)","decl":{"start":{"line":448,"column":35},"end":{"line":448,"column":36}},"loc":{"start":{"line":448,"column":61},"end":{"line":482,"column":1}},"line":448},"16":{"name":"(anonymous_16)","decl":{"start":{"line":484,"column":30},"end":{"line":484,"column":31}},"loc":{"start":{"line":484,"column":47},"end":{"line":509,"column":1}},"line":484},"17":{"name":"(anonymous_17)","decl":{"start":{"line":512,"column":32},"end":{"line":512,"column":33}},"loc":{"start":{"line":512,"column":62},"end":{"line":541,"column":3}},"line":512},"18":{"name":"(anonymous_18)","decl":{"start":{"line":545,"column":30},"end":{"line":545,"column":31}},"loc":{"start":{"line":545,"column":60},"end":{"line":570,"column":1}},"line":545},"19":{"name":"(anonymous_19)","decl":{"start":{"line":572,"column":31},"end":{"line":572,"column":32}},"loc":{"start":{"line":572,"column":59},"end":{"line":598,"column":1}},"line":572}},"branchMap":{"0":{"loc":{"start":{"line":14,"column":4},"end":{"line":16,"column":5}},"type":"if","locations":[{"start":{"line":14,"column":4},"end":{"line":16,"column":5}},{"start":{"line":14,"column":4},"end":{"line":16,"column":5}}],"line":14},"1":{"loc":{"start":{"line":40,"column":4},"end":{"line":42,"column":5}},"type":"if","locations":[{"start":{"line":40,"column":4},"end":{"line":42,"column":5}},{"start":{"line":40,"column":4},"end":{"line":42,"column":5}}],"line":40},"2":{"loc":{"start":{"line":67,"column":4},"end":{"line":69,"column":5}},"type":"if","locations":[{"start":{"line":67,"column":4},"end":{"line":69,"column":5}},{"start":{"line":67,"column":4},"end":{"line":69,"column":5}}],"line":67},"3":{"loc":{"start":{"line":94,"column":4},"end":{"line":96,"column":5}},"type":"if","locations":[{"start":{"line":94,"column":4},"end":{"line":96,"column":5}},{"start":{"line":94,"column":4},"end":{"line":96,"column":5}}],"line":94},"4":{"loc":{"start":{"line":120,"column":4},"end":{"line":122,"column":5}},"type":"if","locations":[{"start":{"line":120,"column":4},"end":{"line":122,"column":5}},{"start":{"line":120,"column":4},"end":{"line":122,"column":5}}],"line":120},"5":{"loc":{"start":{"line":146,"column":4},"end":{"line":148,"column":5}},"type":"if","locations":[{"start":{"line":146,"column":4},"end":{"line":148,"column":5}},{"start":{"line":146,"column":4},"end":{"line":148,"column":5}}],"line":146},"6":{"loc":{"start":{"line":173,"column":4},"end":{"line":175,"column":5}},"type":"if","locations":[{"start":{"line":173,"column":4},"end":{"line":175,"column":5}},{"start":{"line":173,"column":4},"end":{"line":175,"column":5}}],"line":173},"7":{"loc":{"start":{"line":198,"column":4},"end":{"line":200,"column":5}},"type":"if","locations":[{"start":{"line":198,"column":4},"end":{"line":200,"column":5}},{"start":{"line":198,"column":4},"end":{"line":200,"column":5}}],"line":198},"8":{"loc":{"start":{"line":223,"column":4},"end":{"line":225,"column":5}},"type":"if","locations":[{"start":{"line":223,"column":4},"end":{"line":225,"column":5}},{"start":{"line":223,"column":4},"end":{"line":225,"column":5}}],"line":223},"9":{"loc":{"start":{"line":267,"column":4},"end":{"line":269,"column":5}},"type":"if","locations":[{"start":{"line":267,"column":4},"end":{"line":269,"column":5}},{"start":{"line":267,"column":4},"end":{"line":269,"column":5}}],"line":267},"10":{"loc":{"start":{"line":312,"column":4},"end":{"line":314,"column":5}},"type":"if","locations":[{"start":{"line":312,"column":4},"end":{"line":314,"column":5}},{"start":{"line":312,"column":4},"end":{"line":314,"column":5}}],"line":312},"11":{"loc":{"start":{"line":349,"column":4},"end":{"line":351,"column":5}},"type":"if","locations":[{"start":{"line":349,"column":4},"end":{"line":351,"column":5}},{"start":{"line":349,"column":4},"end":{"line":351,"column":5}}],"line":349},"12":{"loc":{"start":{"line":377,"column":4},"end":{"line":379,"column":5}},"type":"if","locations":[{"start":{"line":377,"column":4},"end":{"line":379,"column":5}},{"start":{"line":377,"column":4},"end":{"line":379,"column":5}}],"line":377},"13":{"loc":{"start":{"line":406,"column":4},"end":{"line":408,"column":5}},"type":"if","locations":[{"start":{"line":406,"column":4},"end":{"line":408,"column":5}},{"start":{"line":406,"column":4},"end":{"line":408,"column":5}}],"line":406},"14":{"loc":{"start":{"line":435,"column":4},"end":{"line":437,"column":5}},"type":"if","locations":[{"start":{"line":435,"column":4},"end":{"line":437,"column":5}},{"start":{"line":435,"column":4},"end":{"line":437,"column":5}}],"line":435},"15":{"loc":{"start":{"line":471,"column":4},"end":{"line":473,"column":5}},"type":"if","locations":[{"start":{"line":471,"column":4},"end":{"line":473,"column":5}},{"start":{"line":471,"column":4},"end":{"line":473,"column":5}}],"line":471},"16":{"loc":{"start":{"line":498,"column":4},"end":{"line":500,"column":5}},"type":"if","locations":[{"start":{"line":498,"column":4},"end":{"line":500,"column":5}},{"start":{"line":498,"column":4},"end":{"line":500,"column":5}}],"line":498},"17":{"loc":{"start":{"line":529,"column":4},"end":{"line":531,"column":5}},"type":"if","locations":[{"start":{"line":529,"column":4},"end":{"line":531,"column":5}},{"start":{"line":529,"column":4},"end":{"line":531,"column":5}}],"line":529},"18":{"loc":{"start":{"line":561,"column":4},"end":{"line":563,"column":5}},"type":"if","locations":[{"start":{"line":561,"column":4},"end":{"line":563,"column":5}},{"start":{"line":561,"column":4},"end":{"line":563,"column":5}}],"line":561},"19":{"loc":{"start":{"line":587,"column":4},"end":{"line":589,"column":5}},"type":"if","locations":[{"start":{"line":587,"column":4},"end":{"line":589,"column":5}},{"start":{"line":587,"column":4},"end":{"line":589,"column":5}}],"line":587}},"s":{"0":9,"1":4,"2":4,"3":4,"4":4,"5":4,"6":3,"7":1,"8":2,"9":2,"10":2,"11":2,"12":9,"13":6,"14":6,"15":6,"16":6,"17":6,"18":3,"19":1,"20":2,"21":2,"22":2,"23":4,"24":9,"25":4,"26":4,"27":4,"28":4,"29":4,"30":4,"31":3,"32":1,"33":2,"34":2,"35":2,"36":9,"37":4,"38":4,"39":4,"40":4,"41":4,"42":4,"43":3,"44":1,"45":2,"46":2,"47":2,"48":9,"49":4,"50":4,"51":4,"52":4,"53":4,"54":3,"55":1,"56":2,"57":2,"58":2,"59":9,"60":4,"61":4,"62":4,"63":4,"64":4,"65":4,"66":3,"67":1,"68":2,"69":2,"70":2,"71":9,"72":4,"73":4,"74":4,"75":4,"76":4,"77":4,"78":3,"79":1,"80":2,"81":2,"82":2,"83":9,"84":4,"85":4,"86":4,"87":4,"88":4,"89":3,"90":1,"91":2,"92":2,"93":2,"94":9,"95":0,"96":0,"97":0,"98":0,"99":0,"100":0,"101":0,"102":0,"103":0,"104":0,"105":0,"106":9,"107":0,"108":0,"109":0,"110":0,"111":0,"112":0,"113":0,"114":0,"115":0,"116":0,"117":0,"118":0,"119":9,"120":0,"121":0,"122":0,"123":0,"124":0,"125":0,"126":0,"127":0,"128":0,"129":0,"130":0,"131":9,"132":0,"133":0,"134":0,"135":0,"136":0,"137":0,"138":0,"139":0,"140":0,"141":0,"142":9,"143":5,"144":5,"145":5,"146":5,"147":5,"148":3,"149":1,"150":2,"151":2,"152":3,"153":9,"154":4,"155":4,"156":4,"157":4,"158":4,"159":3,"160":1,"161":2,"162":2,"163":2,"164":9,"165":4,"166":4,"167":4,"168":4,"169":4,"170":3,"171":1,"172":2,"173":2,"174":2,"175":9,"176":4,"177":4,"178":4,"179":4,"180":4,"181":4,"182":3,"183":1,"184":2,"185":2,"186":2,"187":9,"188":4,"189":4,"190":4,"191":4,"192":4,"193":3,"194":1,"195":2,"196":2,"197":2,"198":2,"199":9,"200":4,"201":4,"202":4,"203":4,"204":4,"205":4,"206":3,"207":1,"208":2,"209":2,"210":2,"211":2,"212":9,"213":4,"214":4,"215":4,"216":4,"217":4,"218":4,"219":3,"220":1,"221":2,"222":2,"223":2,"224":9,"225":4,"226":4,"227":4,"228":4,"229":4,"230":3,"231":1,"232":2,"233":2,"234":2},"f":{"0":4,"1":6,"2":4,"3":4,"4":4,"5":4,"6":4,"7":4,"8":0,"9":0,"10":0,"11":0,"12":5,"13":4,"14":4,"15":4,"16":4,"17":4,"18":4,"19":4},"b":{"0":[1,2],"1":[1,2],"2":[1,2],"3":[1,2],"4":[1,2],"5":[1,2],"6":[1,2],"7":[1,2],"8":[0,0],"9":[0,0],"10":[0,0],"11":[0,0],"12":[1,2],"13":[1,2],"14":[1,2],"15":[1,2],"16":[1,2],"17":[1,2],"18":[1,2],"19":[1,2]},"_coverageSchema":"43e27e138ebf9cfc5966b082cf9a028302ed4184","hash":"86c78952166aa52f2308530044594b8d73506e3c"}
}
