{"/Users/alyssalundgren/turing/mod_4/projects/trex/FE-Trex/src/Components/AddLodgingInfo/AddLodgingInfo.js": {"path":"/Users/alyssalundgren/turing/mod_4/projects/trex/FE-Trex/src/Components/AddLodgingInfo/AddLodgingInfo.js","statementMap":{"0":{"start":{"line":17,"column":4},"end":{"line":17,"column":12}},"1":{"start":{"line":18,"column":4},"end":{"line":24,"column":6}},"2":{"start":{"line":28,"column":25},"end":{"line":28,"column":46}},"3":{"start":{"line":29,"column":4},"end":{"line":111,"column":6}},"4":{"start":{"line":40,"column":44},"end":{"line":40,"column":75}},"5":{"start":{"line":48,"column":41},"end":{"line":48,"column":69}},"6":{"start":{"line":56,"column":41},"end":{"line":56,"column":69}},"7":{"start":{"line":78,"column":16},"end":{"line":78,"column":52}},"8":{"start":{"line":101,"column":16},"end":{"line":101,"column":50}},"9":{"start":{"line":115,"column":15},"end":{"line":150,"column":2}}},"fnMap":{"0":{"name":"(anonymous_0)","decl":{"start":{"line":16,"column":2},"end":{"line":16,"column":3}},"loc":{"start":{"line":16,"column":16},"end":{"line":25,"column":3}},"line":16},"1":{"name":"(anonymous_1)","decl":{"start":{"line":27,"column":2},"end":{"line":27,"column":3}},"loc":{"start":{"line":27,"column":11},"end":{"line":112,"column":3}},"line":27},"2":{"name":"(anonymous_2)","decl":{"start":{"line":40,"column":28},"end":{"line":40,"column":29}},"loc":{"start":{"line":40,"column":44},"end":{"line":40,"column":75}},"line":40},"3":{"name":"(anonymous_3)","decl":{"start":{"line":48,"column":28},"end":{"line":48,"column":29}},"loc":{"start":{"line":48,"column":41},"end":{"line":48,"column":69}},"line":48},"4":{"name":"(anonymous_4)","decl":{"start":{"line":56,"column":28},"end":{"line":56,"column":29}},"loc":{"start":{"line":56,"column":41},"end":{"line":56,"column":69}},"line":56},"5":{"name":"(anonymous_5)","decl":{"start":{"line":77,"column":28},"end":{"line":77,"column":29}},"loc":{"start":{"line":77,"column":36},"end":{"line":79,"column":15}},"line":77},"6":{"name":"(anonymous_6)","decl":{"start":{"line":100,"column":28},"end":{"line":100,"column":29}},"loc":{"start":{"line":100,"column":36},"end":{"line":102,"column":15}},"line":100}},"branchMap":{},"s":{"0":0,"1":0,"2":0,"3":0,"4":0,"5":0,"6":0,"7":0,"8":0,"9":1},"f":{"0":0,"1":0,"2":0,"3":0,"4":0,"5":0,"6":0},"b":{},"_coverageSchema":"43e27e138ebf9cfc5966b082cf9a028302ed4184","hash":"77ff0175295ad371c462152e9504624fdf60d594"}
,"/Users/alyssalundgren/turing/mod_4/projects/trex/FE-Trex/src/Components/AddTransportInfo/AddTransportInfo.js": {"path":"/Users/alyssalundgren/turing/mod_4/projects/trex/FE-Trex/src/Components/AddTransportInfo/AddTransportInfo.js","statementMap":{"0":{"start":{"line":17,"column":4},"end":{"line":17,"column":17}},"1":{"start":{"line":18,"column":4},"end":{"line":22,"column":6}},"2":{"start":{"line":26,"column":25},"end":{"line":26,"column":46}},"3":{"start":{"line":27,"column":4},"end":{"line":78,"column":6}},"4":{"start":{"line":38,"column":42},"end":{"line":38,"column":71}},"5":{"start":{"line":46,"column":40},"end":{"line":46,"column":67}},"6":{"start":{"line":68,"column":16},"end":{"line":68,"column":51}},"7":{"start":{"line":82,"column":15},"end":{"line":117,"column":2}}},"fnMap":{"0":{"name":"(anonymous_0)","decl":{"start":{"line":16,"column":2},"end":{"line":16,"column":3}},"loc":{"start":{"line":16,"column":21},"end":{"line":23,"column":3}},"line":16},"1":{"name":"(anonymous_1)","decl":{"start":{"line":25,"column":2},"end":{"line":25,"column":3}},"loc":{"start":{"line":25,"column":11},"end":{"line":79,"column":3}},"line":25},"2":{"name":"(anonymous_2)","decl":{"start":{"line":38,"column":28},"end":{"line":38,"column":29}},"loc":{"start":{"line":38,"column":42},"end":{"line":38,"column":71}},"line":38},"3":{"name":"(anonymous_3)","decl":{"start":{"line":46,"column":28},"end":{"line":46,"column":29}},"loc":{"start":{"line":46,"column":40},"end":{"line":46,"column":67}},"line":46},"4":{"name":"(anonymous_4)","decl":{"start":{"line":67,"column":28},"end":{"line":67,"column":29}},"loc":{"start":{"line":67,"column":36},"end":{"line":69,"column":15}},"line":67}},"branchMap":{},"s":{"0":0,"1":0,"2":0,"3":0,"4":0,"5":0,"6":0,"7":1},"f":{"0":0,"1":0,"2":0,"3":0,"4":0},"b":{},"_coverageSchema":"43e27e138ebf9cfc5966b082cf9a028302ed4184","hash":"fa12ef954d2c3a85895bb36d0a4841bd89588ece"}
,"/Users/alyssalundgren/turing/mod_4/projects/trex/FE-Trex/src/Components/DefaultFollowerMessages/DefaultFollowerMessages.js": {"path":"/Users/alyssalundgren/turing/mod_4/projects/trex/FE-Trex/src/Components/DefaultFollowerMessages/DefaultFollowerMessages.js","statementMap":{"0":{"start":{"line":16,"column":4},"end":{"line":16,"column":12}},"1":{"start":{"line":17,"column":4},"end":{"line":17,"column":20}},"2":{"start":{"line":20,"column":23},"end":{"line":20,"column":44}},"3":{"start":{"line":21,"column":4},"end":{"line":40,"column":6}},"4":{"start":{"line":44,"column":15},"end":{"line":65,"column":2}}},"fnMap":{"0":{"name":"(anonymous_0)","decl":{"start":{"line":15,"column":2},"end":{"line":15,"column":3}},"loc":{"start":{"line":15,"column":16},"end":{"line":18,"column":3}},"line":15},"1":{"name":"(anonymous_1)","decl":{"start":{"line":19,"column":2},"end":{"line":19,"column":3}},"loc":{"start":{"line":19,"column":11},"end":{"line":41,"column":3}},"line":19}},"branchMap":{},"s":{"0":0,"1":0,"2":0,"3":0,"4":1},"f":{"0":0,"1":0},"b":{},"_coverageSchema":"43e27e138ebf9cfc5966b082cf9a028302ed4184","hash":"2eb8b54b11234426dc1e9e730b42f8f18ad94bf8"}
,"/Users/alyssalundgren/turing/mod_4/projects/trex/FE-Trex/src/Components/DefaultWandererMessages/DefaultWandererMessages.js": {"path":"/Users/alyssalundgren/turing/mod_4/projects/trex/FE-Trex/src/Components/DefaultWandererMessages/DefaultWandererMessages.js","statementMap":{"0":{"start":{"line":16,"column":4},"end":{"line":16,"column":12}},"1":{"start":{"line":17,"column":4},"end":{"line":17,"column":20}},"2":{"start":{"line":20,"column":4},"end":{"line":43,"column":6}},"3":{"start":{"line":47,"column":15},"end":{"line":82,"column":2}}},"fnMap":{"0":{"name":"(anonymous_0)","decl":{"start":{"line":15,"column":2},"end":{"line":15,"column":3}},"loc":{"start":{"line":15,"column":16},"end":{"line":18,"column":3}},"line":15},"1":{"name":"(anonymous_1)","decl":{"start":{"line":19,"column":2},"end":{"line":19,"column":3}},"loc":{"start":{"line":19,"column":11},"end":{"line":44,"column":3}},"line":19}},"branchMap":{},"s":{"0":0,"1":0,"2":0,"3":1},"f":{"0":0,"1":0},"b":{},"_coverageSchema":"43e27e138ebf9cfc5966b082cf9a028302ed4184","hash":"817ac66102a987f681101716cdd56b0528359672"}
,"/Users/alyssalundgren/turing/mod_4/projects/trex/FE-Trex/src/Components/Disclaimer/Disclaimer.js": {"path":"/Users/alyssalundgren/turing/mod_4/projects/trex/FE-Trex/src/Components/Disclaimer/Disclaimer.js","statementMap":{"0":{"start":{"line":10,"column":19},"end":{"line":24,"column":1}},"1":{"start":{"line":11,"column":2},"end":{"line":23,"column":3}},"2":{"start":{"line":26,"column":15},"end":{"line":48,"column":2}}},"fnMap":{"0":{"name":"(anonymous_0)","decl":{"start":{"line":10,"column":19},"end":{"line":10,"column":20}},"loc":{"start":{"line":10,"column":25},"end":{"line":24,"column":1}},"line":10}},"branchMap":{},"s":{"0":1,"1":0,"2":1},"f":{"0":0},"b":{},"_coverageSchema":"43e27e138ebf9cfc5966b082cf9a028302ed4184","hash":"3eed70ee20367c852da714fd6329c26ba9897862"}
,"/Users/alyssalundgren/turing/mod_4/projects/trex/FE-Trex/src/Components/FollowerDashboard/FollowerDashboard.js": {"path":"/Users/alyssalundgren/turing/mod_4/projects/trex/FE-Trex/src/Components/FollowerDashboard/FollowerDashboard.js","statementMap":{"0":{"start":{"line":16,"column":4},"end":{"line":16,"column":16}},"1":{"start":{"line":17,"column":4},"end":{"line":19,"column":5}},"2":{"start":{"line":22,"column":23},"end":{"line":22,"column":44}},"3":{"start":{"line":23,"column":4},"end":{"line":31,"column":5}},"4":{"start":{"line":35,"column":15},"end":{"line":64,"column":2}}},"fnMap":{"0":{"name":"(anonymous_0)","decl":{"start":{"line":15,"column":2},"end":{"line":15,"column":3}},"loc":{"start":{"line":15,"column":21},"end":{"line":20,"column":3}},"line":15},"1":{"name":"(anonymous_1)","decl":{"start":{"line":21,"column":2},"end":{"line":21,"column":3}},"loc":{"start":{"line":21,"column":11},"end":{"line":32,"column":3}},"line":21}},"branchMap":{},"s":{"0":0,"1":0,"2":0,"3":0,"4":1},"f":{"0":0,"1":0},"b":{},"_coverageSchema":"43e27e138ebf9cfc5966b082cf9a028302ed4184","hash":"cc3bb9a170427c7878af69e7d7c229cc2b53968f"}
,"/Users/alyssalundgren/turing/mod_4/projects/trex/FE-Trex/src/Components/FollowerFooter/FollowerFooter.js": {"path":"/Users/alyssalundgren/turing/mod_4/projects/trex/FE-Trex/src/Components/FollowerFooter/FollowerFooter.js","statementMap":{"0":{"start":{"line":6,"column":4},"end":{"line":6,"column":17}},"1":{"start":{"line":10,"column":4},"end":{"line":28,"column":6}},"2":{"start":{"line":13,"column":25},"end":{"line":13,"column":65}},"3":{"start":{"line":18,"column":25},"end":{"line":18,"column":71}},"4":{"start":{"line":23,"column":25},"end":{"line":23,"column":63}},"5":{"start":{"line":32,"column":15},"end":{"line":44,"column":2}}},"fnMap":{"0":{"name":"(anonymous_0)","decl":{"start":{"line":5,"column":2},"end":{"line":5,"column":3}},"loc":{"start":{"line":5,"column":21},"end":{"line":7,"column":3}},"line":5},"1":{"name":"(anonymous_1)","decl":{"start":{"line":9,"column":2},"end":{"line":9,"column":3}},"loc":{"start":{"line":9,"column":11},"end":{"line":29,"column":3}},"line":9},"2":{"name":"(anonymous_2)","decl":{"start":{"line":13,"column":19},"end":{"line":13,"column":20}},"loc":{"start":{"line":13,"column":25},"end":{"line":13,"column":65}},"line":13},"3":{"name":"(anonymous_3)","decl":{"start":{"line":18,"column":19},"end":{"line":18,"column":20}},"loc":{"start":{"line":18,"column":25},"end":{"line":18,"column":71}},"line":18},"4":{"name":"(anonymous_4)","decl":{"start":{"line":23,"column":19},"end":{"line":23,"column":20}},"loc":{"start":{"line":23,"column":25},"end":{"line":23,"column":63}},"line":23}},"branchMap":{},"s":{"0":0,"1":0,"2":0,"3":0,"4":0,"5":6},"f":{"0":0,"1":0,"2":0,"3":0,"4":0},"b":{},"_coverageSchema":"43e27e138ebf9cfc5966b082cf9a028302ed4184","hash":"60ba6a3df9728241bb80921269c42c735a3ed7e5"}
,"/Users/alyssalundgren/turing/mod_4/projects/trex/FE-Trex/src/Components/FollowerForm/FollowerForm.js": {"path":"/Users/alyssalundgren/turing/mod_4/projects/trex/FE-Trex/src/Components/FollowerForm/FollowerForm.js","statementMap":{"0":{"start":{"line":16,"column":4},"end":{"line":16,"column":11}},"1":{"start":{"line":17,"column":4},"end":{"line":24,"column":5}},"2":{"start":{"line":28,"column":23},"end":{"line":28,"column":44}},"3":{"start":{"line":29,"column":4},"end":{"line":79,"column":6}},"4":{"start":{"line":46,"column":42},"end":{"line":46,"column":73}},"5":{"start":{"line":54,"column":43},"end":{"line":54,"column":75}},"6":{"start":{"line":62,"column":46},"end":{"line":62,"column":81}},"7":{"start":{"line":70,"column":45},"end":{"line":70,"column":79}},"8":{"start":{"line":84,"column":15},"end":{"line":126,"column":2}}},"fnMap":{"0":{"name":"(anonymous_0)","decl":{"start":{"line":15,"column":2},"end":{"line":15,"column":3}},"loc":{"start":{"line":15,"column":21},"end":{"line":25,"column":3}},"line":15},"1":{"name":"(anonymous_1)","decl":{"start":{"line":27,"column":2},"end":{"line":27,"column":3}},"loc":{"start":{"line":27,"column":11},"end":{"line":80,"column":3}},"line":27},"2":{"name":"(anonymous_2)","decl":{"start":{"line":46,"column":26},"end":{"line":46,"column":27}},"loc":{"start":{"line":46,"column":42},"end":{"line":46,"column":73}},"line":46},"3":{"name":"(anonymous_3)","decl":{"start":{"line":54,"column":26},"end":{"line":54,"column":27}},"loc":{"start":{"line":54,"column":43},"end":{"line":54,"column":75}},"line":54},"4":{"name":"(anonymous_4)","decl":{"start":{"line":62,"column":26},"end":{"line":62,"column":27}},"loc":{"start":{"line":62,"column":46},"end":{"line":62,"column":81}},"line":62},"5":{"name":"(anonymous_5)","decl":{"start":{"line":70,"column":26},"end":{"line":70,"column":27}},"loc":{"start":{"line":70,"column":45},"end":{"line":70,"column":79}},"line":70}},"branchMap":{},"s":{"0":0,"1":0,"2":0,"3":0,"4":0,"5":0,"6":0,"7":0,"8":1},"f":{"0":0,"1":0,"2":0,"3":0,"4":0,"5":0},"b":{},"_coverageSchema":"43e27e138ebf9cfc5966b082cf9a028302ed4184","hash":"a00aed629e3a76431bae9aeae1ffdc37051e2d0d"}
,"/Users/alyssalundgren/turing/mod_4/projects/trex/FE-Trex/src/Components/FollowerHeader/FollowerHeader.js": {"path":"/Users/alyssalundgren/turing/mod_4/projects/trex/FE-Trex/src/Components/FollowerHeader/FollowerHeader.js","statementMap":{"0":{"start":{"line":12,"column":4},"end":{"line":12,"column":16}},"1":{"start":{"line":16,"column":4},"end":{"line":21,"column":5}},"2":{"start":{"line":25,"column":15},"end":{"line":38,"column":2}}},"fnMap":{"0":{"name":"(anonymous_0)","decl":{"start":{"line":11,"column":2},"end":{"line":11,"column":3}},"loc":{"start":{"line":11,"column":21},"end":{"line":13,"column":3}},"line":11},"1":{"name":"(anonymous_1)","decl":{"start":{"line":15,"column":2},"end":{"line":15,"column":3}},"loc":{"start":{"line":15,"column":11},"end":{"line":22,"column":3}},"line":15}},"branchMap":{},"s":{"0":0,"1":0,"2":6},"f":{"0":0,"1":0},"b":{},"_coverageSchema":"43e27e138ebf9cfc5966b082cf9a028302ed4184","hash":"1a757826ad1b99caf7cfa034554cb55c7cbf1098"}
,"/Users/alyssalundgren/turing/mod_4/projects/trex/FE-Trex/src/Components/Home/Home.js": {"path":"/Users/alyssalundgren/turing/mod_4/projects/trex/FE-Trex/src/Components/Home/Home.js","statementMap":{"0":{"start":{"line":15,"column":4},"end":{"line":15,"column":16}},"1":{"start":{"line":16,"column":6},"end":{"line":18,"column":7}},"2":{"start":{"line":22,"column":25},"end":{"line":22,"column":46}},"3":{"start":{"line":23,"column":4},"end":{"line":42,"column":5}},"4":{"start":{"line":29,"column":45},"end":{"line":29,"column":74}},"5":{"start":{"line":32,"column":45},"end":{"line":32,"column":74}},"6":{"start":{"line":46,"column":15},"end":{"line":73,"column":2}}},"fnMap":{"0":{"name":"(anonymous_0)","decl":{"start":{"line":14,"column":2},"end":{"line":14,"column":3}},"loc":{"start":{"line":14,"column":21},"end":{"line":19,"column":3}},"line":14},"1":{"name":"(anonymous_1)","decl":{"start":{"line":21,"column":2},"end":{"line":21,"column":3}},"loc":{"start":{"line":21,"column":11},"end":{"line":43,"column":3}},"line":21},"2":{"name":"(anonymous_2)","decl":{"start":{"line":29,"column":39},"end":{"line":29,"column":40}},"loc":{"start":{"line":29,"column":45},"end":{"line":29,"column":74}},"line":29},"3":{"name":"(anonymous_3)","decl":{"start":{"line":32,"column":39},"end":{"line":32,"column":40}},"loc":{"start":{"line":32,"column":45},"end":{"line":32,"column":74}},"line":32}},"branchMap":{},"s":{"0":0,"1":0,"2":0,"3":0,"4":0,"5":0,"6":1},"f":{"0":0,"1":0,"2":0,"3":0},"b":{},"_coverageSchema":"43e27e138ebf9cfc5966b082cf9a028302ed4184","hash":"f04ea4d80635bf477f8602809e861de727c9c7d1"}
,"/Users/alyssalundgren/turing/mod_4/projects/trex/FE-Trex/src/Components/Leg/Leg.js": {"path":"/Users/alyssalundgren/turing/mod_4/projects/trex/FE-Trex/src/Components/Leg/Leg.js","statementMap":{"0":{"start":{"line":13,"column":19},"end":{"line":43,"column":1}},"1":{"start":{"line":14,"column":21},"end":{"line":14,"column":37}},"2":{"start":{"line":15,"column":58},"end":{"line":15,"column":90}},"3":{"start":{"line":16,"column":17},"end":{"line":16,"column":52}},"4":{"start":{"line":17,"column":12},"end":{"line":17,"column":44}},"5":{"start":{"line":18,"column":2},"end":{"line":42,"column":5}},"6":{"start":{"line":29,"column":35},"end":{"line":29,"column":71}},"7":{"start":{"line":46,"column":15},"end":{"line":105,"column":2}}},"fnMap":{"0":{"name":"(anonymous_0)","decl":{"start":{"line":13,"column":19},"end":{"line":13,"column":20}},"loc":{"start":{"line":13,"column":30},"end":{"line":43,"column":1}},"line":13},"1":{"name":"(anonymous_1)","decl":{"start":{"line":29,"column":29},"end":{"line":29,"column":30}},"loc":{"start":{"line":29,"column":35},"end":{"line":29,"column":71}},"line":29}},"branchMap":{},"s":{"0":1,"1":0,"2":0,"3":0,"4":0,"5":0,"6":0,"7":1},"f":{"0":0,"1":0},"b":{},"_coverageSchema":"43e27e138ebf9cfc5966b082cf9a028302ed4184","hash":"69f4d38b5ccef013b8b63c6b6de1a77046e7f57c"}
,"/Users/alyssalundgren/turing/mod_4/projects/trex/FE-Trex/src/Components/LegForm/LegForm.js": {"path":"/Users/alyssalundgren/turing/mod_4/projects/trex/FE-Trex/src/Components/LegForm/LegForm.js","statementMap":{"0":{"start":{"line":19,"column":4},"end":{"line":19,"column":17}},"1":{"start":{"line":21,"column":4},"end":{"line":29,"column":6}},"2":{"start":{"line":32,"column":22},"end":{"line":42,"column":3}},"3":{"start":{"line":33,"column":4},"end":{"line":41,"column":5}},"4":{"start":{"line":34,"column":63},"end":{"line":34,"column":77}},"5":{"start":{"line":35,"column":6},"end":{"line":40,"column":8}},"6":{"start":{"line":44,"column":21},"end":{"line":50,"column":3}},"7":{"start":{"line":45,"column":4},"end":{"line":49,"column":5}},"8":{"start":{"line":46,"column":6},"end":{"line":46,"column":25}},"9":{"start":{"line":48,"column":6},"end":{"line":48,"column":20}},"10":{"start":{"line":52,"column":17},"end":{"line":69,"column":3}},"11":{"start":{"line":53,"column":67},"end":{"line":53,"column":77}},"12":{"start":{"line":54,"column":21},"end":{"line":60,"column":5}},"13":{"start":{"line":62,"column":4},"end":{"line":68,"column":5}},"14":{"start":{"line":63,"column":19},"end":{"line":63,"column":47}},"15":{"start":{"line":64,"column":6},"end":{"line":64,"column":54}},"16":{"start":{"line":67,"column":6},"end":{"line":67,"column":69}},"17":{"start":{"line":71,"column":12},"end":{"line":90,"column":3}},"18":{"start":{"line":72,"column":13},"end":{"line":72,"column":30}},"19":{"start":{"line":73,"column":67},"end":{"line":73,"column":77}},"20":{"start":{"line":75,"column":24},"end":{"line":82,"column":5}},"21":{"start":{"line":83,"column":4},"end":{"line":89,"column":5}},"22":{"start":{"line":84,"column":22},"end":{"line":84,"column":51}},"23":{"start":{"line":85,"column":6},"end":{"line":85,"column":54}},"24":{"start":{"line":88,"column":6},"end":{"line":88,"column":67}},"25":{"start":{"line":93,"column":14},"end":{"line":100,"column":3}},"26":{"start":{"line":94,"column":4},"end":{"line":99,"column":5}},"27":{"start":{"line":95,"column":23},"end":{"line":95,"column":57}},"28":{"start":{"line":96,"column":6},"end":{"line":96,"column":74}},"29":{"start":{"line":98,"column":6},"end":{"line":98,"column":69}},"30":{"start":{"line":104,"column":23},"end":{"line":104,"column":44}},"31":{"start":{"line":105,"column":4},"end":{"line":195,"column":6}},"32":{"start":{"line":122,"column":43},"end":{"line":122,"column":75}},"33":{"start":{"line":130,"column":41},"end":{"line":130,"column":71}},"34":{"start":{"line":152,"column":35},"end":{"line":152,"column":67}},"35":{"start":{"line":173,"column":35},"end":{"line":173,"column":65}},"36":{"start":{"line":176,"column":55},"end":{"line":176,"column":83}},"37":{"start":{"line":179,"column":55},"end":{"line":179,"column":81}},"38":{"start":{"line":199,"column":15},"end":{"line":253,"column":2}}},"fnMap":{"0":{"name":"(anonymous_0)","decl":{"start":{"line":18,"column":2},"end":{"line":18,"column":3}},"loc":{"start":{"line":18,"column":21},"end":{"line":30,"column":3}},"line":18},"1":{"name":"(anonymous_1)","decl":{"start":{"line":32,"column":22},"end":{"line":32,"column":23}},"loc":{"start":{"line":32,"column":28},"end":{"line":42,"column":3}},"line":32},"2":{"name":"(anonymous_2)","decl":{"start":{"line":44,"column":21},"end":{"line":44,"column":22}},"loc":{"start":{"line":44,"column":33},"end":{"line":50,"column":3}},"line":44},"3":{"name":"(anonymous_3)","decl":{"start":{"line":52,"column":17},"end":{"line":52,"column":18}},"loc":{"start":{"line":52,"column":29},"end":{"line":69,"column":3}},"line":52},"4":{"name":"(anonymous_4)","decl":{"start":{"line":71,"column":12},"end":{"line":71,"column":13}},"loc":{"start":{"line":71,"column":24},"end":{"line":90,"column":3}},"line":71},"5":{"name":"(anonymous_5)","decl":{"start":{"line":93,"column":14},"end":{"line":93,"column":15}},"loc":{"start":{"line":93,"column":26},"end":{"line":100,"column":3}},"line":93},"6":{"name":"(anonymous_6)","decl":{"start":{"line":103,"column":2},"end":{"line":103,"column":3}},"loc":{"start":{"line":103,"column":11},"end":{"line":196,"column":3}},"line":103},"7":{"name":"(anonymous_7)","decl":{"start":{"line":122,"column":26},"end":{"line":122,"column":27}},"loc":{"start":{"line":122,"column":43},"end":{"line":122,"column":75}},"line":122},"8":{"name":"(anonymous_8)","decl":{"start":{"line":130,"column":26},"end":{"line":130,"column":27}},"loc":{"start":{"line":130,"column":41},"end":{"line":130,"column":71}},"line":130},"9":{"name":"(anonymous_9)","decl":{"start":{"line":152,"column":24},"end":{"line":152,"column":25}},"loc":{"start":{"line":152,"column":34},"end":{"line":152,"column":68}},"line":152},"10":{"name":"(anonymous_10)","decl":{"start":{"line":173,"column":24},"end":{"line":173,"column":25}},"loc":{"start":{"line":173,"column":34},"end":{"line":173,"column":66}},"line":173},"11":{"name":"(anonymous_11)","decl":{"start":{"line":176,"column":49},"end":{"line":176,"column":50}},"loc":{"start":{"line":176,"column":55},"end":{"line":176,"column":83}},"line":176},"12":{"name":"(anonymous_12)","decl":{"start":{"line":179,"column":49},"end":{"line":179,"column":50}},"loc":{"start":{"line":179,"column":55},"end":{"line":179,"column":81}},"line":179}},"branchMap":{"0":{"loc":{"start":{"line":27,"column":11},"end":{"line":27,"column":56}},"type":"binary-expr","locations":[{"start":{"line":27,"column":11},"end":{"line":27,"column":48}},{"start":{"line":27,"column":52},"end":{"line":27,"column":56}}],"line":27},"1":{"loc":{"start":{"line":33,"column":4},"end":{"line":41,"column":5}},"type":"if","locations":[{"start":{"line":33,"column":4},"end":{"line":41,"column":5}},{"start":{"line":33,"column":4},"end":{"line":41,"column":5}}],"line":33},"2":{"loc":{"start":{"line":45,"column":4},"end":{"line":49,"column":5}},"type":"if","locations":[{"start":{"line":45,"column":4},"end":{"line":49,"column":5}},{"start":{"line":45,"column":4},"end":{"line":49,"column":5}}],"line":45},"3":{"loc":{"start":{"line":112,"column":13},"end":{"line":112,"column":87}},"type":"binary-expr","locations":[{"start":{"line":112,"column":13},"end":{"line":112,"column":36}},{"start":{"line":112,"column":40},"end":{"line":112,"column":87}}],"line":112},"4":{"loc":{"start":{"line":113,"column":13},"end":{"line":113,"column":73}},"type":"binary-expr","locations":[{"start":{"line":113,"column":13},"end":{"line":113,"column":27}},{"start":{"line":113,"column":31},"end":{"line":113,"column":73}}],"line":113},"5":{"loc":{"start":{"line":184,"column":11},"end":{"line":187,"column":29}},"type":"binary-expr","locations":[{"start":{"line":184,"column":11},"end":{"line":184,"column":48}},{"start":{"line":185,"column":10},"end":{"line":187,"column":29}}],"line":184}},"s":{"0":0,"1":0,"2":0,"3":0,"4":0,"5":0,"6":0,"7":0,"8":0,"9":0,"10":0,"11":0,"12":0,"13":0,"14":0,"15":0,"16":0,"17":0,"18":0,"19":0,"20":0,"21":0,"22":0,"23":0,"24":0,"25":0,"26":0,"27":0,"28":0,"29":0,"30":0,"31":0,"32":0,"33":0,"34":0,"35":0,"36":0,"37":0,"38":1},"f":{"0":0,"1":0,"2":0,"3":0,"4":0,"5":0,"6":0,"7":0,"8":0,"9":0,"10":0,"11":0,"12":0},"b":{"0":[0,0],"1":[0,0],"2":[0,0],"3":[0,0],"4":[0,0],"5":[0,0]},"_coverageSchema":"43e27e138ebf9cfc5966b082cf9a028302ed4184","hash":"b59a6654fb2347f8bf2d810c83438a10ad10ff67"}
,"/Users/alyssalundgren/turing/mod_4/projects/trex/FE-Trex/src/Components/Map/Map.js": {"path":"/Users/alyssalundgren/turing/mod_4/projects/trex/FE-Trex/src/Components/Map/Map.js","statementMap":{"0":{"start":{"line":16,"column":4},"end":{"line":16,"column":12}},"1":{"start":{"line":17,"column":4},"end":{"line":21,"column":6}},"2":{"start":{"line":24,"column":22},"end":{"line":32,"column":5}},"3":{"start":{"line":25,"column":4},"end":{"line":31,"column":8}},"4":{"start":{"line":27,"column":8},"end":{"line":27,"column":46}},"5":{"start":{"line":29,"column":15},"end":{"line":29,"column":41}},"6":{"start":{"line":37,"column":6},"end":{"line":56,"column":6}},"7":{"start":{"line":59,"column":15},"end":{"line":70,"column":2}}},"fnMap":{"0":{"name":"(anonymous_0)","decl":{"start":{"line":15,"column":2},"end":{"line":15,"column":3}},"loc":{"start":{"line":15,"column":16},"end":{"line":22,"column":3}},"line":15},"1":{"name":"(anonymous_1)","decl":{"start":{"line":24,"column":22},"end":{"line":24,"column":23}},"loc":{"start":{"line":24,"column":28},"end":{"line":32,"column":5}},"line":24},"2":{"name":"(anonymous_2)","decl":{"start":{"line":26,"column":6},"end":{"line":26,"column":7}},"loc":{"start":{"line":26,"column":18},"end":{"line":28,"column":7}},"line":26},"3":{"name":"(anonymous_3)","decl":{"start":{"line":29,"column":6},"end":{"line":29,"column":7}},"loc":{"start":{"line":29,"column":15},"end":{"line":29,"column":41}},"line":29},"4":{"name":"(anonymous_4)","decl":{"start":{"line":34,"column":4},"end":{"line":34,"column":5}},"loc":{"start":{"line":34,"column":13},"end":{"line":57,"column":3}},"line":34}},"branchMap":{"0":{"loc":{"start":{"line":39,"column":11},"end":{"line":49,"column":22}},"type":"binary-expr","locations":[{"start":{"line":39,"column":11},"end":{"line":39,"column":39}},{"start":{"line":40,"column":12},"end":{"line":49,"column":22}}],"line":39}},"s":{"0":0,"1":0,"2":0,"3":0,"4":0,"5":0,"6":0,"7":2},"f":{"0":0,"1":0,"2":0,"3":0,"4":0},"b":{"0":[0,0]},"_coverageSchema":"43e27e138ebf9cfc5966b082cf9a028302ed4184","hash":"b1d9f319928d5f47431ca0a9f02e137102a2e7f2"}
,"/Users/alyssalundgren/turing/mod_4/projects/trex/FE-Trex/src/Components/MessageHistory/MessageHistory.js": {"path":"/Users/alyssalundgren/turing/mod_4/projects/trex/FE-Trex/src/Components/MessageHistory/MessageHistory.js","statementMap":{"0":{"start":{"line":16,"column":4},"end":{"line":16,"column":11}},"1":{"start":{"line":17,"column":4},"end":{"line":19,"column":5}},"2":{"start":{"line":22,"column":23},"end":{"line":22,"column":44}},"3":{"start":{"line":23,"column":4},"end":{"line":31,"column":5}},"4":{"start":{"line":35,"column":15},"end":{"line":64,"column":2}}},"fnMap":{"0":{"name":"(anonymous_0)","decl":{"start":{"line":15,"column":2},"end":{"line":15,"column":3}},"loc":{"start":{"line":15,"column":16},"end":{"line":20,"column":3}},"line":15},"1":{"name":"(anonymous_1)","decl":{"start":{"line":21,"column":2},"end":{"line":21,"column":3}},"loc":{"start":{"line":21,"column":11},"end":{"line":32,"column":3}},"line":21}},"branchMap":{},"s":{"0":0,"1":0,"2":0,"3":0,"4":1},"f":{"0":0,"1":0},"b":{},"_coverageSchema":"43e27e138ebf9cfc5966b082cf9a028302ed4184","hash":"e56140cad0cbf8c660ac0ec3c0dbd4c706dcd21c"}
,"/Users/alyssalundgren/turing/mod_4/projects/trex/FE-Trex/src/Components/MyFollowers/MyFollowers.js": {"path":"/Users/alyssalundgren/turing/mod_4/projects/trex/FE-Trex/src/Components/MyFollowers/MyFollowers.js","statementMap":{"0":{"start":{"line":14,"column":23},"end":{"line":14,"column":39}},"1":{"start":{"line":17,"column":4},"end":{"line":31,"column":5}},"2":{"start":{"line":26,"column":53},"end":{"line":26,"column":77}},"3":{"start":{"line":34,"column":15},"end":{"line":65,"column":2}}},"fnMap":{"0":{"name":"MyFollowers","decl":{"start":{"line":12,"column":16},"end":{"line":12,"column":27}},"loc":{"start":{"line":12,"column":35},"end":{"line":32,"column":1}},"line":12},"1":{"name":"(anonymous_1)","decl":{"start":{"line":26,"column":47},"end":{"line":26,"column":48}},"loc":{"start":{"line":26,"column":53},"end":{"line":26,"column":77}},"line":26}},"branchMap":{},"s":{"0":0,"1":0,"2":0,"3":1},"f":{"0":0,"1":0},"b":{},"_coverageSchema":"43e27e138ebf9cfc5966b082cf9a028302ed4184","hash":"42a93857e6d7663da7e24209dc156ca15d15eb0a"}
,"/Users/alyssalundgren/turing/mod_4/projects/trex/FE-Trex/src/Components/MyWanderersTrips/MyWanderersTrips.js": {"path":"/Users/alyssalundgren/turing/mod_4/projects/trex/FE-Trex/src/Components/MyWanderersTrips/MyWanderersTrips.js","statementMap":{"0":{"start":{"line":16,"column":4},"end":{"line":16,"column":11}},"1":{"start":{"line":17,"column":4},"end":{"line":19,"column":5}},"2":{"start":{"line":22,"column":23},"end":{"line":22,"column":44}},"3":{"start":{"line":23,"column":4},"end":{"line":31,"column":5}},"4":{"start":{"line":35,"column":15},"end":{"line":64,"column":2}}},"fnMap":{"0":{"name":"(anonymous_0)","decl":{"start":{"line":15,"column":2},"end":{"line":15,"column":3}},"loc":{"start":{"line":15,"column":16},"end":{"line":20,"column":3}},"line":15},"1":{"name":"(anonymous_1)","decl":{"start":{"line":21,"column":2},"end":{"line":21,"column":3}},"loc":{"start":{"line":21,"column":11},"end":{"line":32,"column":3}},"line":21}},"branchMap":{},"s":{"0":0,"1":0,"2":0,"3":0,"4":1},"f":{"0":0,"1":0},"b":{},"_coverageSchema":"43e27e138ebf9cfc5966b082cf9a028302ed4184","hash":"767d323f9e31b89906fdcdae8a2143ba40d6f72d"}
,"/Users/alyssalundgren/turing/mod_4/projects/trex/FE-Trex/src/Components/SafetyInfo/SafetyInfo.js": {"path":"/Users/alyssalundgren/turing/mod_4/projects/trex/FE-Trex/src/Components/SafetyInfo/SafetyInfo.js","statementMap":{"0":{"start":{"line":14,"column":23},"end":{"line":14,"column":39}},"1":{"start":{"line":17,"column":4},"end":{"line":25,"column":5}},"2":{"start":{"line":28,"column":15},"end":{"line":38,"column":2}}},"fnMap":{"0":{"name":"SafetyInfo","decl":{"start":{"line":12,"column":16},"end":{"line":12,"column":26}},"loc":{"start":{"line":12,"column":34},"end":{"line":26,"column":1}},"line":12}},"branchMap":{},"s":{"0":0,"1":0,"2":1},"f":{"0":0},"b":{},"_coverageSchema":"43e27e138ebf9cfc5966b082cf9a028302ed4184","hash":"68bf9a28ed682967767175a2d4b8d7c55763f023"}
,"/Users/alyssalundgren/turing/mod_4/projects/trex/FE-Trex/src/Components/TravelCompanionsContacts/TravelCompanionsContacts.js": {"path":"/Users/alyssalundgren/turing/mod_4/projects/trex/FE-Trex/src/Components/TravelCompanionsContacts/TravelCompanionsContacts.js","statementMap":{"0":{"start":{"line":16,"column":4},"end":{"line":16,"column":11}},"1":{"start":{"line":17,"column":4},"end":{"line":19,"column":5}},"2":{"start":{"line":22,"column":23},"end":{"line":22,"column":44}},"3":{"start":{"line":23,"column":4},"end":{"line":31,"column":5}},"4":{"start":{"line":35,"column":15},"end":{"line":64,"column":2}}},"fnMap":{"0":{"name":"(anonymous_0)","decl":{"start":{"line":15,"column":2},"end":{"line":15,"column":3}},"loc":{"start":{"line":15,"column":16},"end":{"line":20,"column":3}},"line":15},"1":{"name":"(anonymous_1)","decl":{"start":{"line":21,"column":2},"end":{"line":21,"column":3}},"loc":{"start":{"line":21,"column":11},"end":{"line":32,"column":3}},"line":21}},"branchMap":{},"s":{"0":0,"1":0,"2":0,"3":0,"4":1},"f":{"0":0,"1":0},"b":{},"_coverageSchema":"43e27e138ebf9cfc5966b082cf9a028302ed4184","hash":"8244c8000d5d3f871abf2c55d8b46f830f210dd1"}
,"/Users/alyssalundgren/turing/mod_4/projects/trex/FE-Trex/src/Components/Trip/Trip.js": {"path":"/Users/alyssalundgren/turing/mod_4/projects/trex/FE-Trex/src/Components/Trip/Trip.js","statementMap":{"0":{"start":{"line":16,"column":4},"end":{"line":16,"column":16}},"1":{"start":{"line":17,"column":4},"end":{"line":21,"column":5}},"2":{"start":{"line":24,"column":24},"end":{"line":33,"column":3}},"3":{"start":{"line":25,"column":23},"end":{"line":25,"column":44}},"4":{"start":{"line":26,"column":4},"end":{"line":32,"column":6}},"5":{"start":{"line":27,"column":6},"end":{"line":31,"column":7}},"6":{"start":{"line":29,"column":29},"end":{"line":29,"column":79}},"7":{"start":{"line":39,"column":23},"end":{"line":39,"column":44}},"8":{"start":{"line":40,"column":43},"end":{"line":40,"column":58}},"9":{"start":{"line":41,"column":4},"end":{"line":75,"column":6}},"10":{"start":{"line":51,"column":65},"end":{"line":51,"column":137}},"11":{"start":{"line":66,"column":35},"end":{"line":66,"column":69}},"12":{"start":{"line":80,"column":15},"end":{"line":146,"column":2}}},"fnMap":{"0":{"name":"(anonymous_0)","decl":{"start":{"line":15,"column":2},"end":{"line":15,"column":3}},"loc":{"start":{"line":15,"column":21},"end":{"line":22,"column":3}},"line":15},"1":{"name":"(anonymous_1)","decl":{"start":{"line":24,"column":24},"end":{"line":24,"column":25}},"loc":{"start":{"line":24,"column":30},"end":{"line":33,"column":3}},"line":24},"2":{"name":"(anonymous_2)","decl":{"start":{"line":26,"column":36},"end":{"line":26,"column":37}},"loc":{"start":{"line":26,"column":43},"end":{"line":32,"column":5}},"line":26},"3":{"name":"(anonymous_3)","decl":{"start":{"line":29,"column":23},"end":{"line":29,"column":24}},"loc":{"start":{"line":29,"column":29},"end":{"line":29,"column":79}},"line":29},"4":{"name":"(anonymous_4)","decl":{"start":{"line":38,"column":2},"end":{"line":38,"column":3}},"loc":{"start":{"line":38,"column":11},"end":{"line":76,"column":3}},"line":38},"5":{"name":"(anonymous_5)","decl":{"start":{"line":51,"column":59},"end":{"line":51,"column":60}},"loc":{"start":{"line":51,"column":65},"end":{"line":51,"column":137}},"line":51},"6":{"name":"(anonymous_6)","decl":{"start":{"line":66,"column":29},"end":{"line":66,"column":30}},"loc":{"start":{"line":66,"column":35},"end":{"line":66,"column":69}},"line":66}},"branchMap":{"0":{"loc":{"start":{"line":60,"column":13},"end":{"line":60,"column":63}},"type":"binary-expr","locations":[{"start":{"line":60,"column":13},"end":{"line":60,"column":33}},{"start":{"line":60,"column":37},"end":{"line":60,"column":63}}],"line":60}},"s":{"0":0,"1":0,"2":0,"3":0,"4":0,"5":0,"6":0,"7":0,"8":0,"9":0,"10":0,"11":0,"12":1},"f":{"0":0,"1":0,"2":0,"3":0,"4":0,"5":0,"6":0},"b":{"0":[0,0]},"_coverageSchema":"43e27e138ebf9cfc5966b082cf9a028302ed4184","hash":"46a5ba12fb25282493cf7289ea94ed93c96c892e"}
,"/Users/alyssalundgren/turing/mod_4/projects/trex/FE-Trex/src/Components/WandererDashboard/WandererDashboard.js": {"path":"/Users/alyssalundgren/turing/mod_4/projects/trex/FE-Trex/src/Components/WandererDashboard/WandererDashboard.js","statementMap":{"0":{"start":{"line":17,"column":21},"end":{"line":17,"column":42}},"1":{"start":{"line":19,"column":4},"end":{"line":29,"column":5}},"2":{"start":{"line":33,"column":15},"end":{"line":49,"column":2}}},"fnMap":{"0":{"name":"(anonymous_0)","decl":{"start":{"line":16,"column":2},"end":{"line":16,"column":3}},"loc":{"start":{"line":16,"column":11},"end":{"line":30,"column":3}},"line":16}},"branchMap":{},"s":{"0":0,"1":0,"2":1},"f":{"0":0},"b":{},"_coverageSchema":"43e27e138ebf9cfc5966b082cf9a028302ed4184","hash":"da05e87ed1515fdab3a2eaf27bcf7846a94c1463"}
,"/Users/alyssalundgren/turing/mod_4/projects/trex/FE-Trex/src/Components/WandererFooter/WandererFooter.js": {"path":"/Users/alyssalundgren/turing/mod_4/projects/trex/FE-Trex/src/Components/WandererFooter/WandererFooter.js","statementMap":{"0":{"start":{"line":12,"column":4},"end":{"line":12,"column":16}},"1":{"start":{"line":18,"column":4},"end":{"line":38,"column":5}},"2":{"start":{"line":22,"column":27},"end":{"line":22,"column":57}},"3":{"start":{"line":27,"column":27},"end":{"line":27,"column":60}},"4":{"start":{"line":33,"column":27},"end":{"line":33,"column":61}},"5":{"start":{"line":43,"column":15},"end":{"line":55,"column":2}}},"fnMap":{"0":{"name":"(anonymous_0)","decl":{"start":{"line":11,"column":2},"end":{"line":11,"column":3}},"loc":{"start":{"line":11,"column":21},"end":{"line":13,"column":3}},"line":11},"1":{"name":"(anonymous_1)","decl":{"start":{"line":15,"column":2},"end":{"line":15,"column":3}},"loc":{"start":{"line":15,"column":11},"end":{"line":39,"column":3}},"line":15},"2":{"name":"(anonymous_2)","decl":{"start":{"line":22,"column":21},"end":{"line":22,"column":22}},"loc":{"start":{"line":22,"column":27},"end":{"line":22,"column":57}},"line":22},"3":{"name":"(anonymous_3)","decl":{"start":{"line":27,"column":21},"end":{"line":27,"column":22}},"loc":{"start":{"line":27,"column":27},"end":{"line":27,"column":60}},"line":27},"4":{"name":"(anonymous_4)","decl":{"start":{"line":33,"column":21},"end":{"line":33,"column":22}},"loc":{"start":{"line":33,"column":27},"end":{"line":33,"column":61}},"line":33}},"branchMap":{},"s":{"0":0,"1":0,"2":0,"3":0,"4":0,"5":12},"f":{"0":0,"1":0,"2":0,"3":0,"4":0},"b":{},"_coverageSchema":"43e27e138ebf9cfc5966b082cf9a028302ed4184","hash":"6e82366935429d66a23145d6f5f8b2690c7db79f"}
,"/Users/alyssalundgren/turing/mod_4/projects/trex/FE-Trex/src/Components/WandererHeader/WandererHeader.js": {"path":"/Users/alyssalundgren/turing/mod_4/projects/trex/FE-Trex/src/Components/WandererHeader/WandererHeader.js","statementMap":{"0":{"start":{"line":12,"column":4},"end":{"line":12,"column":16}},"1":{"start":{"line":16,"column":4},"end":{"line":21,"column":5}},"2":{"start":{"line":25,"column":15},"end":{"line":38,"column":2}}},"fnMap":{"0":{"name":"(anonymous_0)","decl":{"start":{"line":11,"column":2},"end":{"line":11,"column":3}},"loc":{"start":{"line":11,"column":21},"end":{"line":13,"column":3}},"line":11},"1":{"name":"(anonymous_1)","decl":{"start":{"line":15,"column":2},"end":{"line":15,"column":3}},"loc":{"start":{"line":15,"column":11},"end":{"line":22,"column":3}},"line":15}},"branchMap":{},"s":{"0":0,"1":0,"2":12},"f":{"0":0,"1":0},"b":{},"_coverageSchema":"43e27e138ebf9cfc5966b082cf9a028302ed4184","hash":"f2df3beb17da68567b5b5c1e47150321a66e1fec"}
,"/Users/alyssalundgren/turing/mod_4/projects/trex/FE-Trex/src/Components/Weather/Weather.js": {"path":"/Users/alyssalundgren/turing/mod_4/projects/trex/FE-Trex/src/Components/Weather/Weather.js","statementMap":{"0":{"start":{"line":13,"column":4},"end":{"line":13,"column":11}},"1":{"start":{"line":14,"column":4},"end":{"line":16,"column":5}},"2":{"start":{"line":19,"column":4},"end":{"line":21,"column":5}},"3":{"start":{"line":25,"column":15},"end":{"line":38,"column":2}}},"fnMap":{"0":{"name":"(anonymous_0)","decl":{"start":{"line":12,"column":2},"end":{"line":12,"column":3}},"loc":{"start":{"line":12,"column":16},"end":{"line":17,"column":3}},"line":12},"1":{"name":"(anonymous_1)","decl":{"start":{"line":18,"column":2},"end":{"line":18,"column":3}},"loc":{"start":{"line":18,"column":11},"end":{"line":22,"column":3}},"line":18}},"branchMap":{},"s":{"0":0,"1":0,"2":0,"3":2},"f":{"0":0,"1":0},"b":{},"_coverageSchema":"43e27e138ebf9cfc5966b082cf9a028302ed4184","hash":"bf7ae7e129513d4529bffa963bd467cb754b75e9"}
,"/Users/alyssalundgren/turing/mod_4/projects/trex/FE-Trex/src/util/apiCalls.js": {"path":"/Users/alyssalundgren/turing/mod_4/projects/trex/FE-Trex/src/util/apiCalls.js","statementMap":{"0":{"start":{"line":1,"column":28},"end":{"line":26,"column":1}},"1":{"start":{"line":2,"column":16},"end":{"line":7,"column":3}},"2":{"start":{"line":9,"column":20},"end":{"line":9,"column":148}},"3":{"start":{"line":11,"column":12},"end":{"line":11,"column":84}},"4":{"start":{"line":13,"column":2},"end":{"line":25,"column":3}},"5":{"start":{"line":14,"column":15},"end":{"line":14,"column":40}},"6":{"start":{"line":15,"column":4},"end":{"line":17,"column":5}},"7":{"start":{"line":16,"column":6},"end":{"line":16,"column":63}},"8":{"start":{"line":19,"column":15},"end":{"line":19,"column":32}},"9":{"start":{"line":20,"column":16},"end":{"line":20,"column":36}},"10":{"start":{"line":21,"column":4},"end":{"line":21,"column":17}},"11":{"start":{"line":24,"column":4},"end":{"line":24,"column":15}},"12":{"start":{"line":28,"column":27},"end":{"line":55,"column":1}},"13":{"start":{"line":30,"column":16},"end":{"line":35,"column":3}},"14":{"start":{"line":36,"column":45},"end":{"line":36,"column":53}},"15":{"start":{"line":38,"column":20},"end":{"line":38,"column":173}},"16":{"start":{"line":40,"column":12},"end":{"line":40,"column":84}},"17":{"start":{"line":42,"column":2},"end":{"line":53,"column":3}},"18":{"start":{"line":43,"column":15},"end":{"line":43,"column":39}},"19":{"start":{"line":44,"column":4},"end":{"line":46,"column":5}},"20":{"start":{"line":45,"column":6},"end":{"line":45,"column":62}},"21":{"start":{"line":48,"column":15},"end":{"line":48,"column":32}},"22":{"start":{"line":49,"column":4},"end":{"line":49,"column":36}},"23":{"start":{"line":52,"column":4},"end":{"line":52,"column":15}},"24":{"start":{"line":58,"column":25},"end":{"line":84,"column":1}},"25":{"start":{"line":59,"column":16},"end":{"line":64,"column":3}},"26":{"start":{"line":65,"column":41},"end":{"line":65,"column":49}},"27":{"start":{"line":67,"column":20},"end":{"line":67,"column":165}},"28":{"start":{"line":69,"column":12},"end":{"line":69,"column":84}},"29":{"start":{"line":71,"column":2},"end":{"line":83,"column":3}},"30":{"start":{"line":72,"column":15},"end":{"line":72,"column":40}},"31":{"start":{"line":74,"column":4},"end":{"line":76,"column":5}},"32":{"start":{"line":75,"column":6},"end":{"line":75,"column":61}},"33":{"start":{"line":78,"column":15},"end":{"line":78,"column":32}},"34":{"start":{"line":79,"column":4},"end":{"line":79,"column":36}},"35":{"start":{"line":82,"column":4},"end":{"line":82,"column":15}},"36":{"start":{"line":88,"column":26},"end":{"line":116,"column":1}},"37":{"start":{"line":90,"column":16},"end":{"line":95,"column":3}},"38":{"start":{"line":98,"column":20},"end":{"line":98,"column":83}},"39":{"start":{"line":100,"column":12},"end":{"line":100,"column":84}},"40":{"start":{"line":102,"column":2},"end":{"line":114,"column":3}},"41":{"start":{"line":103,"column":15},"end":{"line":103,"column":40}},"42":{"start":{"line":105,"column":4},"end":{"line":107,"column":5}},"43":{"start":{"line":106,"column":6},"end":{"line":106,"column":62}},"44":{"start":{"line":109,"column":15},"end":{"line":109,"column":32}},"45":{"start":{"line":110,"column":4},"end":{"line":110,"column":36}},"46":{"start":{"line":113,"column":4},"end":{"line":113,"column":15}},"47":{"start":{"line":119,"column":26},"end":{"line":145,"column":1}},"48":{"start":{"line":121,"column":16},"end":{"line":126,"column":3}},"49":{"start":{"line":127,"column":67},"end":{"line":127,"column":74}},"50":{"start":{"line":129,"column":20},"end":{"line":129,"column":273}},"51":{"start":{"line":131,"column":12},"end":{"line":131,"column":84}},"52":{"start":{"line":133,"column":2},"end":{"line":144,"column":3}},"53":{"start":{"line":134,"column":15},"end":{"line":134,"column":39}},"54":{"start":{"line":135,"column":4},"end":{"line":137,"column":5}},"55":{"start":{"line":136,"column":6},"end":{"line":136,"column":61}},"56":{"start":{"line":139,"column":15},"end":{"line":139,"column":32}},"57":{"start":{"line":140,"column":4},"end":{"line":140,"column":34}},"58":{"start":{"line":143,"column":4},"end":{"line":143,"column":15}},"59":{"start":{"line":148,"column":24},"end":{"line":173,"column":1}},"60":{"start":{"line":149,"column":16},"end":{"line":154,"column":3}},"61":{"start":{"line":156,"column":71},"end":{"line":156,"column":78}},"62":{"start":{"line":158,"column":20},"end":{"line":158,"column":284}},"63":{"start":{"line":160,"column":12},"end":{"line":160,"column":84}},"64":{"start":{"line":162,"column":2},"end":{"line":172,"column":3}},"65":{"start":{"line":163,"column":15},"end":{"line":163,"column":39}},"66":{"start":{"line":164,"column":4},"end":{"line":166,"column":5}},"67":{"start":{"line":165,"column":6},"end":{"line":165,"column":60}},"68":{"start":{"line":167,"column":15},"end":{"line":167,"column":32}},"69":{"start":{"line":168,"column":4},"end":{"line":168,"column":34}},"70":{"start":{"line":171,"column":4},"end":{"line":171,"column":15}},"71":{"start":{"line":178,"column":25},"end":{"line":205,"column":1}},"72":{"start":{"line":179,"column":16},"end":{"line":184,"column":3}},"73":{"start":{"line":187,"column":20},"end":{"line":187,"column":80}},"74":{"start":{"line":189,"column":12},"end":{"line":189,"column":84}},"75":{"start":{"line":191,"column":2},"end":{"line":203,"column":3}},"76":{"start":{"line":192,"column":15},"end":{"line":192,"column":40}},"77":{"start":{"line":194,"column":4},"end":{"line":196,"column":5}},"78":{"start":{"line":195,"column":6},"end":{"line":195,"column":61}},"79":{"start":{"line":198,"column":15},"end":{"line":198,"column":32}},"80":{"start":{"line":199,"column":4},"end":{"line":199,"column":34}},"81":{"start":{"line":202,"column":4},"end":{"line":202,"column":15}}},"fnMap":{"0":{"name":"(anonymous_0)","decl":{"start":{"line":1,"column":28},"end":{"line":1,"column":29}},"loc":{"start":{"line":1,"column":47},"end":{"line":26,"column":1}},"line":1},"1":{"name":"(anonymous_1)","decl":{"start":{"line":28,"column":27},"end":{"line":28,"column":28}},"loc":{"start":{"line":28,"column":47},"end":{"line":55,"column":1}},"line":28},"2":{"name":"(anonymous_2)","decl":{"start":{"line":58,"column":25},"end":{"line":58,"column":26}},"loc":{"start":{"line":58,"column":45},"end":{"line":84,"column":1}},"line":58},"3":{"name":"(anonymous_3)","decl":{"start":{"line":88,"column":26},"end":{"line":88,"column":27}},"loc":{"start":{"line":88,"column":44},"end":{"line":116,"column":1}},"line":88},"4":{"name":"(anonymous_4)","decl":{"start":{"line":119,"column":26},"end":{"line":119,"column":27}},"loc":{"start":{"line":119,"column":45},"end":{"line":145,"column":1}},"line":119},"5":{"name":"(anonymous_5)","decl":{"start":{"line":148,"column":24},"end":{"line":148,"column":25}},"loc":{"start":{"line":148,"column":43},"end":{"line":173,"column":1}},"line":148},"6":{"name":"(anonymous_6)","decl":{"start":{"line":178,"column":25},"end":{"line":178,"column":26}},"loc":{"start":{"line":178,"column":42},"end":{"line":205,"column":1}},"line":178}},"branchMap":{"0":{"loc":{"start":{"line":15,"column":4},"end":{"line":17,"column":5}},"type":"if","locations":[{"start":{"line":15,"column":4},"end":{"line":17,"column":5}},{"start":{"line":15,"column":4},"end":{"line":17,"column":5}}],"line":15},"1":{"loc":{"start":{"line":44,"column":4},"end":{"line":46,"column":5}},"type":"if","locations":[{"start":{"line":44,"column":4},"end":{"line":46,"column":5}},{"start":{"line":44,"column":4},"end":{"line":46,"column":5}}],"line":44},"2":{"loc":{"start":{"line":74,"column":4},"end":{"line":76,"column":5}},"type":"if","locations":[{"start":{"line":74,"column":4},"end":{"line":76,"column":5}},{"start":{"line":74,"column":4},"end":{"line":76,"column":5}}],"line":74},"3":{"loc":{"start":{"line":105,"column":4},"end":{"line":107,"column":5}},"type":"if","locations":[{"start":{"line":105,"column":4},"end":{"line":107,"column":5}},{"start":{"line":105,"column":4},"end":{"line":107,"column":5}}],"line":105},"4":{"loc":{"start":{"line":135,"column":4},"end":{"line":137,"column":5}},"type":"if","locations":[{"start":{"line":135,"column":4},"end":{"line":137,"column":5}},{"start":{"line":135,"column":4},"end":{"line":137,"column":5}}],"line":135},"5":{"loc":{"start":{"line":164,"column":4},"end":{"line":166,"column":5}},"type":"if","locations":[{"start":{"line":164,"column":4},"end":{"line":166,"column":5}},{"start":{"line":164,"column":4},"end":{"line":166,"column":5}}],"line":164},"6":{"loc":{"start":{"line":194,"column":4},"end":{"line":196,"column":5}},"type":"if","locations":[{"start":{"line":194,"column":4},"end":{"line":196,"column":5}},{"start":{"line":194,"column":4},"end":{"line":196,"column":5}}],"line":194}},"s":{"0":2,"1":4,"2":4,"3":4,"4":4,"5":4,"6":3,"7":1,"8":2,"9":2,"10":2,"11":2,"12":2,"13":4,"14":4,"15":4,"16":4,"17":4,"18":4,"19":3,"20":1,"21":2,"22":2,"23":2,"24":2,"25":4,"26":4,"27":4,"28":4,"29":4,"30":4,"31":3,"32":1,"33":2,"34":2,"35":2,"36":2,"37":4,"38":4,"39":4,"40":4,"41":4,"42":3,"43":1,"44":2,"45":2,"46":2,"47":2,"48":4,"49":4,"50":4,"51":4,"52":4,"53":4,"54":3,"55":1,"56":2,"57":2,"58":2,"59":2,"60":4,"61":4,"62":4,"63":4,"64":4,"65":4,"66":3,"67":1,"68":2,"69":2,"70":2,"71":2,"72":4,"73":4,"74":4,"75":4,"76":4,"77":3,"78":1,"79":2,"80":2,"81":2},"f":{"0":4,"1":4,"2":4,"3":4,"4":4,"5":4,"6":4},"b":{"0":[1,2],"1":[1,2],"2":[1,2],"3":[1,2],"4":[1,2],"5":[1,2],"6":[1,2]},"_coverageSchema":"43e27e138ebf9cfc5966b082cf9a028302ed4184","hash":"97d0398a240b197a0c6016fb3fc6219f56efdafc"}
}
