TN:
SF:/Users/Emily/mod_4/FE-Trex/src/Components/AddLodgingInfo/AddLodgingInfo.js
FN:22,(anonymous_0)
FN:37,(anonymous_1)
FN:49,(anonymous_2)
FN:56,(anonymous_3)
FN:73,(anonymous_4)
FN:88,(anonymous_5)
FN:106,(anonymous_6)
FN:125,(anonymous_7)
FN:134,(anonymous_8)
FN:158,(anonymous_9)
FN:194,(anonymous_10)
FN:232,(anonymous_11)
FNF:12
FNH:3
FNDA:1,(anonymous_0)
FNDA:1,(anonymous_1)
FNDA:0,(anonymous_2)
FNDA:0,(anonymous_3)
FNDA:0,(anonymous_4)
FNDA:0,(anonymous_5)
FNDA:0,(anonymous_6)
FNDA:0,(anonymous_7)
FNDA:1,(anonymous_8)
FNDA:0,(anonymous_9)
FNDA:0,(anonymous_10)
FNDA:0,(anonymous_11)
DA:23,1
DA:24,1
DA:37,1
DA:38,1
DA:39,0
DA:40,0
DA:50,0
DA:53,0
DA:56,1
DA:57,0
DA:59,0
DA:65,0
DA:66,0
DA:68,0
DA:69,0
DA:73,1
DA:76,0
DA:77,0
DA:78,0
DA:79,0
DA:80,0
DA:83,0
DA:84,0
DA:88,1
DA:89,0
DA:90,0
DA:98,0
DA:99,0
DA:100,0
DA:102,0
DA:106,1
DA:107,0
DA:109,0
DA:117,0
DA:118,0
DA:119,0
DA:121,0
DA:125,1
DA:126,0
DA:127,0
DA:128,0
DA:130,0
DA:135,1
DA:136,1
DA:158,0
DA:195,0
DA:233,0
DA:257,1
LF:48
LH:12
BRDA:31,0,0,1
BRDA:31,0,1,1
BRDA:38,1,0,0
BRDA:38,1,1,1
BRDA:59,2,0,0
BRDA:59,2,1,0
BRDA:60,3,0,0
BRDA:60,3,1,0
BRDA:60,3,2,0
BRDA:60,3,3,0
BRDA:76,4,0,0
BRDA:76,4,1,0
BRDA:78,5,0,0
BRDA:78,5,1,0
BRDA:142,6,0,1
BRDA:142,6,1,0
BRDA:143,7,0,1
BRDA:143,7,1,0
BRDA:237,8,0,1
BRDA:237,8,1,1
BRDA:246,9,0,1
BRDA:246,9,1,0
BRF:22
BRH:8
end_of_record
TN:
SF:/Users/Emily/mod_4/FE-Trex/src/Components/AddTransportInfo/AddTransportInfo.js
FN:19,(anonymous_0)
FN:35,(anonymous_1)
FN:48,(anonymous_2)
FN:55,(anonymous_3)
FN:63,(anonymous_4)
FN:87,(anonymous_5)
FN:104,(anonymous_6)
FN:124,(anonymous_7)
FN:147,(anonymous_8)
FN:158,(anonymous_9)
FN:176,(anonymous_10)
FN:218,(anonymous_11)
FN:255,(anonymous_12)
FNF:13
FNH:3
FNDA:1,(anonymous_0)
FNDA:1,(anonymous_1)
FNDA:0,(anonymous_2)
FNDA:0,(anonymous_3)
FNDA:0,(anonymous_4)
FNDA:0,(anonymous_5)
FNDA:0,(anonymous_6)
FNDA:0,(anonymous_7)
FNDA:0,(anonymous_8)
FNDA:1,(anonymous_9)
FNDA:0,(anonymous_10)
FNDA:0,(anonymous_11)
FNDA:0,(anonymous_12)
DA:20,1
DA:21,1
DA:35,1
DA:36,1
DA:37,0
DA:38,0
DA:49,0
DA:52,0
DA:56,0
DA:59,0
DA:63,1
DA:70,0
DA:72,0
DA:79,0
DA:80,0
DA:82,0
DA:83,0
DA:87,1
DA:91,0
DA:92,0
DA:93,0
DA:94,0
DA:95,0
DA:99,0
DA:100,0
DA:104,1
DA:105,0
DA:106,0
DA:115,0
DA:116,0
DA:117,0
DA:120,0
DA:124,1
DA:125,0
DA:127,0
DA:137,0
DA:138,0
DA:139,0
DA:142,0
DA:147,1
DA:148,0
DA:149,0
DA:150,0
DA:152,0
DA:159,1
DA:160,1
DA:176,0
DA:219,0
DA:256,0
DA:280,1
LF:50
LH:12
BRDA:29,0,0,1
BRDA:29,0,1,1
BRDA:36,1,0,0
BRDA:36,1,1,1
BRDA:72,2,0,0
BRDA:72,2,1,0
BRDA:73,3,0,0
BRDA:73,3,1,0
BRDA:73,3,2,0
BRDA:73,3,3,0
BRDA:73,3,4,0
BRDA:91,4,0,0
BRDA:91,4,1,0
BRDA:93,5,0,0
BRDA:93,5,1,0
BRDA:173,6,0,1
BRDA:173,6,1,1
BRDA:260,7,0,1
BRDA:260,7,1,1
BRDA:268,8,0,1
BRDA:268,8,1,0
BRF:21
BRH:8
end_of_record
TN:
SF:/Users/Emily/mod_4/FE-Trex/src/Components/DefaultFollowerMessages/DefaultFollowerMessages.js
FN:15,(anonymous_0)
FN:19,(anonymous_1)
FNF:2
FNH:2
FNDA:1,(anonymous_0)
FNDA:1,(anonymous_1)
DA:16,1
DA:17,1
DA:20,1
DA:21,1
DA:44,1
LF:5
LH:5
BRF:0
BRH:0
end_of_record
TN:
SF:/Users/Emily/mod_4/FE-Trex/src/Components/DefaultWandererMessages/DefaultWandererMessages.js
FN:15,(anonymous_0)
FN:19,(anonymous_1)
FNF:2
FNH:2
FNDA:1,(anonymous_0)
FNDA:1,(anonymous_1)
DA:16,1
DA:17,1
DA:20,1
DA:47,1
LF:4
LH:4
BRF:0
BRH:0
end_of_record
TN:
SF:/Users/Emily/mod_4/FE-Trex/src/Components/Disclaimer/Disclaimer.js
FN:10,(anonymous_0)
FNF:1
FNH:1
FNDA:1,(anonymous_0)
DA:10,1
DA:11,1
DA:26,1
LF:3
LH:3
BRF:0
BRH:0
end_of_record
TN:
SF:/Users/Emily/mod_4/FE-Trex/src/Components/FollowerDashboard/FollowerDashboard.js
FN:15,(anonymous_0)
FN:21,(anonymous_1)
FN:28,(anonymous_2)
FN:31,(anonymous_3)
FNF:4
FNH:2
FNDA:1,(anonymous_0)
FNDA:1,(anonymous_1)
FNDA:0,(anonymous_2)
FNDA:0,(anonymous_3)
DA:16,1
DA:17,1
DA:22,1
DA:23,1
DA:28,0
DA:31,0
DA:40,1
LF:7
LH:5
BRF:0
BRH:0
end_of_record
TN:
SF:/Users/Emily/mod_4/FE-Trex/src/Components/FollowerFooter/FollowerFooter.js
FN:5,(anonymous_0)
FN:9,(anonymous_1)
FN:13,(anonymous_2)
FNF:3
FNH:2
FNDA:1,(anonymous_0)
FNDA:1,(anonymous_1)
FNDA:0,(anonymous_2)
DA:6,1
DA:10,1
DA:13,0
DA:22,6
LF:4
LH:3
BRF:0
BRH:0
end_of_record
TN:
SF:/Users/Emily/mod_4/FE-Trex/src/Components/FollowerForm/FollowerForm.js
FN:15,(anonymous_0)
FN:27,(anonymous_1)
FN:49,(anonymous_2)
FN:58,(anonymous_3)
FN:78,(anonymous_4)
FN:90,(anonymous_5)
FN:102,(anonymous_6)
FNF:7
FNH:2
FNDA:1,(anonymous_0)
FNDA:0,(anonymous_1)
FNDA:0,(anonymous_2)
FNDA:1,(anonymous_3)
FNDA:0,(anonymous_4)
FNDA:0,(anonymous_5)
FNDA:0,(anonymous_6)
DA:16,1
DA:17,1
DA:27,1
DA:33,0
DA:35,0
DA:41,0
DA:42,0
DA:44,0
DA:45,0
DA:49,1
DA:51,0
DA:52,0
DA:59,1
DA:60,1
DA:78,0
DA:90,0
DA:103,0
DA:121,1
LF:18
LH:7
BRDA:35,0,0,0
BRDA:35,0,1,0
BRDA:36,1,0,0
BRDA:36,1,1,0
BRDA:36,1,2,0
BRDA:36,1,3,0
BRDA:52,2,0,0
BRDA:52,2,1,0
BRDA:107,3,0,1
BRDA:107,3,1,0
BRF:10
BRH:1
end_of_record
TN:
SF:/Users/Emily/mod_4/FE-Trex/src/Components/FollowerHeader/FollowerHeader.js
FN:11,(anonymous_0)
FN:15,(anonymous_1)
FNF:2
FNH:2
FNDA:1,(anonymous_0)
FNDA:1,(anonymous_1)
DA:12,1
DA:16,1
DA:25,6
LF:3
LH:3
BRF:0
BRH:0
end_of_record
TN:
SF:/Users/Emily/mod_4/FE-Trex/src/Components/Home/Home.js
FN:14,(anonymous_0)
FN:21,(anonymous_1)
FN:29,(anonymous_2)
FN:32,(anonymous_3)
FNF:4
FNH:2
FNDA:1,(anonymous_0)
FNDA:1,(anonymous_1)
FNDA:0,(anonymous_2)
FNDA:0,(anonymous_3)
DA:15,1
DA:16,1
DA:22,1
DA:23,1
DA:29,0
DA:32,0
DA:44,1
LF:7
LH:5
BRF:0
BRH:0
end_of_record
TN:
SF:/Users/Emily/mod_4/FE-Trex/src/Components/Leg/Leg.js
FN:13,(anonymous_0)
FN:40,(anonymous_1)
FN:43,(anonymous_2)
FN:48,(anonymous_3)
FNF:4
FNH:0
FNDA:0,(anonymous_0)
FNDA:0,(anonymous_1)
FNDA:0,(anonymous_2)
FNDA:0,(anonymous_3)
DA:13,1
DA:14,0
DA:15,0
DA:16,0
DA:17,0
DA:18,0
DA:40,0
DA:43,0
DA:48,0
DA:60,1
LF:10
LH:2
BRF:0
BRH:0
end_of_record
TN:
SF:/Users/Emily/mod_4/FE-Trex/src/Components/LegForm/LegForm.js
FN:19,(anonymous_0)
FN:34,(anonymous_1)
FN:41,(anonymous_2)
FN:48,(anonymous_3)
FN:60,(anonymous_4)
FN:77,(anonymous_5)
FN:96,(anonymous_6)
FN:115,(anonymous_7)
FN:136,(anonymous_8)
FN:145,(anonymous_9)
FN:197,(anonymous_10)
FN:232,(anonymous_11)
FNF:12
FNH:0
FNDA:0,(anonymous_0)
FNDA:0,(anonymous_1)
FNDA:0,(anonymous_2)
FNDA:0,(anonymous_3)
FNDA:0,(anonymous_4)
FNDA:0,(anonymous_5)
FNDA:0,(anonymous_6)
FNDA:0,(anonymous_7)
FNDA:0,(anonymous_8)
FNDA:0,(anonymous_9)
FNDA:0,(anonymous_10)
FNDA:0,(anonymous_11)
DA:20,0
DA:22,0
DA:35,0
DA:38,0
DA:42,0
DA:45,0
DA:48,0
DA:49,0
DA:50,0
DA:51,0
DA:60,0
DA:61,0
DA:63,0
DA:69,0
DA:70,0
DA:72,0
DA:73,0
DA:77,0
DA:81,0
DA:82,0
DA:83,0
DA:84,0
DA:85,0
DA:89,0
DA:90,0
DA:96,0
DA:97,0
DA:98,0
DA:106,0
DA:107,0
DA:108,0
DA:111,0
DA:115,0
DA:116,0
DA:117,0
DA:119,0
DA:127,0
DA:128,0
DA:129,0
DA:132,0
DA:136,0
DA:137,0
DA:138,0
DA:139,0
DA:141,0
DA:146,0
DA:147,0
DA:197,0
DA:232,0
DA:251,1
LF:50
LH:1
BRDA:28,0,0,0
BRDA:28,0,1,0
BRDA:49,1,0,0
BRDA:49,1,1,0
BRDA:63,2,0,0
BRDA:63,2,1,0
BRDA:64,3,0,0
BRDA:64,3,1,0
BRDA:64,3,2,0
BRDA:64,3,3,0
BRDA:81,4,0,0
BRDA:81,4,1,0
BRDA:83,5,0,0
BRDA:83,5,1,0
BRDA:154,6,0,0
BRDA:154,6,1,0
BRDA:155,7,0,0
BRDA:155,7,1,0
BRDA:237,8,0,0
BRDA:237,8,1,0
BRF:20
BRH:0
end_of_record
TN:
SF:/Users/Emily/mod_4/FE-Trex/src/Components/Map/Map.js
FN:15,(anonymous_0)
FN:24,(anonymous_1)
FN:26,(anonymous_2)
FN:29,(anonymous_3)
FN:34,(anonymous_4)
FNF:5
FNH:0
FNDA:0,(anonymous_0)
FNDA:0,(anonymous_1)
FNDA:0,(anonymous_2)
FNDA:0,(anonymous_3)
FNDA:0,(anonymous_4)
DA:16,0
DA:17,0
DA:24,0
DA:25,0
DA:27,0
DA:29,0
DA:37,0
DA:59,2
LF:8
LH:1
BRDA:39,0,0,0
BRDA:39,0,1,0
BRF:2
BRH:0
end_of_record
TN:
SF:/Users/Emily/mod_4/FE-Trex/src/Components/MapInput/MapInputFirst.js
FN:9,(anonymous_0)
FN:12,(anonymous_1)
FN:23,(anonymous_2)
FN:26,(anonymous_3)
FN:29,(anonymous_4)
FNF:5
FNH:0
FNDA:0,(anonymous_0)
FNDA:0,(anonymous_1)
FNDA:0,(anonymous_2)
FNDA:0,(anonymous_3)
FNDA:0,(anonymous_4)
DA:10,0
DA:13,0
DA:24,0
DA:27,0
DA:30,0
LF:5
LH:0
BRDA:24,0,0,0
BRDA:24,0,1,0
BRDA:24,0,2,0
BRDA:26,1,0,0
BRF:4
BRH:0
end_of_record
TN:
SF:/Users/Emily/mod_4/FE-Trex/src/Components/MapInput/MapInputSecond.js
FN:9,(anonymous_0)
FN:12,(anonymous_1)
FN:23,(anonymous_2)
FN:26,(anonymous_3)
FN:29,(anonymous_4)
FNF:5
FNH:0
FNDA:0,(anonymous_0)
FNDA:0,(anonymous_1)
FNDA:0,(anonymous_2)
FNDA:0,(anonymous_3)
FNDA:0,(anonymous_4)
DA:10,0
DA:13,0
DA:24,0
DA:27,0
DA:30,0
LF:5
LH:0
BRDA:24,0,0,0
BRDA:24,0,1,0
BRDA:24,0,2,0
BRDA:26,1,0,0
BRF:4
BRH:0
end_of_record
TN:
SF:/Users/Emily/mod_4/FE-Trex/src/Components/MessageHistory/MessageHistory.js
FN:15,(anonymous_0)
FN:21,(anonymous_1)
FNF:2
FNH:2
FNDA:1,(anonymous_0)
FNDA:1,(anonymous_1)
DA:16,1
DA:17,1
DA:22,1
DA:23,1
DA:35,1
LF:5
LH:5
BRF:0
BRH:0
end_of_record
TN:
SF:/Users/Emily/mod_4/FE-Trex/src/Components/MyFollowers/MyFollowers.js
FN:16,(anonymous_0)
FN:26,(anonymous_1)
FN:27,(anonymous_2)
FN:29,(anonymous_3)
FN:33,(anonymous_4)
FN:42,(anonymous_5)
FN:58,(anonymous_6)
FN:64,(anonymous_7)
FN:74,(anonymous_8)
FN:87,(anonymous_9)
FNF:10
FNH:3
FNDA:1,(anonymous_0)
FNDA:0,(anonymous_1)
FNDA:0,(anonymous_2)
FNDA:0,(anonymous_3)
FNDA:0,(anonymous_4)
FNDA:0,(anonymous_5)
FNDA:0,(anonymous_6)
FNDA:1,(anonymous_7)
FNDA:1,(anonymous_8)
FNDA:0,(anonymous_9)
DA:17,1
DA:18,1
DA:26,1
DA:27,0
DA:29,0
DA:30,0
DA:33,0
DA:34,0
DA:37,0
DA:38,0
DA:42,0
DA:55,0
DA:58,1
DA:59,0
DA:60,0
DA:64,1
DA:65,1
DA:66,1
DA:67,0
DA:68,0
DA:70,0
DA:74,1
DA:76,1
DA:78,1
DA:87,0
DA:96,1
LF:26
LH:11
BRDA:49,0,0,0
BRDA:49,0,1,0
BRDA:59,1,0,0
BRDA:59,1,1,0
BRDA:83,2,0,1
BRDA:83,2,1,1
BRDA:84,3,0,1
BRDA:84,3,1,0
BRDA:84,3,2,0
BRDA:85,4,0,1
BRDA:85,4,1,0
BRF:11
BRH:4
end_of_record
TN:
SF:/Users/Emily/mod_4/FE-Trex/src/Components/MyTrips/MyTrips.js
FN:16,(anonymous_0)
FN:25,(anonymous_1)
FN:27,(anonymous_2)
FN:30,(anonymous_3)
FN:36,(anonymous_4)
FN:47,(anonymous_5)
FN:53,(anonymous_6)
FN:70,(anonymous_7)
FNF:8
FNH:6
FNDA:2,(anonymous_0)
FNDA:1,(anonymous_1)
FNDA:2,(anonymous_2)
FNDA:0,(anonymous_3)
FNDA:2,(anonymous_4)
FNDA:1,(anonymous_5)
FNDA:3,(anonymous_6)
FNDA:0,(anonymous_7)
DA:17,2
DA:18,2
DA:25,2
DA:26,1
DA:27,1
DA:28,2
DA:30,0
DA:36,2
DA:37,2
DA:38,2
DA:39,0
DA:42,0
DA:47,2
DA:48,1
DA:49,0
DA:54,3
DA:55,3
DA:57,3
DA:70,0
DA:82,1
LF:20
LH:15
BRDA:48,0,0,0
BRDA:48,0,1,1
BRDA:65,1,0,3
BRDA:65,1,1,1
BRDA:66,2,0,3
BRDA:66,2,1,0
BRDA:67,3,0,3
BRDA:67,3,1,2
BRDA:67,3,2,2
BRF:9
BRH:7
end_of_record
TN:
SF:/Users/Emily/mod_4/FE-Trex/src/Components/MyWanderersTrips/MyWanderersTrips.js
FN:15,(anonymous_0)
FN:21,(anonymous_1)
FNF:2
FNH:2
FNDA:1,(anonymous_0)
FNDA:1,(anonymous_1)
DA:16,1
DA:17,1
DA:22,1
DA:23,1
DA:35,1
LF:5
LH:5
BRF:0
BRH:0
end_of_record
TN:
SF:/Users/Emily/mod_4/FE-Trex/src/Components/SafetyInfo/SafetyInfo.js
FN:12,SafetyInfo
FNF:1
FNH:0
FNDA:0,SafetyInfo
DA:14,0
DA:17,0
DA:28,1
LF:3
LH:1
BRF:0
BRH:0
end_of_record
TN:
SF:/Users/Emily/mod_4/FE-Trex/src/Components/Transportation/Transportation.js
FN:16,(anonymous_0)
FN:27,(anonymous_1)
FN:36,(anonymous_2)
FN:42,(anonymous_3)
FN:44,(anonymous_4)
FN:51,(anonymous_5)
FN:58,(anonymous_6)
FN:71,(anonymous_7)
FNF:8
FNH:0
FNDA:0,(anonymous_0)
FNDA:0,(anonymous_1)
FNDA:0,(anonymous_2)
FNDA:0,(anonymous_3)
FNDA:0,(anonymous_4)
FNDA:0,(anonymous_5)
FNDA:0,(anonymous_6)
FNDA:0,(anonymous_7)
DA:17,0
DA:18,0
DA:27,0
DA:28,0
DA:29,0
DA:30,0
DA:32,0
DA:36,0
DA:37,0
DA:38,0
DA:42,0
DA:43,0
DA:44,0
DA:45,0
DA:51,0
DA:59,0
DA:60,0
DA:61,0
DA:71,0
DA:91,1
LF:20
LH:1
BRDA:23,0,0,0
BRDA:23,0,1,0
BRDA:37,1,0,0
BRDA:37,1,1,0
BRDA:75,2,0,0
BRDA:75,2,1,0
BRDA:76,3,0,0
BRDA:76,3,1,0
BRDA:77,4,0,0
BRDA:77,4,1,0
BRDA:77,4,2,0
BRF:11
BRH:0
end_of_record
TN:
SF:/Users/Emily/mod_4/FE-Trex/src/Components/TravelCompanionsContacts/TravelCompanionsContacts.js
FN:15,(anonymous_0)
FN:21,(anonymous_1)
FNF:2
FNH:2
FNDA:1,(anonymous_0)
FNDA:1,(anonymous_1)
DA:16,1
DA:17,1
DA:22,1
DA:23,1
DA:35,1
LF:5
LH:5
BRF:0
BRH:0
end_of_record
TN:
SF:/Users/Emily/mod_4/FE-Trex/src/Components/Trip/Trip.js
FN:17,(anonymous_0)
FN:26,(anonymous_1)
FN:28,(anonymous_2)
FN:31,(anonymous_3)
FN:37,(anonymous_4)
FN:46,(anonymous_5)
FN:53,(anonymous_6)
FN:70,(anonymous_7)
FN:73,(anonymous_8)
FNF:9
FNH:0
FNDA:0,(anonymous_0)
FNDA:0,(anonymous_1)
FNDA:0,(anonymous_2)
FNDA:0,(anonymous_3)
FNDA:0,(anonymous_4)
FNDA:0,(anonymous_5)
FNDA:0,(anonymous_6)
FNDA:0,(anonymous_7)
FNDA:0,(anonymous_8)
DA:18,0
DA:19,0
DA:26,0
DA:27,0
DA:28,0
DA:29,0
DA:31,0
DA:37,0
DA:38,0
DA:39,0
DA:40,0
DA:42,0
DA:46,0
DA:47,0
DA:48,0
DA:54,0
DA:55,0
DA:56,0
DA:70,0
DA:73,0
DA:90,1
LF:21
LH:1
BRDA:21,0,0,0
BRDA:21,0,1,0
BRDA:47,1,0,0
BRDA:47,1,1,0
BRDA:78,2,0,0
BRDA:78,2,1,0
BRF:6
BRH:0
end_of_record
TN:
SF:/Users/Emily/mod_4/FE-Trex/src/Components/TripForm/TripForm.js
FN:18,(anonymous_0)
FN:31,(anonymous_1)
FN:39,(anonymous_2)
FN:50,(anonymous_3)
FN:66,(anonymous_4)
FN:80,(anonymous_5)
FN:101,(anonymous_6)
FN:122,(anonymous_7)
FN:131,(anonymous_8)
FN:154,(anonymous_9)
FN:192,(anonymous_10)
FN:229,(anonymous_11)
FN:237,(anonymous_12)
FNF:13
FNH:0
FNDA:0,(anonymous_0)
FNDA:0,(anonymous_1)
FNDA:0,(anonymous_2)
FNDA:0,(anonymous_3)
FNDA:0,(anonymous_4)
FNDA:0,(anonymous_5)
FNDA:0,(anonymous_6)
FNDA:0,(anonymous_7)
FNDA:0,(anonymous_8)
FNDA:0,(anonymous_9)
FNDA:0,(anonymous_10)
FNDA:0,(anonymous_11)
FNDA:0,(anonymous_12)
DA:19,0
DA:21,0
DA:31,0
DA:32,0
DA:33,0
DA:39,0
DA:40,0
DA:41,0
DA:42,0
DA:50,0
DA:51,0
DA:53,0
DA:58,0
DA:59,0
DA:61,0
DA:62,0
DA:66,0
DA:67,0
DA:69,0
DA:71,0
DA:72,0
DA:76,0
DA:80,0
DA:81,0
DA:83,0
DA:90,0
DA:91,0
DA:92,0
DA:97,0
DA:101,0
DA:102,0
DA:104,0
DA:111,0
DA:112,0
DA:113,0
DA:118,0
DA:122,0
DA:123,0
DA:124,0
DA:125,0
DA:127,0
DA:132,0
DA:134,0
DA:154,0
DA:193,0
DA:230,0
DA:237,0
DA:266,1
LF:48
LH:1
BRDA:26,0,0,0
BRDA:26,0,1,0
BRDA:32,1,0,0
BRDA:32,1,1,0
BRDA:40,2,0,0
BRDA:40,2,1,0
BRDA:53,3,0,0
BRDA:53,3,1,0
BRDA:54,4,0,0
BRDA:54,4,1,0
BRDA:54,4,2,0
BRDA:67,5,0,0
BRDA:67,5,1,0
BRDA:71,6,0,0
BRDA:71,6,1,0
BRDA:140,7,0,0
BRDA:140,7,1,0
BRDA:143,8,0,0
BRDA:143,8,1,0
BRDA:151,9,0,0
BRDA:151,9,1,0
BRDA:151,9,2,0
BRDA:247,10,0,0
BRDA:247,10,1,0
BRDA:256,11,0,0
BRDA:256,11,1,0
BRF:26
BRH:0
end_of_record
TN:
SF:/Users/Emily/mod_4/FE-Trex/src/Components/WandererDashboard/WandererDashboard.js
FN:17,(anonymous_0)
FN:21,(anonymous_1)
FNF:2
FNH:2
FNDA:1,(anonymous_0)
FNDA:1,(anonymous_1)
DA:18,1
DA:22,1
DA:24,1
DA:41,1
LF:4
LH:4
BRF:0
BRH:0
end_of_record
TN:
SF:/Users/Emily/mod_4/FE-Trex/src/Components/WandererFooter/WandererFooter.js
FN:5,(anonymous_0)
FN:12,(anonymous_1)
FN:18,(anonymous_2)
FN:23,(anonymous_3)
FN:29,(anonymous_4)
FNF:5
FNH:2
FNDA:1,(anonymous_0)
FNDA:1,(anonymous_1)
FNDA:0,(anonymous_2)
FNDA:0,(anonymous_3)
FNDA:0,(anonymous_4)
DA:6,1
DA:7,1
DA:14,1
DA:18,0
DA:23,0
DA:29,0
DA:38,15
LF:7
LH:4
BRF:0
BRH:0
end_of_record
TN:
SF:/Users/Emily/mod_4/FE-Trex/src/Components/WandererHeader/WandererHeader.js
FN:11,(anonymous_0)
FN:15,(anonymous_1)
FNF:2
FNH:2
FNDA:1,(anonymous_0)
FNDA:1,(anonymous_1)
DA:12,1
DA:16,1
DA:25,15
LF:3
LH:3
BRF:0
BRH:0
end_of_record
TN:
SF:/Users/Emily/mod_4/FE-Trex/src/Components/Weather/Weather.js
FN:12,(anonymous_0)
FN:18,(anonymous_1)
FNF:2
FNH:2
FNDA:1,(anonymous_0)
FNDA:1,(anonymous_1)
DA:13,1
DA:14,1
DA:19,1
DA:27,2
LF:4
LH:4
BRF:0
BRH:0
end_of_record
TN:
SF:/Users/Emily/mod_4/FE-Trex/src/util/apiCalls.js
FN:1,(anonymous_0)
FN:26,(anonymous_1)
FN:52,(anonymous_2)
FN:78,(anonymous_3)
FN:105,(anonymous_4)
FN:131,(anonymous_5)
FN:157,(anonymous_6)
FN:183,(anonymous_7)
FN:209,(anonymous_8)
FN:236,(anonymous_9)
FN:280,(anonymous_10)
FN:323,(anonymous_11)
FN:362,(anonymous_12)
FN:390,(anonymous_13)
FN:420,(anonymous_14)
FN:448,(anonymous_15)
FN:484,(anonymous_16)
FN:512,(anonymous_17)
FN:545,(anonymous_18)
FN:572,(anonymous_19)
FNF:20
FNH:16
FNDA:4,(anonymous_0)
FNDA:6,(anonymous_1)
FNDA:4,(anonymous_2)
FNDA:4,(anonymous_3)
FNDA:4,(anonymous_4)
FNDA:4,(anonymous_5)
FNDA:4,(anonymous_6)
FNDA:4,(anonymous_7)
FNDA:0,(anonymous_8)
FNDA:0,(anonymous_9)
FNDA:0,(anonymous_10)
FNDA:0,(anonymous_11)
FNDA:5,(anonymous_12)
FNDA:4,(anonymous_13)
FNDA:4,(anonymous_14)
FNDA:4,(anonymous_15)
FNDA:4,(anonymous_16)
FNDA:4,(anonymous_17)
FNDA:4,(anonymous_18)
FNDA:4,(anonymous_19)
DA:1,9
DA:2,4
DA:9,4
DA:10,4
DA:12,4
DA:13,4
DA:14,3
DA:15,1
DA:18,2
DA:19,2
DA:20,2
DA:22,2
DA:26,9
DA:27,6
DA:34,6
DA:36,6
DA:38,6
DA:39,6
DA:40,3
DA:41,1
DA:44,2
DA:45,2
DA:46,2
DA:48,4
DA:52,9
DA:53,4
DA:59,4
DA:61,4
DA:63,4
DA:65,4
DA:66,4
DA:67,3
DA:68,1
DA:71,2
DA:72,2
DA:74,2
DA:78,9
DA:79,4
DA:85,4
DA:87,4
DA:89,4
DA:91,4
DA:92,4
DA:94,3
DA:95,1
DA:98,2
DA:99,2
DA:101,2
DA:105,9
DA:106,4
DA:113,4
DA:115,4
DA:117,4
DA:118,4
DA:120,3
DA:121,1
DA:124,2
DA:125,2
DA:127,2
DA:131,9
DA:132,4
DA:138,4
DA:140,4
DA:142,4
DA:144,4
DA:145,4
DA:146,3
DA:147,1
DA:150,2
DA:151,2
DA:153,2
DA:157,9
DA:158,4
DA:165,4
DA:167,4
DA:169,4
DA:171,4
DA:172,4
DA:173,3
DA:174,1
DA:176,2
DA:177,2
DA:179,2
DA:183,9
DA:184,4
DA:191,4
DA:193,4
DA:195,4
DA:196,4
DA:198,3
DA:199,1
DA:202,2
DA:203,2
DA:205,2
DA:209,9
DA:211,0
DA:218,0
DA:219,0
DA:221,0
DA:222,0
DA:223,0
DA:224,0
DA:227,0
DA:228,0
DA:229,0
DA:232,0
DA:236,9
DA:238,0
DA:245,0
DA:247,0
DA:263,0
DA:265,0
DA:266,0
DA:267,0
DA:268,0
DA:271,0
DA:272,0
DA:273,0
DA:276,0
DA:280,9
DA:282,0
DA:289,0
DA:291,0
DA:308,0
DA:310,0
DA:311,0
DA:312,0
DA:313,0
DA:315,0
DA:316,0
DA:319,0
DA:323,9
DA:325,0
DA:332,0
DA:344,0
DA:346,0
DA:347,0
DA:349,0
DA:350,0
DA:353,0
DA:354,0
DA:357,0
DA:362,9
DA:363,5
DA:370,5
DA:372,5
DA:374,5
DA:375,5
DA:377,3
DA:378,1
DA:381,2
DA:383,2
DA:385,3
DA:390,9
DA:392,4
DA:399,4
DA:401,4
DA:403,4
DA:404,4
DA:406,3
DA:407,1
DA:410,2
DA:412,2
DA:415,2
DA:420,9
DA:421,4
DA:428,4
DA:430,4
DA:432,4
DA:433,4
DA:435,3
DA:436,1
DA:439,2
DA:441,2
DA:444,2
DA:448,9
DA:450,4
DA:462,4
DA:464,4
DA:466,4
DA:468,4
DA:469,4
DA:471,3
DA:472,1
DA:475,2
DA:476,2
DA:479,2
DA:484,9
DA:486,4
DA:493,4
DA:494,4
DA:496,4
DA:497,4
DA:498,3
DA:499,1
DA:502,2
DA:503,2
DA:504,2
DA:507,2
DA:512,9
DA:514,4
DA:521,4
DA:523,4
DA:525,4
DA:527,4
DA:528,4
DA:529,3
DA:530,1
DA:533,2
DA:534,2
DA:535,2
DA:538,2
DA:545,9
DA:547,4
DA:554,4
DA:556,4
DA:557,4
DA:559,4
DA:560,4
DA:561,3
DA:562,1
DA:564,2
DA:565,2
DA:568,2
DA:572,9
DA:573,4
DA:580,4
DA:582,4
DA:584,4
DA:585,4
DA:587,3
DA:588,1
DA:591,2
DA:592,2
DA:595,2
LF:235
LH:191
BRDA:14,0,0,1
BRDA:14,0,1,2
BRDA:40,1,0,1
BRDA:40,1,1,2
BRDA:67,2,0,1
BRDA:67,2,1,2
BRDA:94,3,0,1
BRDA:94,3,1,2
BRDA:120,4,0,1
BRDA:120,4,1,2
BRDA:146,5,0,1
BRDA:146,5,1,2
BRDA:173,6,0,1
BRDA:173,6,1,2
BRDA:198,7,0,1
BRDA:198,7,1,2
BRDA:223,8,0,0
BRDA:223,8,1,0
BRDA:267,9,0,0
BRDA:267,9,1,0
BRDA:312,10,0,0
BRDA:312,10,1,0
BRDA:349,11,0,0
BRDA:349,11,1,0
BRDA:377,12,0,1
BRDA:377,12,1,2
BRDA:406,13,0,1
BRDA:406,13,1,2
BRDA:435,14,0,1
BRDA:435,14,1,2
BRDA:471,15,0,1
BRDA:471,15,1,2
BRDA:498,16,0,1
BRDA:498,16,1,2
BRDA:529,17,0,1
BRDA:529,17,1,2
BRDA:561,18,0,1
BRDA:561,18,1,2
BRDA:587,19,0,1
BRDA:587,19,1,2
BRF:40
BRH:32
end_of_record
