TN:
SF:/Users/briannadelvalle/mod4/Trex/src/Components/AddLodgingInfo/AddLodgingInfo.js
FN:17,(anonymous_0)
FN:28,(anonymous_1)
FN:35,(anonymous_2)
FN:59,(anonymous_3)
FN:68,(anonymous_4)
FN:87,(anonymous_5)
FN:101,(anonymous_6)
FN:137,(anonymous_7)
FN:175,(anonymous_8)
FNF:9
FNH:0
FNDA:0,(anonymous_0)
FNDA:0,(anonymous_1)
FNDA:0,(anonymous_2)
FNDA:0,(anonymous_3)
FNDA:0,(anonymous_4)
FNDA:0,(anonymous_5)
FNDA:0,(anonymous_6)
FNDA:0,(anonymous_7)
FNDA:0,(anonymous_8)
DA:18,0
DA:19,0
DA:29,0
DA:32,0
DA:35,0
DA:42,0
DA:44,0
DA:51,0
DA:52,0
DA:54,0
DA:55,0
DA:59,0
DA:61,0
DA:62,0
DA:69,0
DA:70,0
DA:87,0
DA:101,0
DA:138,0
DA:176,0
DA:195,1
LF:21
LH:1
BRDA:44,0,0,0
BRDA:44,0,1,0
BRDA:45,1,0,0
BRDA:45,1,1,0
BRDA:45,1,2,0
BRDA:45,1,3,0
BRDA:45,1,4,0
BRDA:62,2,0,0
BRDA:62,2,1,0
BRDA:180,3,0,0
BRDA:180,3,1,0
BRF:11
BRH:0
end_of_record
TN:
SF:/Users/briannadelvalle/mod4/Trex/src/Components/AddTransportInfo/AddTransportInfo.js
FN:18,(anonymous_0)
FN:28,(anonymous_1)
FN:35,(anonymous_2)
FN:43,(anonymous_3)
FN:63,(anonymous_4)
FN:71,(anonymous_5)
FN:118,(anonymous_6)
FNF:7
FNH:0
FNDA:0,(anonymous_0)
FNDA:0,(anonymous_1)
FNDA:0,(anonymous_2)
FNDA:0,(anonymous_3)
FNDA:0,(anonymous_4)
FNDA:0,(anonymous_5)
FNDA:0,(anonymous_6)
DA:19,0
DA:20,0
DA:29,0
DA:32,0
DA:36,0
DA:39,0
DA:43,0
DA:48,0
DA:50,0
DA:55,0
DA:56,0
DA:58,0
DA:59,0
DA:63,0
DA:65,0
DA:66,0
DA:72,0
DA:73,0
DA:119,0
DA:137,1
LF:20
LH:1
BRDA:50,0,0,0
BRDA:50,0,1,0
BRDA:51,1,0,0
BRDA:51,1,1,0
BRDA:51,1,2,0
BRDA:66,2,0,0
BRDA:66,2,1,0
BRDA:123,3,0,0
BRDA:123,3,1,0
BRF:9
BRH:0
end_of_record
TN:
SF:/Users/briannadelvalle/mod4/Trex/src/Components/DefaultFollowerMessages/DefaultFollowerMessages.js
FN:15,(anonymous_0)
FN:19,(anonymous_1)
FNF:2
FNH:0
FNDA:0,(anonymous_0)
FNDA:0,(anonymous_1)
DA:16,0
DA:17,0
DA:20,0
DA:21,0
DA:44,1
LF:5
LH:1
BRF:0
BRH:0
end_of_record
TN:
SF:/Users/briannadelvalle/mod4/Trex/src/Components/DefaultWandererMessages/DefaultWandererMessages.js
FN:15,(anonymous_0)
FN:19,(anonymous_1)
FNF:2
FNH:0
FNDA:0,(anonymous_0)
FNDA:0,(anonymous_1)
DA:16,0
DA:17,0
DA:20,0
DA:47,1
LF:4
LH:1
BRF:0
BRH:0
end_of_record
TN:
SF:/Users/briannadelvalle/mod4/Trex/src/Components/Disclaimer/Disclaimer.js
FN:10,(anonymous_0)
FNF:1
FNH:0
FNDA:0,(anonymous_0)
DA:10,1
DA:11,0
DA:26,1
LF:3
LH:2
BRF:0
BRH:0
end_of_record
TN:
SF:/Users/briannadelvalle/mod4/Trex/src/Components/FollowerDashboard/FollowerDashboard.js
FN:15,(anonymous_0)
FN:21,(anonymous_1)
FNF:2
FNH:0
FNDA:0,(anonymous_0)
FNDA:0,(anonymous_1)
DA:16,0
DA:17,0
DA:22,0
DA:23,0
DA:35,1
LF:5
LH:1
BRF:0
BRH:0
end_of_record
TN:
SF:/Users/briannadelvalle/mod4/Trex/src/Components/FollowerFooter/FollowerFooter.js
FN:5,(anonymous_0)
FN:9,(anonymous_1)
FN:13,(anonymous_2)
FN:18,(anonymous_3)
FN:23,(anonymous_4)
FNF:5
FNH:0
FNDA:0,(anonymous_0)
FNDA:0,(anonymous_1)
FNDA:0,(anonymous_2)
FNDA:0,(anonymous_3)
FNDA:0,(anonymous_4)
DA:6,0
DA:10,0
DA:13,0
DA:18,0
DA:23,0
DA:32,6
LF:6
LH:1
BRF:0
BRH:0
end_of_record
TN:
SF:/Users/briannadelvalle/mod4/Trex/src/Components/FollowerForm/FollowerForm.js
FN:15,(anonymous_0)
FN:28,(anonymous_1)
FN:50,(anonymous_2)
FN:59,(anonymous_3)
FN:79,(anonymous_4)
FN:91,(anonymous_5)
FN:103,(anonymous_6)
FNF:7
FNH:0
FNDA:0,(anonymous_0)
FNDA:0,(anonymous_1)
FNDA:0,(anonymous_2)
FNDA:0,(anonymous_3)
FNDA:0,(anonymous_4)
FNDA:0,(anonymous_5)
FNDA:0,(anonymous_6)
DA:16,0
DA:17,0
DA:28,0
DA:34,0
DA:36,0
DA:42,0
DA:43,0
DA:45,0
DA:46,0
DA:50,0
DA:52,0
DA:53,0
DA:60,0
DA:61,0
DA:79,0
DA:91,0
DA:104,0
DA:122,1
LF:18
LH:1
BRDA:36,0,0,0
BRDA:36,0,1,0
BRDA:37,1,0,0
BRDA:37,1,1,0
BRDA:37,1,2,0
BRDA:37,1,3,0
BRDA:53,2,0,0
BRDA:53,2,1,0
BRDA:108,3,0,0
BRDA:108,3,1,0
BRF:10
BRH:0
end_of_record
TN:
SF:/Users/briannadelvalle/mod4/Trex/src/Components/FollowerHeader/FollowerHeader.js
FN:11,(anonymous_0)
FN:15,(anonymous_1)
FNF:2
FNH:0
FNDA:0,(anonymous_0)
FNDA:0,(anonymous_1)
DA:12,0
DA:16,0
DA:25,6
LF:3
LH:1
BRF:0
BRH:0
end_of_record
TN:
SF:/Users/briannadelvalle/mod4/Trex/src/Components/Home/Home.js
FN:14,(anonymous_0)
FN:21,(anonymous_1)
FN:29,(anonymous_2)
FN:32,(anonymous_3)
FNF:4
FNH:0
FNDA:0,(anonymous_0)
FNDA:0,(anonymous_1)
FNDA:0,(anonymous_2)
FNDA:0,(anonymous_3)
DA:15,0
DA:16,0
DA:22,0
DA:23,0
DA:29,0
DA:32,0
DA:46,1
LF:7
LH:1
BRF:0
BRH:0
end_of_record
TN:
SF:/Users/briannadelvalle/mod4/Trex/src/Components/Leg/Leg.js
FN:13,(anonymous_0)
FN:41,(anonymous_1)
FNF:2
FNH:0
FNDA:0,(anonymous_0)
FNDA:0,(anonymous_1)
DA:13,1
DA:14,0
DA:15,0
DA:16,0
DA:17,0
DA:18,0
DA:41,0
DA:52,1
LF:8
LH:2
BRF:0
BRH:0
end_of_record
TN:
SF:/Users/briannadelvalle/mod4/Trex/src/Components/LegForm/LegForm.js
FN:19,(anonymous_0)
FN:35,(anonymous_1)
FN:42,(anonymous_2)
FN:49,(anonymous_3)
FN:61,(anonymous_4)
FN:78,(anonymous_5)
FN:97,(anonymous_6)
FN:116,(anonymous_7)
FN:137,(anonymous_8)
FN:146,(anonymous_9)
FN:200,(anonymous_10)
FN:235,(anonymous_11)
FN:239,(anonymous_12)
FN:242,(anonymous_13)
FNF:14
FNH:0
FNDA:0,(anonymous_0)
FNDA:0,(anonymous_1)
FNDA:0,(anonymous_2)
FNDA:0,(anonymous_3)
FNDA:0,(anonymous_4)
FNDA:0,(anonymous_5)
FNDA:0,(anonymous_6)
FNDA:0,(anonymous_7)
FNDA:0,(anonymous_8)
FNDA:0,(anonymous_9)
FNDA:0,(anonymous_10)
FNDA:0,(anonymous_11)
FNDA:0,(anonymous_12)
FNDA:0,(anonymous_13)
DA:20,0
DA:22,0
DA:36,0
DA:39,0
DA:43,0
DA:46,0
DA:49,0
DA:50,0
DA:51,0
DA:52,0
DA:61,0
DA:62,0
DA:64,0
DA:70,0
DA:71,0
DA:73,0
DA:74,0
DA:78,0
DA:82,0
DA:83,0
DA:84,0
DA:85,0
DA:86,0
DA:90,0
DA:91,0
DA:97,0
DA:98,0
DA:99,0
DA:107,0
DA:108,0
DA:109,0
DA:112,0
DA:116,0
DA:117,0
DA:118,0
DA:120,0
DA:128,0
DA:129,0
DA:130,0
DA:133,0
DA:137,0
DA:138,0
DA:139,0
DA:140,0
DA:142,0
DA:147,0
DA:148,0
DA:149,0
DA:150,0
DA:200,0
DA:235,0
DA:239,0
DA:242,0
DA:262,1
LF:54
LH:1
BRDA:28,0,0,0
BRDA:28,0,1,0
BRDA:50,1,0,0
BRDA:50,1,1,0
BRDA:64,2,0,0
BRDA:64,2,1,0
BRDA:65,3,0,0
BRDA:65,3,1,0
BRDA:65,3,2,0
BRDA:65,3,3,0
BRDA:82,4,0,0
BRDA:82,4,1,0
BRDA:84,5,0,0
BRDA:84,5,1,0
BRDA:157,6,0,0
BRDA:157,6,1,0
BRDA:158,7,0,0
BRDA:158,7,1,0
BRDA:248,8,0,0
BRDA:248,8,1,0
BRF:20
BRH:0
end_of_record
TN:
SF:/Users/briannadelvalle/mod4/Trex/src/Components/Map/Map.js
FN:15,(anonymous_0)
FN:24,(anonymous_1)
FN:26,(anonymous_2)
FN:29,(anonymous_3)
FN:34,(anonymous_4)
FNF:5
FNH:0
FNDA:0,(anonymous_0)
FNDA:0,(anonymous_1)
FNDA:0,(anonymous_2)
FNDA:0,(anonymous_3)
FNDA:0,(anonymous_4)
DA:16,0
DA:17,0
DA:24,0
DA:25,0
DA:27,0
DA:29,0
DA:37,0
DA:59,2
LF:8
LH:1
BRDA:39,0,0,0
BRDA:39,0,1,0
BRF:2
BRH:0
end_of_record
TN:
SF:/Users/briannadelvalle/mod4/Trex/src/Components/MapInput/MapInputFirst.js
FN:9,(anonymous_0)
FN:12,(anonymous_1)
FN:23,(anonymous_2)
FN:26,(anonymous_3)
FN:29,(anonymous_4)
FNF:5
FNH:0
FNDA:0,(anonymous_0)
FNDA:0,(anonymous_1)
FNDA:0,(anonymous_2)
FNDA:0,(anonymous_3)
FNDA:0,(anonymous_4)
DA:10,0
DA:13,0
DA:24,0
DA:27,0
DA:30,0
LF:5
LH:0
BRDA:24,0,0,0
BRDA:24,0,1,0
BRDA:24,0,2,0
BRDA:26,1,0,0
BRF:4
BRH:0
end_of_record
TN:
SF:/Users/briannadelvalle/mod4/Trex/src/Components/MapInput/MapInputSecond.js
FN:9,(anonymous_0)
FN:12,(anonymous_1)
FN:23,(anonymous_2)
FN:26,(anonymous_3)
FN:29,(anonymous_4)
FNF:5
FNH:0
FNDA:0,(anonymous_0)
FNDA:0,(anonymous_1)
FNDA:0,(anonymous_2)
FNDA:0,(anonymous_3)
FNDA:0,(anonymous_4)
DA:10,0
DA:13,0
DA:24,0
DA:27,0
DA:30,0
LF:5
LH:0
BRDA:24,0,0,0
BRDA:24,0,1,0
BRDA:24,0,2,0
BRDA:26,1,0,0
BRF:4
BRH:0
end_of_record
TN:
SF:/Users/briannadelvalle/mod4/Trex/src/Components/MessageHistory/MessageHistory.js
FN:15,(anonymous_0)
FN:21,(anonymous_1)
FNF:2
FNH:0
FNDA:0,(anonymous_0)
FNDA:0,(anonymous_1)
DA:16,0
DA:17,0
DA:22,0
DA:23,0
DA:35,1
LF:5
LH:1
BRF:0
BRH:0
end_of_record
TN:
SF:/Users/briannadelvalle/mod4/Trex/src/Components/MyFollowers/MyFollowers.js
FN:12,MyFollowers
FN:26,(anonymous_1)
FNF:2
FNH:0
FNDA:0,MyFollowers
FNDA:0,(anonymous_1)
DA:14,0
DA:17,0
DA:26,0
DA:34,1
LF:4
LH:1
BRF:0
BRH:0
end_of_record
TN:
SF:/Users/briannadelvalle/mod4/Trex/src/Components/MyTrips/MyTrips.js
FN:16,(anonymous_0)
FN:26,(anonymous_1)
FN:28,(anonymous_2)
FN:31,(anonymous_3)
FN:38,(anonymous_4)
FN:49,(anonymous_5)
FN:55,(anonymous_6)
FN:72,(anonymous_7)
FNF:8
FNH:6
FNDA:2,(anonymous_0)
FNDA:1,(anonymous_1)
FNDA:2,(anonymous_2)
FNDA:0,(anonymous_3)
FNDA:2,(anonymous_4)
FNDA:1,(anonymous_5)
FNDA:3,(anonymous_6)
FNDA:0,(anonymous_7)
DA:17,2
DA:18,2
DA:26,2
DA:27,1
DA:28,1
DA:29,2
DA:31,0
DA:38,2
DA:39,2
DA:40,2
DA:41,0
DA:44,0
DA:49,2
DA:50,1
DA:51,0
DA:56,3
DA:57,3
DA:59,3
DA:72,0
DA:85,1
LF:20
LH:15
BRDA:50,0,0,0
BRDA:50,0,1,1
BRDA:67,1,0,3
BRDA:67,1,1,1
BRDA:68,2,0,3
BRDA:68,2,1,0
BRDA:69,3,0,3
BRDA:69,3,1,2
BRDA:69,3,2,2
BRF:9
BRH:7
end_of_record
TN:
SF:/Users/briannadelvalle/mod4/Trex/src/Components/MyWanderersTrips/MyWanderersTrips.js
FN:15,(anonymous_0)
FN:21,(anonymous_1)
FNF:2
FNH:0
FNDA:0,(anonymous_0)
FNDA:0,(anonymous_1)
DA:16,0
DA:17,0
DA:22,0
DA:23,0
DA:35,1
LF:5
LH:1
BRF:0
BRH:0
end_of_record
TN:
SF:/Users/briannadelvalle/mod4/Trex/src/Components/SafetyInfo/SafetyInfo.js
FN:12,SafetyInfo
FNF:1
FNH:0
FNDA:0,SafetyInfo
DA:14,0
DA:17,0
DA:28,1
LF:3
LH:1
BRF:0
BRH:0
end_of_record
TN:
SF:/Users/briannadelvalle/mod4/Trex/src/Components/TravelCompanionsContacts/TravelCompanionsContacts.js
FN:15,(anonymous_0)
FN:21,(anonymous_1)
FNF:2
FNH:0
FNDA:0,(anonymous_0)
FNDA:0,(anonymous_1)
DA:16,0
DA:17,0
DA:22,0
DA:23,0
DA:35,1
LF:5
LH:1
BRF:0
BRH:0
end_of_record
TN:
SF:/Users/briannadelvalle/mod4/Trex/src/Components/WandererDashboard/WandererDashboard.js
FN:16,(anonymous_0)
FNF:1
FNH:0
FNDA:0,(anonymous_0)
DA:17,0
DA:19,0
DA:33,1
LF:3
LH:1
BRF:0
BRH:0
end_of_record
TN:
SF:/Users/briannadelvalle/mod4/Trex/src/Components/WandererFooter/WandererFooter.js
FN:11,(anonymous_0)
FN:15,(anonymous_1)
FN:22,(anonymous_2)
FN:27,(anonymous_3)
FN:33,(anonymous_4)
FNF:5
FNH:0
FNDA:0,(anonymous_0)
FNDA:0,(anonymous_1)
FNDA:0,(anonymous_2)
FNDA:0,(anonymous_3)
FNDA:0,(anonymous_4)
DA:12,0
DA:18,0
DA:22,0
DA:27,0
DA:33,0
DA:43,12
LF:6
LH:1
BRF:0
BRH:0
end_of_record
TN:
SF:/Users/briannadelvalle/mod4/Trex/src/Components/WandererHeader/WandererHeader.js
FN:11,(anonymous_0)
FN:15,(anonymous_1)
FNF:2
FNH:0
FNDA:0,(anonymous_0)
FNDA:0,(anonymous_1)
DA:12,0
DA:16,0
DA:25,12
LF:3
LH:1
BRF:0
BRH:0
end_of_record
TN:
SF:/Users/briannadelvalle/mod4/Trex/src/Components/Weather/Weather.js
FN:12,(anonymous_0)
FN:18,(anonymous_1)
FNF:2
FNH:0
FNDA:0,(anonymous_0)
FNDA:0,(anonymous_1)
DA:13,0
DA:14,0
DA:19,0
DA:25,2
LF:4
LH:1
BRF:0
BRH:0
end_of_record
TN:
SF:/Users/briannadelvalle/mod4/Trex/src/util/apiCalls.js
FN:1,(anonymous_0)
FN:28,(anonymous_1)
FN:55,(anonymous_2)
FN:85,(anonymous_3)
FN:115,(anonymous_4)
FN:145,(anonymous_5)
FN:174,(anonymous_6)
FN:205,(anonymous_7)
FNF:8
FNH:8
FNDA:4,(anonymous_0)
FNDA:6,(anonymous_1)
FNDA:4,(anonymous_2)
FNDA:4,(anonymous_3)
FNDA:4,(anonymous_4)
FNDA:4,(anonymous_5)
FNDA:4,(anonymous_6)
FNDA:4,(anonymous_7)
DA:1,3
DA:2,4
DA:9,4
DA:10,4
DA:12,4
DA:13,4
DA:14,3
DA:15,1
DA:18,2
DA:19,2
DA:20,2
DA:23,2
DA:28,3
DA:29,6
DA:36,6
DA:38,6
DA:40,6
DA:41,6
DA:42,3
DA:43,1
DA:46,2
DA:47,2
DA:48,2
DA:51,4
DA:55,3
DA:57,4
DA:63,4
DA:65,4
DA:67,4
DA:69,4
DA:70,4
DA:71,3
DA:72,1
DA:75,2
DA:76,2
DA:79,2
DA:85,3
DA:86,4
DA:92,4
DA:94,4
DA:96,4
DA:98,4
DA:99,4
DA:101,3
DA:102,1
DA:105,2
DA:106,2
DA:109,2
DA:115,3
DA:117,4
DA:124,4
DA:126,4
DA:128,4
DA:129,4
DA:131,3
DA:132,1
DA:135,2
DA:136,2
DA:139,2
DA:145,3
DA:147,4
DA:153,4
DA:155,4
DA:157,4
DA:159,4
DA:160,4
DA:161,3
DA:162,1
DA:165,2
DA:166,2
DA:169,2
DA:174,3
DA:176,4
DA:183,4
DA:185,4
DA:187,4
DA:189,4
DA:190,4
DA:191,3
DA:192,1
DA:194,2
DA:195,2
DA:198,2
DA:205,3
DA:207,4
DA:214,4
DA:216,4
DA:218,4
DA:219,4
DA:221,3
DA:222,1
DA:225,2
DA:226,2
DA:229,2
LF:94
LH:94
BRDA:14,0,0,1
BRDA:14,0,1,2
BRDA:42,1,0,1
BRDA:42,1,1,2
BRDA:71,2,0,1
BRDA:71,2,1,2
BRDA:101,3,0,1
BRDA:101,3,1,2
BRDA:131,4,0,1
BRDA:131,4,1,2
BRDA:161,5,0,1
BRDA:161,5,1,2
BRDA:191,6,0,1
BRDA:191,6,1,2
BRDA:221,7,0,1
BRDA:221,7,1,2
BRF:16
BRH:16
end_of_record
